<?xml version="1.0" encoding="UTF-8"?>
<coverage generated="1778837676350" clover="3.2.0">
  <project timestamp="1778837676350" name="All files">
    <metrics statements="1957" coveredstatements="1340" conditionals="347" coveredconditionals="256" methods="73" coveredmethods="27" elements="2377" coveredelements="1623" complexity="0" loc="1957" ncloc="1957" packages="4" files="14" classes="14"/>
    <package name="src">
      <metrics statements="273" coveredstatements="0" conditionals="3" coveredconditionals="0" methods="3" coveredmethods="0"/>
      <file name="App.tsx" path="/home/vika/study/EnergoBoard/frontend/src/App.tsx">
        <metrics statements="241" coveredstatements="0" conditionals="1" coveredconditionals="0" methods="1" coveredmethods="0"/>
        <line num="1" count="0" type="cond" truecount="0" falsecount="1"/>
        <line num="25" count="0" type="stmt"/>
        <line num="26" count="0" type="stmt"/>
        <line num="27" count="0" type="stmt"/>
        <line num="28" count="0" type="stmt"/>
        <line num="29" count="0" type="stmt"/>
        <line num="30" count="0" type="stmt"/>
        <line num="31" count="0" type="stmt"/>
        <line num="32" count="0" type="stmt"/>
        <line num="33" count="0" type="stmt"/>
        <line num="34" count="0" type="stmt"/>
        <line num="35" count="0" type="stmt"/>
        <line num="36" count="0" type="stmt"/>
        <line num="37" count="0" type="stmt"/>
        <line num="38" count="0" type="stmt"/>
        <line num="39" count="0" type="stmt"/>
        <line num="40" count="0" type="stmt"/>
        <line num="42" count="0" type="stmt"/>
        <line num="43" count="0" type="stmt"/>
        <line num="44" count="0" type="stmt"/>
        <line num="45" count="0" type="stmt"/>
        <line num="46" count="0" type="stmt"/>
        <line num="47" count="0" type="stmt"/>
        <line num="48" count="0" type="stmt"/>
        <line num="49" count="0" type="stmt"/>
        <line num="50" count="0" type="stmt"/>
        <line num="51" count="0" type="stmt"/>
        <line num="52" count="0" type="stmt"/>
        <line num="54" count="0" type="stmt"/>
        <line num="55" count="0" type="stmt"/>
        <line num="56" count="0" type="stmt"/>
        <line num="57" count="0" type="stmt"/>
        <line num="58" count="0" type="stmt"/>
        <line num="59" count="0" type="stmt"/>
        <line num="60" count="0" type="stmt"/>
        <line num="61" count="0" type="stmt"/>
        <line num="63" count="0" type="stmt"/>
        <line num="64" count="0" type="stmt"/>
        <line num="65" count="0" type="stmt"/>
        <line num="66" count="0" type="stmt"/>
        <line num="67" count="0" type="stmt"/>
        <line num="68" count="0" type="stmt"/>
        <line num="70" count="0" type="stmt"/>
        <line num="72" count="0" type="stmt"/>
        <line num="73" count="0" type="stmt"/>
        <line num="74" count="0" type="stmt"/>
        <line num="75" count="0" type="stmt"/>
        <line num="76" count="0" type="stmt"/>
        <line num="77" count="0" type="stmt"/>
        <line num="78" count="0" type="stmt"/>
        <line num="79" count="0" type="stmt"/>
        <line num="80" count="0" type="stmt"/>
        <line num="82" count="0" type="stmt"/>
        <line num="83" count="0" type="stmt"/>
        <line num="84" count="0" type="stmt"/>
        <line num="85" count="0" type="stmt"/>
        <line num="86" count="0" type="stmt"/>
        <line num="88" count="0" type="stmt"/>
        <line num="89" count="0" type="stmt"/>
        <line num="90" count="0" type="stmt"/>
        <line num="91" count="0" type="stmt"/>
        <line num="92" count="0" type="stmt"/>
        <line num="93" count="0" type="stmt"/>
        <line num="94" count="0" type="stmt"/>
        <line num="95" count="0" type="stmt"/>
        <line num="96" count="0" type="stmt"/>
        <line num="97" count="0" type="stmt"/>
        <line num="98" count="0" type="stmt"/>
        <line num="99" count="0" type="stmt"/>
        <line num="100" count="0" type="stmt"/>
        <line num="101" count="0" type="stmt"/>
        <line num="102" count="0" type="stmt"/>
        <line num="103" count="0" type="stmt"/>
        <line num="104" count="0" type="stmt"/>
        <line num="105" count="0" type="stmt"/>
        <line num="106" count="0" type="stmt"/>
        <line num="107" count="0" type="stmt"/>
        <line num="108" count="0" type="stmt"/>
        <line num="109" count="0" type="stmt"/>
        <line num="111" count="0" type="stmt"/>
        <line num="112" count="0" type="stmt"/>
        <line num="114" count="0" type="stmt"/>
        <line num="115" count="0" type="stmt"/>
        <line num="116" count="0" type="stmt"/>
        <line num="117" count="0" type="stmt"/>
        <line num="118" count="0" type="stmt"/>
        <line num="119" count="0" type="stmt"/>
        <line num="120" count="0" type="stmt"/>
        <line num="121" count="0" type="stmt"/>
        <line num="122" count="0" type="stmt"/>
        <line num="123" count="0" type="stmt"/>
        <line num="124" count="0" type="stmt"/>
        <line num="125" count="0" type="stmt"/>
        <line num="126" count="0" type="stmt"/>
        <line num="127" count="0" type="stmt"/>
        <line num="129" count="0" type="stmt"/>
        <line num="130" count="0" type="stmt"/>
        <line num="131" count="0" type="stmt"/>
        <line num="132" count="0" type="stmt"/>
        <line num="133" count="0" type="stmt"/>
        <line num="134" count="0" type="stmt"/>
        <line num="135" count="0" type="stmt"/>
        <line num="136" count="0" type="stmt"/>
        <line num="138" count="0" type="stmt"/>
        <line num="139" count="0" type="stmt"/>
        <line num="140" count="0" type="stmt"/>
        <line num="142" count="0" type="stmt"/>
        <line num="143" count="0" type="stmt"/>
        <line num="144" count="0" type="stmt"/>
        <line num="145" count="0" type="stmt"/>
        <line num="146" count="0" type="stmt"/>
        <line num="147" count="0" type="stmt"/>
        <line num="148" count="0" type="stmt"/>
        <line num="149" count="0" type="stmt"/>
        <line num="150" count="0" type="stmt"/>
        <line num="151" count="0" type="stmt"/>
        <line num="153" count="0" type="stmt"/>
        <line num="154" count="0" type="stmt"/>
        <line num="155" count="0" type="stmt"/>
        <line num="156" count="0" type="stmt"/>
        <line num="157" count="0" type="stmt"/>
        <line num="158" count="0" type="stmt"/>
        <line num="159" count="0" type="stmt"/>
        <line num="161" count="0" type="stmt"/>
        <line num="162" count="0" type="stmt"/>
        <line num="163" count="0" type="stmt"/>
        <line num="164" count="0" type="stmt"/>
        <line num="166" count="0" type="stmt"/>
        <line num="167" count="0" type="stmt"/>
        <line num="168" count="0" type="stmt"/>
        <line num="169" count="0" type="stmt"/>
        <line num="170" count="0" type="stmt"/>
        <line num="171" count="0" type="stmt"/>
        <line num="172" count="0" type="stmt"/>
        <line num="173" count="0" type="stmt"/>
        <line num="174" count="0" type="stmt"/>
        <line num="175" count="0" type="stmt"/>
        <line num="176" count="0" type="stmt"/>
        <line num="177" count="0" type="stmt"/>
        <line num="179" count="0" type="stmt"/>
        <line num="180" count="0" type="stmt"/>
        <line num="181" count="0" type="stmt"/>
        <line num="183" count="0" type="stmt"/>
        <line num="184" count="0" type="stmt"/>
        <line num="185" count="0" type="stmt"/>
        <line num="186" count="0" type="stmt"/>
        <line num="187" count="0" type="stmt"/>
        <line num="188" count="0" type="stmt"/>
        <line num="189" count="0" type="stmt"/>
        <line num="190" count="0" type="stmt"/>
        <line num="191" count="0" type="stmt"/>
        <line num="192" count="0" type="stmt"/>
        <line num="193" count="0" type="stmt"/>
        <line num="194" count="0" type="stmt"/>
        <line num="195" count="0" type="stmt"/>
        <line num="196" count="0" type="stmt"/>
        <line num="197" count="0" type="stmt"/>
        <line num="199" count="0" type="stmt"/>
        <line num="200" count="0" type="stmt"/>
        <line num="201" count="0" type="stmt"/>
        <line num="202" count="0" type="stmt"/>
        <line num="203" count="0" type="stmt"/>
        <line num="204" count="0" type="stmt"/>
        <line num="205" count="0" type="stmt"/>
        <line num="206" count="0" type="stmt"/>
        <line num="207" count="0" type="stmt"/>
        <line num="208" count="0" type="stmt"/>
        <line num="209" count="0" type="stmt"/>
        <line num="210" count="0" type="stmt"/>
        <line num="211" count="0" type="stmt"/>
        <line num="212" count="0" type="stmt"/>
        <line num="213" count="0" type="stmt"/>
        <line num="214" count="0" type="stmt"/>
        <line num="215" count="0" type="stmt"/>
        <line num="216" count="0" type="stmt"/>
        <line num="217" count="0" type="stmt"/>
        <line num="219" count="0" type="stmt"/>
        <line num="222" count="0" type="stmt"/>
        <line num="223" count="0" type="stmt"/>
        <line num="224" count="0" type="stmt"/>
        <line num="225" count="0" type="stmt"/>
        <line num="226" count="0" type="stmt"/>
        <line num="227" count="0" type="stmt"/>
        <line num="228" count="0" type="stmt"/>
        <line num="229" count="0" type="stmt"/>
        <line num="230" count="0" type="stmt"/>
        <line num="231" count="0" type="stmt"/>
        <line num="232" count="0" type="stmt"/>
        <line num="233" count="0" type="stmt"/>
        <line num="234" count="0" type="stmt"/>
        <line num="235" count="0" type="stmt"/>
        <line num="237" count="0" type="stmt"/>
        <line num="240" count="0" type="stmt"/>
        <line num="241" count="0" type="stmt"/>
        <line num="242" count="0" type="stmt"/>
        <line num="243" count="0" type="stmt"/>
        <line num="244" count="0" type="stmt"/>
        <line num="245" count="0" type="stmt"/>
        <line num="246" count="0" type="stmt"/>
        <line num="247" count="0" type="stmt"/>
        <line num="248" count="0" type="stmt"/>
        <line num="249" count="0" type="stmt"/>
        <line num="250" count="0" type="stmt"/>
        <line num="251" count="0" type="stmt"/>
        <line num="252" count="0" type="stmt"/>
        <line num="254" count="0" type="stmt"/>
        <line num="257" count="0" type="stmt"/>
        <line num="258" count="0" type="stmt"/>
        <line num="259" count="0" type="stmt"/>
        <line num="260" count="0" type="stmt"/>
        <line num="261" count="0" type="stmt"/>
        <line num="262" count="0" type="stmt"/>
        <line num="263" count="0" type="stmt"/>
        <line num="264" count="0" type="stmt"/>
        <line num="265" count="0" type="stmt"/>
        <line num="266" count="0" type="stmt"/>
        <line num="267" count="0" type="stmt"/>
        <line num="268" count="0" type="stmt"/>
        <line num="269" count="0" type="stmt"/>
        <line num="271" count="0" type="stmt"/>
        <line num="274" count="0" type="stmt"/>
        <line num="275" count="0" type="stmt"/>
        <line num="276" count="0" type="stmt"/>
        <line num="277" count="0" type="stmt"/>
        <line num="278" count="0" type="stmt"/>
        <line num="279" count="0" type="stmt"/>
        <line num="281" count="0" type="stmt"/>
        <line num="284" count="0" type="stmt"/>
        <line num="285" count="0" type="stmt"/>
        <line num="286" count="0" type="stmt"/>
        <line num="287" count="0" type="stmt"/>
        <line num="288" count="0" type="stmt"/>
        <line num="289" count="0" type="stmt"/>
        <line num="290" count="0" type="stmt"/>
        <line num="292" count="0" type="stmt"/>
        <line num="294" count="0" type="stmt"/>
        <line num="295" count="0" type="stmt"/>
        <line num="296" count="0" type="stmt"/>
        <line num="297" count="0" type="stmt"/>
        <line num="298" count="0" type="stmt"/>
        <line num="300" count="0" type="stmt"/>
      </file>
      <file name="api.ts" path="/home/vika/study/EnergoBoard/frontend/src/api.ts">
        <metrics statements="23" coveredstatements="0" conditionals="1" coveredconditionals="0" methods="1" coveredmethods="0"/>
        <line num="1" count="0" type="cond" truecount="0" falsecount="1"/>
        <line num="3" count="0" type="stmt"/>
        <line num="4" count="0" type="stmt"/>
        <line num="5" count="0" type="stmt"/>
        <line num="7" count="0" type="stmt"/>
        <line num="8" count="0" type="stmt"/>
        <line num="9" count="0" type="stmt"/>
        <line num="10" count="0" type="stmt"/>
        <line num="11" count="0" type="stmt"/>
        <line num="12" count="0" type="stmt"/>
        <line num="13" count="0" type="stmt"/>
        <line num="14" count="0" type="stmt"/>
        <line num="16" count="0" type="stmt"/>
        <line num="17" count="0" type="stmt"/>
        <line num="18" count="0" type="stmt"/>
        <line num="19" count="0" type="stmt"/>
        <line num="20" count="0" type="stmt"/>
        <line num="21" count="0" type="stmt"/>
        <line num="22" count="0" type="stmt"/>
        <line num="23" count="0" type="stmt"/>
        <line num="24" count="0" type="stmt"/>
        <line num="25" count="0" type="stmt"/>
        <line num="27" count="0" type="stmt"/>
      </file>
      <file name="main.tsx" path="/home/vika/study/EnergoBoard/frontend/src/main.tsx">
        <metrics statements="9" coveredstatements="0" conditionals="1" coveredconditionals="0" methods="1" coveredmethods="0"/>
        <line num="1" count="0" type="cond" truecount="0" falsecount="1"/>
        <line num="2" count="0" type="stmt"/>
        <line num="3" count="0" type="stmt"/>
        <line num="4" count="0" type="stmt"/>
        <line num="6" count="0" type="stmt"/>
        <line num="7" count="0" type="stmt"/>
        <line num="8" count="0" type="stmt"/>
        <line num="9" count="0" type="stmt"/>
        <line num="10" count="0" type="stmt"/>
      </file>
    </package>
    <package name="src.components.ui">
      <metrics statements="44" coveredstatements="44" conditionals="16" coveredconditionals="13" methods="2" coveredmethods="2"/>
      <file name="PageHeader.tsx" path="/home/vika/study/EnergoBoard/frontend/src/components/ui/PageHeader.tsx">
        <metrics statements="22" coveredstatements="22" conditionals="7" coveredconditionals="7" methods="1" coveredmethods="1"/>
        <line num="1" count="1" type="stmt"/>
        <line num="15" count="1" type="cond" truecount="1" falsecount="0"/>
        <line num="16" count="964" type="stmt"/>
        <line num="17" count="964" type="stmt"/>
        <line num="18" count="964" type="stmt"/>
        <line num="19" count="964" type="stmt"/>
        <line num="20" count="964" type="stmt"/>
        <line num="21" count="964" type="stmt"/>
        <line num="22" count="964" type="stmt"/>
        <line num="23" count="964" type="stmt"/>
        <line num="24" count="964" type="cond" truecount="2" falsecount="0"/>
        <line num="25" count="964" type="stmt"/>
        <line num="26" count="964" type="cond" truecount="2" falsecount="0"/>
        <line num="27" count="964" type="stmt"/>
        <line num="28" count="964" type="cond" truecount="1" falsecount="0"/>
        <line num="29" count="964" type="stmt"/>
        <line num="30" count="964" type="stmt"/>
        <line num="31" count="964" type="stmt"/>
        <line num="32" count="964" type="stmt"/>
        <line num="33" count="964" type="cond" truecount="1" falsecount="0"/>
        <line num="34" count="964" type="stmt"/>
        <line num="36" count="964" type="stmt"/>
      </file>
      <file name="Surface.tsx" path="/home/vika/study/EnergoBoard/frontend/src/components/ui/Surface.tsx">
        <metrics statements="21" coveredstatements="21" conditionals="9" coveredconditionals="6" methods="1" coveredmethods="1"/>
        <line num="1" count="1" type="stmt"/>
        <line num="16" count="1" type="cond" truecount="1" falsecount="0"/>
        <line num="17" count="952" type="stmt"/>
        <line num="18" count="952" type="stmt"/>
        <line num="19" count="952" type="stmt"/>
        <line num="20" count="952" type="stmt"/>
        <line num="21" count="952" type="stmt"/>
        <line num="22" count="952" type="stmt"/>
        <line num="23" count="952" type="stmt"/>
        <line num="24" count="952" type="cond" truecount="1" falsecount="0"/>
        <line num="25" count="952" type="stmt"/>
        <line num="26" count="952" type="stmt"/>
        <line num="27" count="952" type="cond" truecount="1" falsecount="1"/>
        <line num="28" count="952" type="cond" truecount="1" falsecount="1"/>
        <line num="29" count="952" type="cond" truecount="1" falsecount="1"/>
        <line num="30" count="952" type="cond" truecount="1" falsecount="0"/>
        <line num="31" count="952" type="stmt"/>
        <line num="32" count="952" type="stmt"/>
        <line num="33" count="952" type="stmt"/>
        <line num="35" count="952" type="stmt"/>
        <line num="36" count="952" type="stmt"/>
      </file>
      <file name="index.ts" path="/home/vika/study/EnergoBoard/frontend/src/components/ui/index.ts">
        <metrics statements="1" coveredstatements="1" conditionals="0" coveredconditionals="0" methods="0" coveredmethods="0"/>
        <line num="1" count="1" type="stmt"/>
      </file>
    </package>
    <package name="src.hooks">
      <metrics statements="16" coveredstatements="16" conditionals="6" coveredconditionals="4" methods="2" coveredmethods="1"/>
      <file name="useMediaQuery.ts" path="/home/vika/study/EnergoBoard/frontend/src/hooks/useMediaQuery.ts">
        <metrics statements="16" coveredstatements="16" conditionals="6" coveredconditionals="4" methods="2" coveredmethods="1"/>
        <line num="1" count="1" type="stmt"/>
        <line num="3" count="1" type="cond" truecount="1" falsecount="0"/>
        <line num="4" count="63" type="cond" truecount="1" falsecount="0"/>
        <line num="5" count="20" type="cond" truecount="0" falsecount="1"/>
        <line num="6" count="20" type="stmt"/>
        <line num="7" count="63" type="stmt"/>
        <line num="9" count="63" type="cond" truecount="1" falsecount="0"/>
        <line num="10" count="20" type="cond" truecount="0" falsecount="1"/>
        <line num="11" count="20" type="stmt"/>
        <line num="12" count="20" type="stmt"/>
        <line num="13" count="20" type="stmt"/>
        <line num="14" count="20" type="stmt"/>
        <line num="15" count="20" type="cond" truecount="1" falsecount="0"/>
        <line num="16" count="63" type="stmt"/>
        <line num="18" count="63" type="stmt"/>
        <line num="19" count="63" type="stmt"/>
      </file>
    </package>
    <package name="src.pages">
      <metrics statements="1624" coveredstatements="1280" conditionals="322" coveredconditionals="239" methods="66" coveredmethods="24"/>
      <file name="AnalyticsPage.tsx" path="/home/vika/study/EnergoBoard/frontend/src/pages/AnalyticsPage.tsx">
        <metrics statements="539" coveredstatements="386" conditionals="101" coveredconditionals="74" methods="15" coveredmethods="2"/>
        <line num="1" count="1" type="stmt"/>
        <line num="59" count="1" type="stmt"/>
        <line num="61" count="1" type="stmt"/>
        <line num="62" count="1" type="stmt"/>
        <line num="63" count="1" type="stmt"/>
        <line num="64" count="1" type="stmt"/>
        <line num="65" count="1" type="stmt"/>
        <line num="66" count="1" type="stmt"/>
        <line num="67" count="1" type="stmt"/>
        <line num="69" count="1" type="stmt"/>
        <line num="70" count="1" type="stmt"/>
        <line num="71" count="1" type="stmt"/>
        <line num="72" count="1" type="stmt"/>
        <line num="73" count="1" type="stmt"/>
        <line num="74" count="1" type="stmt"/>
        <line num="76" count="1" type="stmt"/>
        <line num="77" count="1" type="cond" truecount="1" falsecount="0"/>
        <line num="78" count="1" type="stmt"/>
        <line num="80" count="1" type="cond" truecount="1" falsecount="0"/>
        <line num="81" count="20" type="stmt"/>
        <line num="82" count="20" type="stmt"/>
        <line num="83" count="20" type="stmt"/>
        <line num="84" count="20" type="stmt"/>
        <line num="85" count="20" type="stmt"/>
        <line num="86" count="20" type="stmt"/>
        <line num="87" count="20" type="stmt"/>
        <line num="88" count="20" type="stmt"/>
        <line num="89" count="20" type="stmt"/>
        <line num="90" count="20" type="stmt"/>
        <line num="92" count="1" type="cond" truecount="1" falsecount="0"/>
        <line num="93" count="64" type="stmt"/>
        <line num="94" count="64" type="stmt"/>
        <line num="95" count="64" type="stmt"/>
        <line num="96" count="64" type="stmt"/>
        <line num="97" count="64" type="stmt"/>
        <line num="98" count="64" type="stmt"/>
        <line num="99" count="64" type="stmt"/>
        <line num="100" count="64" type="stmt"/>
        <line num="101" count="64" type="stmt"/>
        <line num="102" count="64" type="stmt"/>
        <line num="103" count="64" type="stmt"/>
        <line num="104" count="64" type="stmt"/>
        <line num="105" count="64" type="stmt"/>
        <line num="107" count="64" type="cond" truecount="1" falsecount="0"/>
        <line num="108" count="20" type="cond" truecount="2" falsecount="0"/>
        <line num="109" count="15" type="stmt"/>
        <line num="110" count="15" type="stmt"/>
        <line num="111" count="64" type="stmt"/>
        <line num="113" count="64" type="cond" truecount="1" falsecount="0"/>
        <line num="114" count="20" type="stmt"/>
        <line num="115" count="20" type="cond" truecount="0" falsecount="1"/>
        <line num="116" count="0" type="stmt"/>
        <line num="117" count="0" type="stmt"/>
        <line num="118" count="0" type="stmt"/>
        <line num="119" count="0" type="stmt"/>
        <line num="120" count="0" type="stmt"/>
        <line num="121" count="0" type="stmt"/>
        <line num="122" count="64" type="stmt"/>
        <line num="124" count="64" type="cond" truecount="1" falsecount="0"/>
        <line num="125" count="20" type="stmt"/>
        <line num="126" count="64" type="stmt"/>
        <line num="128" count="64" type="cond" truecount="1" falsecount="0"/>
        <line num="129" count="35" type="cond" truecount="2" falsecount="0"/>
        <line num="130" count="15" type="stmt"/>
        <line num="131" count="15" type="stmt"/>
        <line num="132" count="15" type="stmt"/>
        <line num="133" count="15" type="stmt"/>
        <line num="134" count="15" type="stmt"/>
        <line num="135" count="15" type="stmt"/>
        <line num="136" count="15" type="stmt"/>
        <line num="137" count="35" type="stmt"/>
        <line num="138" count="35" type="stmt"/>
        <line num="139" count="35" type="stmt"/>
        <line num="140" count="35" type="cond" truecount="1" falsecount="0"/>
        <line num="141" count="35" type="stmt"/>
        <line num="142" count="35" type="cond" truecount="1" falsecount="0"/>
        <line num="143" count="64" type="stmt"/>
        <line num="145" count="64" type="cond" truecount="1" falsecount="0"/>
        <line num="146" count="20" type="stmt"/>
        <line num="147" count="0" type="stmt"/>
        <line num="148" count="0" type="stmt"/>
        <line num="149" count="0" type="stmt"/>
        <line num="150" count="0" type="stmt"/>
        <line num="151" count="0" type="stmt"/>
        <line num="152" count="0" type="stmt"/>
        <line num="153" count="0" type="stmt"/>
        <line num="154" count="0" type="stmt"/>
        <line num="155" count="0" type="stmt"/>
        <line num="156" count="0" type="stmt"/>
        <line num="157" count="0" type="stmt"/>
        <line num="158" count="0" type="stmt"/>
        <line num="159" count="0" type="stmt"/>
        <line num="160" count="0" type="stmt"/>
        <line num="161" count="0" type="stmt"/>
        <line num="162" count="20" type="stmt"/>
        <line num="163" count="64" type="stmt"/>
        <line num="165" count="64" type="cond" truecount="1" falsecount="0"/>
        <line num="166" count="20" type="stmt"/>
        <line num="167" count="64" type="stmt"/>
        <line num="169" count="64" type="stmt"/>
        <line num="170" count="0" type="stmt"/>
        <line num="171" count="0" type="stmt"/>
        <line num="173" count="64" type="stmt"/>
        <line num="174" count="0" type="stmt"/>
        <line num="175" count="0" type="stmt"/>
        <line num="176" count="0" type="stmt"/>
        <line num="178" count="64" type="stmt"/>
        <line num="179" count="0" type="stmt"/>
        <line num="180" count="0" type="stmt"/>
        <line num="181" count="0" type="stmt"/>
        <line num="182" count="0" type="stmt"/>
        <line num="183" count="0" type="stmt"/>
        <line num="184" count="0" type="stmt"/>
        <line num="185" count="0" type="stmt"/>
        <line num="186" count="0" type="stmt"/>
        <line num="187" count="0" type="stmt"/>
        <line num="188" count="0" type="stmt"/>
        <line num="189" count="0" type="stmt"/>
        <line num="190" count="0" type="stmt"/>
        <line num="191" count="0" type="stmt"/>
        <line num="192" count="0" type="stmt"/>
        <line num="193" count="0" type="stmt"/>
        <line num="195" count="64" type="stmt"/>
        <line num="196" count="0" type="stmt"/>
        <line num="197" count="0" type="stmt"/>
        <line num="199" count="64" type="cond" truecount="2" falsecount="0"/>
        <line num="201" count="64" type="cond" truecount="2" falsecount="0"/>
        <line num="202" count="64" type="stmt"/>
        <line num="203" count="64" type="cond" truecount="1" falsecount="0"/>
        <line num="204" count="26" type="cond" truecount="5" falsecount="0"/>
        <line num="205" count="64" type="stmt"/>
        <line num="206" count="64" type="stmt"/>
        <line num="208" count="64" type="cond" truecount="1" falsecount="0"/>
        <line num="209" count="26" type="stmt"/>
        <line num="210" count="26" type="stmt"/>
        <line num="211" count="26" type="cond" truecount="1" falsecount="0"/>
        <line num="212" count="46" type="cond" truecount="0" falsecount="1"/>
        <line num="213" count="46" type="stmt"/>
        <line num="214" count="46" type="stmt"/>
        <line num="215" count="46" type="stmt"/>
        <line num="216" count="46" type="stmt"/>
        <line num="217" count="46" type="stmt"/>
        <line num="218" count="46" type="stmt"/>
        <line num="219" count="26" type="stmt"/>
        <line num="220" count="64" type="stmt"/>
        <line num="222" count="64" type="cond" truecount="1" falsecount="0"/>
        <line num="223" count="26" type="cond" truecount="1" falsecount="0"/>
        <line num="224" count="13" type="stmt"/>
        <line num="225" count="13" type="stmt"/>
        <line num="226" count="13" type="stmt"/>
        <line num="227" count="13" type="stmt"/>
        <line num="228" count="13" type="stmt"/>
        <line num="229" count="13" type="stmt"/>
        <line num="231" count="13" type="stmt"/>
        <line num="232" count="13" type="stmt"/>
        <line num="233" count="26" type="stmt"/>
        <line num="234" count="26" type="stmt"/>
        <line num="235" count="26" type="stmt"/>
        <line num="236" count="64" type="stmt"/>
        <line num="238" count="64" type="cond" truecount="1" falsecount="1"/>
        <line num="239" count="64" type="cond" truecount="1" falsecount="1"/>
        <line num="241" count="64" type="cond" truecount="1" falsecount="0"/>
        <line num="242" count="26" type="stmt"/>
        <line num="243" count="26" type="cond" truecount="3" falsecount="0"/>
        <line num="244" count="30" type="cond" truecount="1" falsecount="0"/>
        <line num="245" count="30" type="stmt"/>
        <line num="246" count="30" type="stmt"/>
        <line num="247" count="30" type="stmt"/>
        <line num="248" count="30" type="stmt"/>
        <line num="249" count="30" type="stmt"/>
        <line num="250" count="26" type="stmt"/>
        <line num="251" count="26" type="cond" truecount="2" falsecount="1"/>
        <line num="252" count="26" type="stmt"/>
        <line num="253" count="64" type="stmt"/>
        <line num="255" count="64" type="cond" truecount="1" falsecount="0"/>
        <line num="256" count="26" type="cond" truecount="1" falsecount="0"/>
        <line num="257" count="26" type="cond" truecount="0" falsecount="2"/>
        <line num="258" count="0" type="stmt"/>
        <line num="259" count="0" type="stmt"/>
        <line num="260" count="0" type="stmt"/>
        <line num="261" count="0" type="stmt"/>
        <line num="262" count="0" type="stmt"/>
        <line num="263" count="0" type="stmt"/>
        <line num="264" count="0" type="stmt"/>
        <line num="265" count="0" type="stmt"/>
        <line num="266" count="0" type="stmt"/>
        <line num="267" count="0" type="stmt"/>
        <line num="268" count="0" type="stmt"/>
        <line num="269" count="0" type="stmt"/>
        <line num="270" count="0" type="cond" truecount="1" falsecount="0"/>
        <line num="271" count="13" type="cond" truecount="1" falsecount="0"/>
        <line num="272" count="46" type="stmt"/>
        <line num="273" count="46" type="cond" truecount="0" falsecount="1"/>
        <line num="274" count="0" type="stmt"/>
        <line num="275" count="0" type="stmt"/>
        <line num="276" count="0" type="stmt"/>
        <line num="277" count="46" type="stmt"/>
        <line num="278" count="46" type="cond" truecount="0" falsecount="1"/>
        <line num="279" count="0" type="stmt"/>
        <line num="280" count="13" type="stmt"/>
        <line num="281" count="64" type="stmt"/>
        <line num="283" count="64" type="cond" truecount="1" falsecount="0"/>
        <line num="284" count="26" type="cond" truecount="3" falsecount="0"/>
        <line num="285" count="7" type="cond" truecount="3" falsecount="0"/>
        <line num="286" count="7" type="stmt"/>
        <line num="287" count="7" type="cond" truecount="1" falsecount="0"/>
        <line num="288" count="46" type="cond" truecount="2" falsecount="0"/>
        <line num="289" count="39" type="stmt"/>
        <line num="290" count="46" type="cond" truecount="0" falsecount="1"/>
        <line num="291" count="46" type="cond" truecount="2" falsecount="1"/>
        <line num="292" count="46" type="stmt"/>
        <line num="293" count="7" type="stmt"/>
        <line num="294" count="7" type="cond" truecount="1" falsecount="0"/>
        <line num="295" count="64" type="stmt"/>
        <line num="297" count="64" type="stmt"/>
        <line num="298" count="64" type="stmt"/>
        <line num="299" count="64" type="cond" truecount="1" falsecount="1"/>
        <line num="301" count="64" type="stmt"/>
        <line num="302" count="64" type="cond" truecount="1" falsecount="1"/>
        <line num="304" count="64" type="stmt"/>
        <line num="305" count="64" type="stmt"/>
        <line num="308" count="64" type="stmt"/>
        <line num="309" count="64" type="stmt"/>
        <line num="310" count="64" type="stmt"/>
        <line num="311" count="64" type="stmt"/>
        <line num="312" count="64" type="stmt"/>
        <line num="313" count="64" type="cond" truecount="1" falsecount="0"/>
        <line num="314" count="108" type="stmt"/>
        <line num="315" count="108" type="stmt"/>
        <line num="316" count="108" type="stmt"/>
        <line num="317" count="108" type="stmt"/>
        <line num="318" count="108" type="stmt"/>
        <line num="319" count="108" type="cond" truecount="2" falsecount="0"/>
        <line num="320" count="108" type="stmt"/>
        <line num="322" count="108" type="stmt"/>
        <line num="323" count="108" type="stmt"/>
        <line num="325" count="64" type="stmt"/>
        <line num="326" count="64" type="stmt"/>
        <line num="327" count="64" type="stmt"/>
        <line num="329" count="64" type="stmt"/>
        <line num="330" count="64" type="stmt"/>
        <line num="331" count="64" type="stmt"/>
        <line num="332" count="64" type="cond" truecount="1" falsecount="0"/>
        <line num="333" count="208" type="stmt"/>
        <line num="334" count="208" type="stmt"/>
        <line num="335" count="208" type="stmt"/>
        <line num="336" count="208" type="cond" truecount="2" falsecount="0"/>
        <line num="337" count="208" type="stmt"/>
        <line num="339" count="208" type="stmt"/>
        <line num="340" count="208" type="stmt"/>
        <line num="341" count="64" type="stmt"/>
        <line num="342" count="64" type="stmt"/>
        <line num="343" count="64" type="stmt"/>
        <line num="345" count="64" type="stmt"/>
        <line num="346" count="64" type="stmt"/>
        <line num="347" count="64" type="stmt"/>
        <line num="348" count="64" type="stmt"/>
        <line num="349" count="64" type="stmt"/>
        <line num="350" count="64" type="stmt"/>
        <line num="351" count="64" type="stmt"/>
        <line num="352" count="64" type="stmt"/>
        <line num="353" count="64" type="stmt"/>
        <line num="354" count="64" type="stmt"/>
        <line num="355" count="64" type="stmt"/>
        <line num="357" count="64" type="stmt"/>
        <line num="358" count="64" type="stmt"/>
        <line num="359" count="64" type="stmt"/>
        <line num="360" count="64" type="cond" truecount="1" falsecount="1"/>
        <line num="362" count="64" type="stmt"/>
        <line num="363" count="64" type="stmt"/>
        <line num="364" count="64" type="cond" truecount="1" falsecount="1"/>
        <line num="365" count="64" type="stmt"/>
        <line num="366" count="64" type="stmt"/>
        <line num="367" count="64" type="stmt"/>
        <line num="369" count="64" type="stmt"/>
        <line num="370" count="64" type="stmt"/>
        <line num="371" count="64" type="stmt"/>
        <line num="373" count="64" type="stmt"/>
        <line num="374" count="64" type="stmt"/>
        <line num="375" count="64" type="stmt"/>
        <line num="376" count="64" type="stmt"/>
        <line num="378" count="64" type="stmt"/>
        <line num="379" count="64" type="stmt"/>
        <line num="380" count="64" type="stmt"/>
        <line num="381" count="64" type="stmt"/>
        <line num="384" count="64" type="stmt"/>
        <line num="385" count="64" type="stmt"/>
        <line num="386" count="64" type="stmt"/>
        <line num="387" count="64" type="stmt"/>
        <line num="388" count="64" type="stmt"/>
        <line num="389" count="64" type="stmt"/>
        <line num="390" count="64" type="stmt"/>
        <line num="391" count="64" type="stmt"/>
        <line num="393" count="64" type="cond" truecount="1" falsecount="1"/>
        <line num="394" count="64" type="cond" truecount="1" falsecount="0"/>
        <line num="396" count="64" type="stmt"/>
        <line num="397" count="64" type="cond" truecount="0" falsecount="1"/>
        <line num="398" count="0" type="stmt"/>
        <line num="399" count="0" type="stmt"/>
        <line num="400" count="0" type="stmt"/>
        <line num="401" count="0" type="stmt"/>
        <line num="402" count="0" type="stmt"/>
        <line num="403" count="0" type="stmt"/>
        <line num="404" count="0" type="stmt"/>
        <line num="406" count="64" type="cond" truecount="0" falsecount="1"/>
        <line num="407" count="64" type="cond" truecount="1" falsecount="0"/>
        <line num="409" count="64" type="cond" truecount="1" falsecount="0"/>
        <line num="410" count="13" type="stmt"/>
        <line num="411" count="13" type="stmt"/>
        <line num="412" count="13" type="stmt"/>
        <line num="413" count="13" type="stmt"/>
        <line num="414" count="13" type="cond" truecount="1" falsecount="0"/>
        <line num="415" count="13" type="stmt"/>
        <line num="416" count="13" type="stmt"/>
        <line num="417" count="13" type="stmt"/>
        <line num="418" count="13" type="stmt"/>
        <line num="419" count="13" type="stmt"/>
        <line num="420" count="13" type="cond" truecount="1" falsecount="0"/>
        <line num="421" count="13" type="stmt"/>
        <line num="422" count="13" type="stmt"/>
        <line num="423" count="13" type="stmt"/>
        <line num="424" count="13" type="stmt"/>
        <line num="425" count="13" type="stmt"/>
        <line num="426" count="13" type="cond" truecount="1" falsecount="0"/>
        <line num="427" count="13" type="stmt"/>
        <line num="428" count="13" type="stmt"/>
        <line num="429" count="13" type="stmt"/>
        <line num="431" count="13" type="stmt"/>
        <line num="432" count="13" type="stmt"/>
        <line num="433" count="13" type="stmt"/>
        <line num="434" count="13" type="stmt"/>
        <line num="435" count="13" type="stmt"/>
        <line num="436" count="13" type="stmt"/>
        <line num="437" count="13" type="stmt"/>
        <line num="438" count="13" type="stmt"/>
        <line num="439" count="13" type="stmt"/>
        <line num="440" count="13" type="stmt"/>
        <line num="441" count="13" type="stmt"/>
        <line num="442" count="13" type="stmt"/>
        <line num="443" count="13" type="stmt"/>
        <line num="444" count="13" type="stmt"/>
        <line num="445" count="13" type="stmt"/>
        <line num="446" count="13" type="cond" truecount="0" falsecount="1"/>
        <line num="447" count="13" type="stmt"/>
        <line num="448" count="13" type="stmt"/>
        <line num="449" count="13" type="stmt"/>
        <line num="450" count="13" type="cond" truecount="0" falsecount="2"/>
        <line num="451" count="0" type="stmt"/>
        <line num="452" count="0" type="stmt"/>
        <line num="453" count="0" type="stmt"/>
        <line num="454" count="0" type="stmt"/>
        <line num="455" count="0" type="stmt"/>
        <line num="456" count="0" type="stmt"/>
        <line num="457" count="0" type="stmt"/>
        <line num="458" count="0" type="stmt"/>
        <line num="459" count="0" type="stmt"/>
        <line num="460" count="0" type="stmt"/>
        <line num="461" count="0" type="stmt"/>
        <line num="462" count="0" type="stmt"/>
        <line num="463" count="0" type="stmt"/>
        <line num="464" count="0" type="stmt"/>
        <line num="465" count="0" type="stmt"/>
        <line num="466" count="0" type="stmt"/>
        <line num="468" count="13" type="stmt"/>
        <line num="469" count="13" type="stmt"/>
        <line num="470" count="13" type="stmt"/>
        <line num="471" count="13" type="stmt"/>
        <line num="472" count="13" type="stmt"/>
        <line num="473" count="13" type="stmt"/>
        <line num="474" count="13" type="cond" truecount="0" falsecount="1"/>
        <line num="475" count="13" type="stmt"/>
        <line num="477" count="13" type="stmt"/>
        <line num="478" count="13" type="stmt"/>
        <line num="480" count="13" type="stmt"/>
        <line num="481" count="13" type="stmt"/>
        <line num="482" count="13" type="stmt"/>
        <line num="483" count="13" type="stmt"/>
        <line num="484" count="13" type="stmt"/>
        <line num="485" count="13" type="stmt"/>
        <line num="486" count="13" type="stmt"/>
        <line num="487" count="13" type="stmt"/>
        <line num="488" count="13" type="stmt"/>
        <line num="489" count="0" type="stmt"/>
        <line num="490" count="0" type="stmt"/>
        <line num="491" count="0" type="stmt"/>
        <line num="492" count="0" type="stmt"/>
        <line num="493" count="0" type="stmt"/>
        <line num="494" count="0" type="stmt"/>
        <line num="495" count="0" type="stmt"/>
        <line num="496" count="13" type="stmt"/>
        <line num="497" count="13" type="stmt"/>
        <line num="498" count="13" type="stmt"/>
        <line num="499" count="13" type="stmt"/>
        <line num="501" count="13" type="stmt"/>
        <line num="502" count="13" type="stmt"/>
        <line num="503" count="13" type="stmt"/>
        <line num="504" count="13" type="stmt"/>
        <line num="505" count="13" type="stmt"/>
        <line num="506" count="13" type="stmt"/>
        <line num="507" count="13" type="stmt"/>
        <line num="508" count="13" type="stmt"/>
        <line num="509" count="13" type="stmt"/>
        <line num="510" count="13" type="stmt"/>
        <line num="511" count="13" type="stmt"/>
        <line num="512" count="13" type="stmt"/>
        <line num="513" count="13" type="stmt"/>
        <line num="514" count="13" type="stmt"/>
        <line num="515" count="13" type="stmt"/>
        <line num="516" count="13" type="stmt"/>
        <line num="517" count="13" type="cond" truecount="0" falsecount="1"/>
        <line num="519" count="13" type="cond" truecount="0" falsecount="1"/>
        <line num="520" count="13" type="stmt"/>
        <line num="521" count="13" type="stmt"/>
        <line num="522" count="13" type="stmt"/>
        <line num="523" count="13" type="stmt"/>
        <line num="524" count="13" type="stmt"/>
        <line num="526" count="13" type="stmt"/>
        <line num="527" count="13" type="stmt"/>
        <line num="528" count="13" type="stmt"/>
        <line num="529" count="13" type="stmt"/>
        <line num="530" count="13" type="stmt"/>
        <line num="531" count="13" type="stmt"/>
        <line num="532" count="13" type="stmt"/>
        <line num="533" count="13" type="stmt"/>
        <line num="534" count="13" type="stmt"/>
        <line num="535" count="13" type="stmt"/>
        <line num="536" count="13" type="stmt"/>
        <line num="537" count="13" type="stmt"/>
        <line num="538" count="13" type="stmt"/>
        <line num="539" count="13" type="stmt"/>
        <line num="540" count="13" type="cond" truecount="1" falsecount="0"/>
        <line num="541" count="24" type="stmt"/>
        <line num="542" count="24" type="stmt"/>
        <line num="543" count="24" type="stmt"/>
        <line num="544" count="24" type="stmt"/>
        <line num="545" count="13" type="stmt"/>
        <line num="546" count="13" type="stmt"/>
        <line num="547" count="13" type="stmt"/>
        <line num="548" count="13" type="stmt"/>
        <line num="549" count="13" type="stmt"/>
        <line num="550" count="13" type="stmt"/>
        <line num="552" count="13" type="stmt"/>
        <line num="553" count="13" type="stmt"/>
        <line num="554" count="13" type="stmt"/>
        <line num="555" count="13" type="stmt"/>
        <line num="556" count="13" type="stmt"/>
        <line num="557" count="13" type="stmt"/>
        <line num="558" count="13" type="stmt"/>
        <line num="559" count="13" type="stmt"/>
        <line num="560" count="13" type="stmt"/>
        <line num="561" count="13" type="stmt"/>
        <line num="562" count="13" type="stmt"/>
        <line num="563" count="13" type="stmt"/>
        <line num="564" count="13" type="stmt"/>
        <line num="565" count="13" type="stmt"/>
        <line num="566" count="13" type="stmt"/>
        <line num="567" count="13" type="cond" truecount="1" falsecount="0"/>
        <line num="568" count="38" type="stmt"/>
        <line num="569" count="38" type="stmt"/>
        <line num="570" count="38" type="stmt"/>
        <line num="571" count="38" type="cond" truecount="0" falsecount="1"/>
        <line num="572" count="0" type="stmt"/>
        <line num="573" count="38" type="stmt"/>
        <line num="574" count="38" type="stmt"/>
        <line num="575" count="38" type="cond" truecount="0" falsecount="1"/>
        <line num="576" count="38" type="stmt"/>
        <line num="577" count="13" type="stmt"/>
        <line num="578" count="13" type="stmt"/>
        <line num="579" count="13" type="stmt"/>
        <line num="580" count="13" type="stmt"/>
        <line num="581" count="13" type="stmt"/>
        <line num="583" count="13" type="cond" truecount="0" falsecount="1"/>
        <line num="584" count="0" type="stmt"/>
        <line num="585" count="0" type="stmt"/>
        <line num="586" count="0" type="stmt"/>
        <line num="587" count="0" type="stmt"/>
        <line num="588" count="0" type="stmt"/>
        <line num="589" count="0" type="stmt"/>
        <line num="590" count="0" type="stmt"/>
        <line num="591" count="0" type="stmt"/>
        <line num="592" count="0" type="stmt"/>
        <line num="593" count="0" type="stmt"/>
        <line num="594" count="0" type="stmt"/>
        <line num="595" count="0" type="stmt"/>
        <line num="596" count="0" type="stmt"/>
        <line num="597" count="0" type="stmt"/>
        <line num="598" count="0" type="stmt"/>
        <line num="599" count="0" type="stmt"/>
        <line num="600" count="0" type="stmt"/>
        <line num="601" count="0" type="stmt"/>
        <line num="602" count="0" type="stmt"/>
        <line num="603" count="0" type="stmt"/>
        <line num="604" count="0" type="stmt"/>
        <line num="606" count="0" type="stmt"/>
        <line num="607" count="0" type="stmt"/>
        <line num="608" count="0" type="stmt"/>
        <line num="609" count="0" type="stmt"/>
        <line num="610" count="0" type="stmt"/>
        <line num="611" count="0" type="stmt"/>
        <line num="612" count="0" type="stmt"/>
        <line num="613" count="0" type="stmt"/>
        <line num="614" count="0" type="stmt"/>
        <line num="615" count="0" type="stmt"/>
        <line num="616" count="0" type="stmt"/>
        <line num="617" count="0" type="stmt"/>
        <line num="618" count="0" type="stmt"/>
        <line num="619" count="0" type="stmt"/>
        <line num="620" count="0" type="stmt"/>
        <line num="621" count="0" type="stmt"/>
        <line num="623" count="0" type="stmt"/>
        <line num="624" count="0" type="stmt"/>
        <line num="625" count="0" type="stmt"/>
        <line num="626" count="0" type="stmt"/>
        <line num="627" count="0" type="stmt"/>
        <line num="628" count="0" type="stmt"/>
        <line num="629" count="0" type="stmt"/>
        <line num="630" count="0" type="stmt"/>
        <line num="631" count="0" type="stmt"/>
        <line num="632" count="0" type="stmt"/>
        <line num="633" count="0" type="stmt"/>
        <line num="635" count="0" type="stmt"/>
        <line num="636" count="0" type="stmt"/>
        <line num="637" count="0" type="stmt"/>
        <line num="638" count="0" type="stmt"/>
        <line num="639" count="0" type="stmt"/>
        <line num="640" count="0" type="stmt"/>
        <line num="641" count="0" type="stmt"/>
        <line num="642" count="0" type="stmt"/>
        <line num="644" count="0" type="stmt"/>
        <line num="646" count="0" type="stmt"/>
        <line num="648" count="0" type="stmt"/>
        <line num="650" count="0" type="stmt"/>
        <line num="651" count="0" type="stmt"/>
        <line num="652" count="0" type="stmt"/>
        <line num="654" count="13" type="stmt"/>
        <line num="656" count="64" type="stmt"/>
        <line num="657" count="64" type="stmt"/>
        <line num="658" count="64" type="stmt"/>
        <line num="660" count="64" type="stmt"/>
      </file>
      <file name="AuthPage.tsx" path="/home/vika/study/EnergoBoard/frontend/src/pages/AuthPage.tsx">
        <metrics statements="104" coveredstatements="103" conditionals="20" coveredconditionals="18" methods="6" coveredmethods="5"/>
        <line num="1" count="1" type="stmt"/>
        <line num="9" count="1" type="cond" truecount="1" falsecount="0"/>
        <line num="10" count="120" type="stmt"/>
        <line num="11" count="120" type="stmt"/>
        <line num="12" count="120" type="stmt"/>
        <line num="13" count="120" type="stmt"/>
        <line num="14" count="120" type="stmt"/>
        <line num="16" count="120" type="cond" truecount="1" falsecount="0"/>
        <line num="17" count="27" type="stmt"/>
        <line num="18" count="27" type="stmt"/>
        <line num="19" count="27" type="cond" truecount="0" falsecount="1"/>
        <line num="20" count="0" type="stmt"/>
        <line num="21" count="27" type="cond" truecount="1" falsecount="0"/>
        <line num="22" count="17" type="stmt"/>
        <line num="23" count="27" type="cond" truecount="1" falsecount="0"/>
        <line num="24" count="10" type="cond" truecount="0" falsecount="1"/>
        <line num="25" count="10" type="stmt"/>
        <line num="26" count="27" type="stmt"/>
        <line num="28" count="120" type="stmt"/>
        <line num="29" count="120" type="stmt"/>
        <line num="30" count="120" type="stmt"/>
        <line num="31" count="120" type="stmt"/>
        <line num="32" count="120" type="stmt"/>
        <line num="33" count="120" type="stmt"/>
        <line num="34" count="120" type="stmt"/>
        <line num="35" count="120" type="stmt"/>
        <line num="36" count="120" type="stmt"/>
        <line num="37" count="120" type="stmt"/>
        <line num="38" count="120" type="stmt"/>
        <line num="39" count="120" type="stmt"/>
        <line num="40" count="120" type="stmt"/>
        <line num="41" count="120" type="stmt"/>
        <line num="42" count="120" type="stmt"/>
        <line num="43" count="120" type="stmt"/>
        <line num="44" count="120" type="stmt"/>
        <line num="46" count="120" type="stmt"/>
        <line num="47" count="120" type="stmt"/>
        <line num="48" count="120" type="stmt"/>
        <line num="49" count="120" type="stmt"/>
        <line num="50" count="120" type="stmt"/>
        <line num="51" count="120" type="stmt"/>
        <line num="52" count="120" type="stmt"/>
        <line num="54" count="120" type="stmt"/>
        <line num="55" count="120" type="stmt"/>
        <line num="56" count="120" type="stmt"/>
        <line num="57" count="120" type="stmt"/>
        <line num="58" count="120" type="stmt"/>
        <line num="60" count="120" type="stmt"/>
        <line num="61" count="120" type="stmt"/>
        <line num="62" count="120" type="stmt"/>
        <line num="63" count="120" type="stmt"/>
        <line num="64" count="120" type="stmt"/>
        <line num="66" count="120" type="stmt"/>
        <line num="67" count="120" type="stmt"/>
        <line num="68" count="120" type="stmt"/>
        <line num="69" count="120" type="stmt"/>
        <line num="71" count="120" type="stmt"/>
        <line num="72" count="120" type="stmt"/>
        <line num="73" count="120" type="cond" truecount="2" falsecount="0"/>
        <line num="74" count="120" type="cond" truecount="2" falsecount="0"/>
        <line num="75" count="120" type="stmt"/>
        <line num="76" count="120" type="stmt"/>
        <line num="77" count="120" type="stmt"/>
        <line num="78" count="120" type="stmt"/>
        <line num="80" count="120" type="stmt"/>
        <line num="81" count="120" type="stmt"/>
        <line num="82" count="120" type="stmt"/>
        <line num="83" count="120" type="cond" truecount="1" falsecount="0"/>
        <line num="84" count="120" type="stmt"/>
        <line num="85" count="120" type="stmt"/>
        <line num="86" count="120" type="stmt"/>
        <line num="87" count="120" type="cond" truecount="1" falsecount="0"/>
        <line num="88" count="7" type="stmt"/>
        <line num="90" count="7" type="stmt"/>
        <line num="91" count="7" type="stmt"/>
        <line num="92" count="7" type="stmt"/>
        <line num="93" count="7" type="stmt"/>
        <line num="94" count="7" type="stmt"/>
        <line num="95" count="7" type="stmt"/>
        <line num="96" count="7" type="stmt"/>
        <line num="98" count="120" type="stmt"/>
        <line num="100" count="120" type="stmt"/>
        <line num="101" count="120" type="stmt"/>
        <line num="102" count="120" type="stmt"/>
        <line num="103" count="120" type="stmt"/>
        <line num="104" count="120" type="cond" truecount="1" falsecount="0"/>
        <line num="105" count="120" type="stmt"/>
        <line num="106" count="120" type="stmt"/>
        <line num="107" count="120" type="stmt"/>
        <line num="108" count="120" type="cond" truecount="1" falsecount="0"/>
        <line num="109" count="120" type="stmt"/>
        <line num="110" count="120" type="cond" truecount="2" falsecount="0"/>
        <line num="111" count="120" type="stmt"/>
        <line num="112" count="120" type="stmt"/>
        <line num="113" count="120" type="stmt"/>
        <line num="114" count="120" type="cond" truecount="2" falsecount="0"/>
        <line num="116" count="120" type="cond" truecount="2" falsecount="0"/>
        <line num="117" count="120" type="stmt"/>
        <line num="118" count="120" type="stmt"/>
        <line num="119" count="120" type="stmt"/>
        <line num="120" count="120" type="stmt"/>
        <line num="121" count="120" type="stmt"/>
        <line num="122" count="120" type="stmt"/>
        <line num="124" count="120" type="stmt"/>
      </file>
      <file name="Dashboard.tsx" path="/home/vika/study/EnergoBoard/frontend/src/pages/Dashboard.tsx">
        <metrics statements="366" coveredstatements="222" conditionals="63" coveredconditionals="45" methods="13" coveredmethods="5"/>
        <line num="1" count="1" type="stmt"/>
        <line num="7" count="1" type="stmt"/>
        <line num="8" count="1" type="stmt"/>
        <line num="9" count="1" type="stmt"/>
        <line num="10" count="1" type="stmt"/>
        <line num="11" count="1" type="stmt"/>
        <line num="12" count="1" type="stmt"/>
        <line num="13" count="1" type="stmt"/>
        <line num="44" count="1" type="stmt"/>
        <line num="45" count="1" type="stmt"/>
        <line num="47" count="1" type="stmt"/>
        <line num="48" count="1" type="stmt"/>
        <line num="49" count="1" type="stmt"/>
        <line num="50" count="1" type="stmt"/>
        <line num="51" count="1" type="stmt"/>
        <line num="53" count="1" type="cond" truecount="1" falsecount="0"/>
        <line num="54" count="80" type="stmt"/>
        <line num="55" count="80" type="stmt"/>
        <line num="56" count="80" type="stmt"/>
        <line num="58" count="1" type="cond" truecount="1" falsecount="0"/>
        <line num="60" count="1" type="cond" truecount="1" falsecount="0"/>
        <line num="61" count="41" type="stmt"/>
        <line num="62" count="41" type="stmt"/>
        <line num="63" count="41" type="stmt"/>
        <line num="64" count="41" type="stmt"/>
        <line num="65" count="41" type="stmt"/>
        <line num="66" count="41" type="cond" truecount="1" falsecount="0"/>
        <line num="67" count="30" type="stmt"/>
        <line num="68" count="30" type="cond" truecount="0" falsecount="1"/>
        <line num="69" count="41" type="stmt"/>
        <line num="71" count="41" type="cond" truecount="1" falsecount="0"/>
        <line num="72" count="30" type="cond" truecount="2" falsecount="0"/>
        <line num="73" count="15" type="stmt"/>
        <line num="74" count="15" type="stmt"/>
        <line num="75" count="41" type="stmt"/>
        <line num="77" count="41" type="cond" truecount="1" falsecount="0"/>
        <line num="78" count="30" type="cond" truecount="1" falsecount="0"/>
        <line num="79" count="12" type="stmt"/>
        <line num="80" count="12" type="stmt"/>
        <line num="81" count="12" type="cond" truecount="1" falsecount="0"/>
        <line num="83" count="12" type="stmt"/>
        <line num="84" count="12" type="stmt"/>
        <line num="85" count="12" type="cond" truecount="1" falsecount="0"/>
        <line num="87" count="12" type="stmt"/>
        <line num="88" count="12" type="stmt"/>
        <line num="89" count="12" type="stmt"/>
        <line num="90" count="12" type="stmt"/>
        <line num="91" count="12" type="stmt"/>
        <line num="92" count="12" type="stmt"/>
        <line num="93" count="12" type="stmt"/>
        <line num="94" count="12" type="stmt"/>
        <line num="95" count="12" type="stmt"/>
        <line num="96" count="12" type="stmt"/>
        <line num="97" count="12" type="stmt"/>
        <line num="98" count="12" type="cond" truecount="1" falsecount="0"/>
        <line num="99" count="12" type="stmt"/>
        <line num="100" count="41" type="stmt"/>
        <line num="102" count="41" type="cond" truecount="1" falsecount="0"/>
        <line num="103" count="30" type="stmt"/>
        <line num="104" count="30" type="cond" truecount="0" falsecount="1"/>
        <line num="105" count="0" type="stmt"/>
        <line num="106" count="0" type="stmt"/>
        <line num="107" count="0" type="stmt"/>
        <line num="108" count="0" type="stmt"/>
        <line num="109" count="0" type="stmt"/>
        <line num="110" count="0" type="stmt"/>
        <line num="111" count="41" type="stmt"/>
        <line num="113" count="41" type="cond" truecount="1" falsecount="0"/>
        <line num="114" count="30" type="stmt"/>
        <line num="115" count="0" type="stmt"/>
        <line num="116" count="0" type="stmt"/>
        <line num="117" count="0" type="stmt"/>
        <line num="118" count="0" type="stmt"/>
        <line num="119" count="0" type="stmt"/>
        <line num="120" count="0" type="stmt"/>
        <line num="121" count="0" type="stmt"/>
        <line num="122" count="0" type="stmt"/>
        <line num="123" count="0" type="stmt"/>
        <line num="124" count="0" type="stmt"/>
        <line num="125" count="0" type="stmt"/>
        <line num="126" count="0" type="stmt"/>
        <line num="127" count="0" type="stmt"/>
        <line num="128" count="0" type="stmt"/>
        <line num="129" count="0" type="stmt"/>
        <line num="130" count="30" type="stmt"/>
        <line num="131" count="41" type="stmt"/>
        <line num="133" count="41" type="stmt"/>
        <line num="134" count="41" type="stmt"/>
        <line num="135" count="41" type="stmt"/>
        <line num="137" count="41" type="cond" truecount="3" falsecount="1"/>
        <line num="138" count="41" type="cond" truecount="3" falsecount="1"/>
        <line num="140" count="41" type="stmt"/>
        <line num="141" count="0" type="stmt"/>
        <line num="142" count="0" type="stmt"/>
        <line num="143" count="0" type="stmt"/>
        <line num="144" count="0" type="stmt"/>
        <line num="145" count="0" type="stmt"/>
        <line num="146" count="0" type="stmt"/>
        <line num="147" count="0" type="stmt"/>
        <line num="148" count="0" type="stmt"/>
        <line num="149" count="0" type="stmt"/>
        <line num="150" count="0" type="stmt"/>
        <line num="151" count="0" type="stmt"/>
        <line num="152" count="0" type="stmt"/>
        <line num="153" count="0" type="stmt"/>
        <line num="154" count="0" type="stmt"/>
        <line num="156" count="41" type="cond" truecount="1" falsecount="0"/>
        <line num="158" count="41" type="cond" truecount="2" falsecount="0"/>
        <line num="159" count="41" type="cond" truecount="1" falsecount="0"/>
        <line num="160" count="40" type="cond" truecount="0" falsecount="2"/>
        <line num="161" count="0" type="stmt"/>
        <line num="162" count="0" type="stmt"/>
        <line num="163" count="0" type="cond" truecount="0" falsecount="1"/>
        <line num="164" count="0" type="stmt"/>
        <line num="165" count="40" type="stmt"/>
        <line num="166" count="40" type="stmt"/>
        <line num="167" count="41" type="stmt"/>
        <line num="169" count="41" type="stmt"/>
        <line num="170" count="0" type="stmt"/>
        <line num="171" count="0" type="stmt"/>
        <line num="172" count="0" type="stmt"/>
        <line num="173" count="0" type="stmt"/>
        <line num="174" count="0" type="stmt"/>
        <line num="176" count="41" type="cond" truecount="2" falsecount="0"/>
        <line num="178" count="41" type="stmt"/>
        <line num="179" count="41" type="stmt"/>
        <line num="180" count="41" type="stmt"/>
        <line num="181" count="41" type="stmt"/>
        <line num="182" count="41" type="stmt"/>
        <line num="183" count="41" type="stmt"/>
        <line num="184" count="41" type="stmt"/>
        <line num="185" count="41" type="stmt"/>
        <line num="186" count="41" type="stmt"/>
        <line num="188" count="41" type="stmt"/>
        <line num="189" count="41" type="stmt"/>
        <line num="191" count="41" type="stmt"/>
        <line num="192" count="41" type="stmt"/>
        <line num="194" count="41" type="stmt"/>
        <line num="196" count="41" type="stmt"/>
        <line num="197" count="41" type="stmt"/>
        <line num="198" count="41" type="stmt"/>
        <line num="199" count="41" type="stmt"/>
        <line num="200" count="41" type="cond" truecount="1" falsecount="0"/>
        <line num="201" count="41" type="stmt"/>
        <line num="203" count="41" type="stmt"/>
        <line num="204" count="41" type="cond" truecount="1" falsecount="0"/>
        <line num="205" count="83" type="stmt"/>
        <line num="206" count="83" type="stmt"/>
        <line num="207" count="83" type="stmt"/>
        <line num="208" count="41" type="stmt"/>
        <line num="209" count="41" type="stmt"/>
        <line num="210" count="41" type="stmt"/>
        <line num="211" count="41" type="stmt"/>
        <line num="212" count="41" type="stmt"/>
        <line num="213" count="41" type="stmt"/>
        <line num="214" count="41" type="stmt"/>
        <line num="215" count="41" type="stmt"/>
        <line num="216" count="41" type="stmt"/>
        <line num="217" count="41" type="stmt"/>
        <line num="218" count="41" type="stmt"/>
        <line num="219" count="41" type="stmt"/>
        <line num="220" count="41" type="stmt"/>
        <line num="221" count="41" type="stmt"/>
        <line num="222" count="41" type="stmt"/>
        <line num="223" count="41" type="stmt"/>
        <line num="224" count="41" type="stmt"/>
        <line num="225" count="41" type="stmt"/>
        <line num="226" count="41" type="stmt"/>
        <line num="227" count="41" type="stmt"/>
        <line num="229" count="41" type="cond" truecount="0" falsecount="2"/>
        <line num="230" count="0" type="stmt"/>
        <line num="231" count="0" type="stmt"/>
        <line num="232" count="0" type="stmt"/>
        <line num="233" count="0" type="stmt"/>
        <line num="234" count="0" type="stmt"/>
        <line num="235" count="0" type="stmt"/>
        <line num="236" count="0" type="stmt"/>
        <line num="237" count="0" type="stmt"/>
        <line num="238" count="0" type="stmt"/>
        <line num="239" count="0" type="stmt"/>
        <line num="241" count="0" type="stmt"/>
        <line num="242" count="0" type="stmt"/>
        <line num="243" count="0" type="stmt"/>
        <line num="244" count="0" type="stmt"/>
        <line num="245" count="0" type="stmt"/>
        <line num="248" count="41" type="stmt"/>
        <line num="249" count="41" type="stmt"/>
        <line num="250" count="41" type="stmt"/>
        <line num="251" count="41" type="stmt"/>
        <line num="252" count="41" type="stmt"/>
        <line num="253" count="0" type="stmt"/>
        <line num="254" count="0" type="stmt"/>
        <line num="255" count="0" type="stmt"/>
        <line num="256" count="0" type="stmt"/>
        <line num="257" count="0" type="stmt"/>
        <line num="258" count="41" type="stmt"/>
        <line num="259" count="41" type="cond" truecount="1" falsecount="0"/>
        <line num="260" count="41" type="stmt"/>
        <line num="261" count="41" type="stmt"/>
        <line num="263" count="41" type="stmt"/>
        <line num="264" count="41" type="stmt"/>
        <line num="265" count="41" type="stmt"/>
        <line num="266" count="41" type="stmt"/>
        <line num="267" count="41" type="stmt"/>
        <line num="268" count="41" type="stmt"/>
        <line num="269" count="41" type="stmt"/>
        <line num="270" count="41" type="stmt"/>
        <line num="271" count="41" type="stmt"/>
        <line num="272" count="41" type="stmt"/>
        <line num="273" count="41" type="stmt"/>
        <line num="274" count="41" type="stmt"/>
        <line num="275" count="41" type="stmt"/>
        <line num="276" count="41" type="stmt"/>
        <line num="278" count="41" type="cond" truecount="0" falsecount="1"/>
        <line num="279" count="0" type="stmt"/>
        <line num="280" count="0" type="stmt"/>
        <line num="281" count="0" type="stmt"/>
        <line num="282" count="0" type="stmt"/>
        <line num="283" count="0" type="stmt"/>
        <line num="284" count="0" type="stmt"/>
        <line num="285" count="0" type="stmt"/>
        <line num="286" count="0" type="stmt"/>
        <line num="287" count="0" type="stmt"/>
        <line num="288" count="0" type="stmt"/>
        <line num="289" count="0" type="stmt"/>
        <line num="290" count="0" type="stmt"/>
        <line num="291" count="0" type="stmt"/>
        <line num="292" count="0" type="stmt"/>
        <line num="293" count="0" type="stmt"/>
        <line num="294" count="0" type="stmt"/>
        <line num="295" count="0" type="stmt"/>
        <line num="296" count="0" type="stmt"/>
        <line num="297" count="0" type="stmt"/>
        <line num="298" count="0" type="stmt"/>
        <line num="299" count="0" type="stmt"/>
        <line num="300" count="0" type="stmt"/>
        <line num="301" count="0" type="stmt"/>
        <line num="302" count="0" type="stmt"/>
        <line num="303" count="0" type="stmt"/>
        <line num="304" count="0" type="stmt"/>
        <line num="305" count="0" type="stmt"/>
        <line num="306" count="0" type="stmt"/>
        <line num="307" count="0" type="stmt"/>
        <line num="309" count="0" type="stmt"/>
        <line num="311" count="0" type="stmt"/>
        <line num="313" count="0" type="stmt"/>
        <line num="314" count="0" type="stmt"/>
        <line num="315" count="0" type="stmt"/>
        <line num="318" count="41" type="stmt"/>
        <line num="319" count="41" type="stmt"/>
        <line num="320" count="41" type="stmt"/>
        <line num="321" count="41" type="stmt"/>
        <line num="322" count="41" type="stmt"/>
        <line num="323" count="41" type="stmt"/>
        <line num="324" count="41" type="stmt"/>
        <line num="325" count="41" type="stmt"/>
        <line num="326" count="41" type="stmt"/>
        <line num="327" count="41" type="stmt"/>
        <line num="329" count="41" type="stmt"/>
        <line num="330" count="41" type="stmt"/>
        <line num="331" count="41" type="stmt"/>
        <line num="332" count="0" type="stmt"/>
        <line num="333" count="0" type="stmt"/>
        <line num="334" count="0" type="stmt"/>
        <line num="335" count="0" type="stmt"/>
        <line num="336" count="0" type="stmt"/>
        <line num="337" count="0" type="stmt"/>
        <line num="338" count="0" type="stmt"/>
        <line num="339" count="0" type="stmt"/>
        <line num="340" count="0" type="stmt"/>
        <line num="341" count="0" type="stmt"/>
        <line num="342" count="0" type="stmt"/>
        <line num="343" count="0" type="stmt"/>
        <line num="344" count="0" type="stmt"/>
        <line num="345" count="0" type="stmt"/>
        <line num="346" count="0" type="stmt"/>
        <line num="348" count="41" type="stmt"/>
        <line num="349" count="41" type="cond" truecount="1" falsecount="0"/>
        <line num="350" count="41" type="stmt"/>
        <line num="351" count="41" type="stmt"/>
        <line num="352" count="41" type="stmt"/>
        <line num="354" count="41" type="stmt"/>
        <line num="356" count="40" type="cond" truecount="1" falsecount="0"/>
        <line num="357" count="40" type="stmt"/>
        <line num="358" count="40" type="stmt"/>
        <line num="359" count="40" type="stmt"/>
        <line num="360" count="40" type="stmt"/>
        <line num="364" count="40" type="stmt"/>
        <line num="365" count="40" type="cond" truecount="0" falsecount="1"/>
        <line num="366" count="40" type="cond" truecount="0" falsecount="1"/>
        <line num="368" count="40" type="cond" truecount="1" falsecount="0"/>
        <line num="369" count="30" type="cond" truecount="0" falsecount="1"/>
        <line num="370" count="0" type="stmt"/>
        <line num="371" count="0" type="stmt"/>
        <line num="372" count="0" type="stmt"/>
        <line num="373" count="40" type="stmt"/>
        <line num="375" count="40" type="stmt"/>
        <line num="376" count="40" type="stmt"/>
        <line num="377" count="40" type="stmt"/>
        <line num="378" count="40" type="stmt"/>
        <line num="379" count="40" type="stmt"/>
        <line num="380" count="40" type="stmt"/>
        <line num="381" count="40" type="stmt"/>
        <line num="382" count="40" type="stmt"/>
        <line num="383" count="40" type="stmt"/>
        <line num="384" count="40" type="stmt"/>
        <line num="385" count="40" type="stmt"/>
        <line num="386" count="40" type="stmt"/>
        <line num="387" count="40" type="stmt"/>
        <line num="388" count="40" type="stmt"/>
        <line num="389" count="40" type="stmt"/>
        <line num="390" count="40" type="stmt"/>
        <line num="391" count="40" type="stmt"/>
        <line num="392" count="40" type="stmt"/>
        <line num="393" count="40" type="stmt"/>
        <line num="395" count="40" type="stmt"/>
        <line num="396" count="40" type="stmt"/>
        <line num="397" count="40" type="stmt"/>
        <line num="399" count="40" type="stmt"/>
        <line num="401" count="40" type="cond" truecount="1" falsecount="0"/>
        <line num="402" count="40" type="stmt"/>
        <line num="403" count="40" type="cond" truecount="2" falsecount="0"/>
        <line num="404" count="10" type="cond" truecount="3" falsecount="0"/>
        <line num="405" count="10" type="cond" truecount="1" falsecount="0"/>
        <line num="406" count="29" type="cond" truecount="2" falsecount="0"/>
        <line num="407" count="19" type="stmt"/>
        <line num="408" count="19" type="stmt"/>
        <line num="409" count="29" type="cond" truecount="2" falsecount="0"/>
        <line num="410" count="29" type="cond" truecount="0" falsecount="1"/>
        <line num="411" count="0" type="stmt"/>
        <line num="412" count="0" type="stmt"/>
        <line num="413" count="0" type="stmt"/>
        <line num="414" count="0" type="stmt"/>
        <line num="415" count="0" type="stmt"/>
        <line num="416" count="0" type="stmt"/>
        <line num="417" count="10" type="stmt"/>
        <line num="419" count="10" type="stmt"/>
        <line num="420" count="10" type="cond" truecount="1" falsecount="1"/>
        <line num="421" count="10" type="cond" truecount="1" falsecount="1"/>
        <line num="422" count="10" type="cond" truecount="0" falsecount="1"/>
        <line num="423" count="0" type="stmt"/>
        <line num="424" count="0" type="stmt"/>
        <line num="425" count="0" type="stmt"/>
        <line num="426" count="0" type="stmt"/>
        <line num="427" count="0" type="stmt"/>
        <line num="428" count="0" type="stmt"/>
        <line num="429" count="10" type="stmt"/>
        <line num="431" count="40" type="cond" truecount="0" falsecount="1"/>
        <line num="432" count="0" type="stmt"/>
        <line num="433" count="0" type="stmt"/>
        <line num="434" count="0" type="stmt"/>
        <line num="435" count="0" type="stmt"/>
        <line num="436" count="0" type="stmt"/>
        <line num="437" count="0" type="stmt"/>
        <line num="438" count="0" type="stmt"/>
        <line num="439" count="0" type="stmt"/>
        <line num="440" count="0" type="stmt"/>
        <line num="441" count="0" type="stmt"/>
        <line num="442" count="0" type="stmt"/>
        <line num="443" count="0" type="stmt"/>
        <line num="444" count="0" type="stmt"/>
        <line num="445" count="0" type="stmt"/>
        <line num="446" count="0" type="stmt"/>
        <line num="447" count="0" type="stmt"/>
        <line num="449" count="40" type="stmt"/>
        <line num="450" count="40" type="stmt"/>
      </file>
      <file name="MetersPage.tsx" path="/home/vika/study/EnergoBoard/frontend/src/pages/MetersPage.tsx">
        <metrics statements="172" coveredstatements="159" conditionals="33" coveredconditionals="26" methods="11" coveredmethods="3"/>
        <line num="1" count="1" type="stmt"/>
        <line num="6" count="1" type="stmt"/>
        <line num="7" count="1" type="stmt"/>
        <line num="8" count="1" type="stmt"/>
        <line num="9" count="1" type="stmt"/>
        <line num="10" count="1" type="stmt"/>
        <line num="11" count="1" type="stmt"/>
        <line num="12" count="1" type="stmt"/>
        <line num="20" count="1" type="cond" truecount="1" falsecount="0"/>
        <line num="21" count="43" type="stmt"/>
        <line num="22" count="43" type="stmt"/>
        <line num="23" count="43" type="stmt"/>
        <line num="24" count="43" type="stmt"/>
        <line num="25" count="43" type="stmt"/>
        <line num="26" count="43" type="stmt"/>
        <line num="28" count="43" type="cond" truecount="1" falsecount="0"/>
        <line num="29" count="20" type="cond" truecount="1" falsecount="0"/>
        <line num="30" count="14" type="cond" truecount="3" falsecount="0"/>
        <line num="31" count="20" type="cond" truecount="1" falsecount="0"/>
        <line num="32" count="6" type="stmt"/>
        <line num="33" count="6" type="stmt"/>
        <line num="34" count="43" type="stmt"/>
        <line num="36" count="43" type="cond" truecount="1" falsecount="0"/>
        <line num="37" count="1" type="stmt"/>
        <line num="38" count="1" type="stmt"/>
        <line num="39" count="1" type="stmt"/>
        <line num="40" count="1" type="cond" truecount="0" falsecount="1"/>
        <line num="41" count="1" type="cond" truecount="0" falsecount="1"/>
        <line num="42" count="0" type="stmt"/>
        <line num="43" count="0" type="stmt"/>
        <line num="44" count="0" type="stmt"/>
        <line num="45" count="1" type="stmt"/>
        <line num="46" count="1" type="stmt"/>
        <line num="47" count="1" type="stmt"/>
        <line num="48" count="1" type="stmt"/>
        <line num="49" count="1" type="stmt"/>
        <line num="50" count="1" type="stmt"/>
        <line num="51" count="1" type="stmt"/>
        <line num="52" count="1" type="stmt"/>
        <line num="53" count="1" type="stmt"/>
        <line num="54" count="1" type="stmt"/>
        <line num="55" count="1" type="cond" truecount="0" falsecount="1"/>
        <line num="56" count="0" type="stmt"/>
        <line num="57" count="0" type="stmt"/>
        <line num="58" count="1" type="stmt"/>
        <line num="60" count="43" type="stmt"/>
        <line num="61" count="0" type="stmt"/>
        <line num="62" count="0" type="stmt"/>
        <line num="63" count="0" type="stmt"/>
        <line num="64" count="0" type="stmt"/>
        <line num="66" count="43" type="stmt"/>
        <line num="67" count="0" type="stmt"/>
        <line num="68" count="0" type="stmt"/>
        <line num="69" count="0" type="stmt"/>
        <line num="70" count="0" type="stmt"/>
        <line num="72" count="43" type="cond" truecount="1" falsecount="0"/>
        <line num="73" count="40" type="stmt"/>
        <line num="74" count="40" type="cond" truecount="1" falsecount="0"/>
        <line num="75" count="43" type="cond" truecount="1" falsecount="0"/>
        <line num="76" count="43" type="stmt"/>
        <line num="77" count="40" type="stmt"/>
        <line num="78" count="40" type="stmt"/>
        <line num="79" count="43" type="stmt"/>
        <line num="81" count="43" type="stmt"/>
        <line num="82" count="43" type="stmt"/>
        <line num="83" count="43" type="stmt"/>
        <line num="84" count="43" type="stmt"/>
        <line num="85" count="43" type="stmt"/>
        <line num="86" count="43" type="stmt"/>
        <line num="87" count="43" type="stmt"/>
        <line num="88" count="43" type="stmt"/>
        <line num="89" count="43" type="stmt"/>
        <line num="91" count="43" type="stmt"/>
        <line num="92" count="43" type="stmt"/>
        <line num="94" count="43" type="stmt"/>
        <line num="95" count="43" type="stmt"/>
        <line num="97" count="43" type="stmt"/>
        <line num="99" count="43" type="stmt"/>
        <line num="100" count="43" type="stmt"/>
        <line num="101" count="43" type="stmt"/>
        <line num="102" count="43" type="stmt"/>
        <line num="103" count="43" type="cond" truecount="1" falsecount="0"/>
        <line num="104" count="43" type="stmt"/>
        <line num="106" count="43" type="stmt"/>
        <line num="107" count="43" type="cond" truecount="1" falsecount="0"/>
        <line num="108" count="42" type="stmt"/>
        <line num="109" count="42" type="stmt"/>
        <line num="110" count="42" type="stmt"/>
        <line num="111" count="43" type="stmt"/>
        <line num="112" count="43" type="stmt"/>
        <line num="113" count="43" type="stmt"/>
        <line num="114" count="43" type="stmt"/>
        <line num="115" count="43" type="stmt"/>
        <line num="116" count="43" type="stmt"/>
        <line num="117" count="43" type="stmt"/>
        <line num="118" count="43" type="stmt"/>
        <line num="119" count="43" type="stmt"/>
        <line num="121" count="43" type="cond" truecount="1" falsecount="0"/>
        <line num="122" count="30" type="stmt"/>
        <line num="123" count="30" type="stmt"/>
        <line num="124" count="30" type="stmt"/>
        <line num="125" count="30" type="stmt"/>
        <line num="126" count="30" type="stmt"/>
        <line num="127" count="30" type="stmt"/>
        <line num="128" count="30" type="cond" truecount="1" falsecount="0"/>
        <line num="129" count="150" type="stmt"/>
        <line num="130" count="150" type="stmt"/>
        <line num="131" count="150" type="stmt"/>
        <line num="132" count="30" type="stmt"/>
        <line num="133" count="30" type="stmt"/>
        <line num="134" count="30" type="stmt"/>
        <line num="135" count="30" type="stmt"/>
        <line num="136" count="30" type="stmt"/>
        <line num="137" count="30" type="cond" truecount="1" falsecount="0"/>
        <line num="138" count="30" type="stmt"/>
        <line num="139" count="30" type="stmt"/>
        <line num="140" count="30" type="stmt"/>
        <line num="141" count="30" type="stmt"/>
        <line num="142" count="30" type="cond" truecount="0" falsecount="1"/>
        <line num="143" count="30" type="cond" truecount="1" falsecount="0"/>
        <line num="144" count="30" type="stmt"/>
        <line num="145" count="30" type="stmt"/>
        <line num="147" count="30" type="stmt"/>
        <line num="148" count="30" type="stmt"/>
        <line num="149" count="30" type="stmt"/>
        <line num="150" count="30" type="cond" truecount="1" falsecount="0"/>
        <line num="151" count="22" type="stmt"/>
        <line num="152" count="22" type="cond" truecount="0" falsecount="1"/>
        <line num="153" count="22" type="stmt"/>
        <line num="154" count="22" type="stmt"/>
        <line num="155" count="22" type="cond" truecount="1" falsecount="0"/>
[...]
        <line num="109" count="90" type="stmt"/>
        <line num="111" count="90" type="stmt"/>
        <line num="112" count="90" type="stmt"/>
        <line num="113" count="90" type="stmt"/>
        <line num="114" count="90" type="stmt"/>
        <line num="115" count="90" type="stmt"/>
        <line num="116" count="90" type="stmt"/>
        <line num="117" count="90" type="cond" truecount="2" falsecount="0"/>
        <line num="118" count="90" type="stmt"/>
        <line num="120" count="90" type="cond" truecount="1" falsecount="0"/>
        <line num="122" count="90" type="cond" truecount="1" falsecount="0"/>
        <line num="123" count="31" type="stmt"/>
        <line num="124" count="31" type="stmt"/>
        <line num="125" count="31" type="stmt"/>
        <line num="126" count="31" type="stmt"/>
        <line num="127" count="31" type="stmt"/>
        <line num="128" count="31" type="stmt"/>
        <line num="129" count="31" type="stmt"/>
        <line num="130" count="31" type="stmt"/>
        <line num="131" count="31" type="stmt"/>
        <line num="132" count="31" type="cond" truecount="1" falsecount="0"/>
        <line num="133" count="31" type="stmt"/>
        <line num="134" count="31" type="stmt"/>
        <line num="135" count="31" type="stmt"/>
        <line num="137" count="31" type="stmt"/>
        <line num="138" count="31" type="cond" truecount="1" falsecount="0"/>
        <line num="139" count="11" type="stmt"/>
        <line num="140" count="11" type="stmt"/>
        <line num="141" count="11" type="stmt"/>
        <line num="142" count="11" type="stmt"/>
        <line num="143" count="11" type="cond" truecount="1" falsecount="0"/>
        <line num="144" count="20" type="stmt"/>
        <line num="145" count="20" type="cond" truecount="1" falsecount="0"/>
        <line num="146" count="20" type="stmt"/>
        <line num="147" count="11" type="stmt"/>
        <line num="148" count="11" type="stmt"/>
        <line num="149" count="11" type="stmt"/>
        <line num="150" count="31" type="stmt"/>
        <line num="151" count="31" type="cond" truecount="1" falsecount="0"/>
        <line num="152" count="31" type="stmt"/>
        <line num="153" count="31" type="stmt"/>
        <line num="155" count="90" type="stmt"/>
        <line num="156" count="90" type="stmt"/>
        <line num="158" count="90" type="stmt"/>
        <line num="159" count="90" type="stmt"/>
        <line num="160" count="90" type="stmt"/>
        <line num="161" count="90" type="stmt"/>
        <line num="162" count="90" type="cond" truecount="1" falsecount="0"/>
        <line num="163" count="90" type="stmt"/>
        <line num="164" count="90" type="stmt"/>
        <line num="165" count="90" type="stmt"/>
        <line num="166" count="90" type="stmt"/>
        <line num="167" count="90" type="stmt"/>
        <line num="168" count="90" type="cond" truecount="1" falsecount="0"/>
        <line num="169" count="90" type="stmt"/>
        <line num="170" count="90" type="stmt"/>
        <line num="171" count="90" type="stmt"/>
        <line num="172" count="90" type="stmt"/>
        <line num="173" count="90" type="stmt"/>
        <line num="174" count="90" type="stmt"/>
        <line num="175" count="90" type="stmt"/>
        <line num="177" count="90" type="stmt"/>
      </file>
      <file name="ReadingsPage.tsx" path="/home/vika/study/EnergoBoard/frontend/src/pages/ReadingsPage.tsx">
        <metrics statements="296" coveredstatements="264" conditionals="75" coveredconditionals="47" methods="14" coveredmethods="5"/>
        <line num="1" count="1" type="stmt"/>
        <line num="6" count="1" type="stmt"/>
        <line num="7" count="1" type="stmt"/>
        <line num="8" count="1" type="stmt"/>
        <line num="9" count="1" type="stmt"/>
        <line num="10" count="1" type="stmt"/>
        <line num="11" count="1" type="stmt"/>
        <line num="12" count="1" type="stmt"/>
        <line num="14" count="1" type="cond" truecount="1" falsecount="0"/>
        <line num="15" count="16" type="stmt"/>
        <line num="16" count="16" type="cond" truecount="0" falsecount="1"/>
        <line num="17" count="16" type="stmt"/>
        <line num="19" count="1" type="cond" truecount="1" falsecount="0"/>
        <line num="20" count="4" type="stmt"/>
        <line num="21" count="4" type="stmt"/>
        <line num="22" count="4" type="cond" truecount="0" falsecount="1"/>
        <line num="23" count="0" type="stmt"/>
        <line num="24" count="0" type="stmt"/>
        <line num="32" count="1" type="cond" truecount="1" falsecount="0"/>
        <line num="33" count="65" type="stmt"/>
        <line num="34" count="65" type="stmt"/>
        <line num="35" count="65" type="stmt"/>
        <line num="36" count="65" type="stmt"/>
        <line num="37" count="65" type="stmt"/>
        <line num="38" count="65" type="stmt"/>
        <line num="39" count="65" type="stmt"/>
        <line num="40" count="65" type="stmt"/>
        <line num="41" count="65" type="stmt"/>
        <line num="42" count="65" type="stmt"/>
        <line num="44" count="65" type="cond" truecount="1" falsecount="0"/>
        <line num="45" count="15" type="stmt"/>
        <line num="46" count="15" type="cond" truecount="1" falsecount="0"/>
        <line num="47" count="15" type="stmt"/>
        <line num="48" count="15" type="cond" truecount="2" falsecount="0"/>
        <line num="49" count="4" type="stmt"/>
        <line num="50" count="15" type="stmt"/>
        <line num="51" count="15" type="cond" truecount="0" falsecount="1"/>
        <line num="52" count="0" type="stmt"/>
        <line num="53" count="0" type="stmt"/>
        <line num="54" count="0" type="stmt"/>
        <line num="55" count="0" type="stmt"/>
        <line num="56" count="65" type="stmt"/>
        <line num="58" count="65" type="cond" truecount="1" falsecount="0"/>
        <line num="59" count="15" type="cond" truecount="0" falsecount="1"/>
        <line num="60" count="15" type="stmt"/>
        <line num="61" count="15" type="stmt"/>
        <line num="62" count="15" type="stmt"/>
        <line num="63" count="15" type="cond" truecount="1" falsecount="0"/>
        <line num="64" count="15" type="stmt"/>
        <line num="65" count="65" type="stmt"/>
        <line num="67" count="65" type="cond" truecount="1" falsecount="0"/>
        <line num="68" count="30" type="cond" truecount="1" falsecount="0"/>
        <line num="69" count="15" type="stmt"/>
        <line num="70" count="15" type="stmt"/>
        <line num="71" count="65" type="stmt"/>
        <line num="73" count="65" type="stmt"/>
        <line num="74" count="0" type="stmt"/>
        <line num="75" count="0" type="stmt"/>
        <line num="76" count="0" type="stmt"/>
        <line num="77" count="0" type="stmt"/>
        <line num="78" count="0" type="stmt"/>
        <line num="79" count="0" type="stmt"/>
        <line num="80" count="0" type="stmt"/>
        <line num="82" count="0" type="stmt"/>
        <line num="83" count="0" type="stmt"/>
        <line num="84" count="0" type="stmt"/>
        <line num="85" count="0" type="stmt"/>
        <line num="86" count="0" type="stmt"/>
        <line num="88" count="0" type="stmt"/>
        <line num="89" count="0" type="stmt"/>
        <line num="90" count="0" type="stmt"/>
        <line num="91" count="0" type="stmt"/>
        <line num="92" count="0" type="stmt"/>
        <line num="93" count="0" type="stmt"/>
        <line num="94" count="0" type="stmt"/>
        <line num="95" count="0" type="stmt"/>
        <line num="96" count="0" type="stmt"/>
        <line num="97" count="0" type="stmt"/>
        <line num="98" count="0" type="stmt"/>
        <line num="99" count="0" type="stmt"/>
        <line num="100" count="0" type="stmt"/>
        <line num="102" count="65" type="cond" truecount="1" falsecount="0"/>
        <line num="103" count="30" type="cond" truecount="1" falsecount="0"/>
        <line num="104" count="21" type="cond" truecount="4" falsecount="0"/>
        <line num="105" count="21" type="cond" truecount="1" falsecount="2"/>
        <line num="106" count="21" type="cond" truecount="1" falsecount="2"/>
        <line num="107" count="21" type="cond" truecount="1" falsecount="2"/>
        <line num="108" count="4" type="stmt"/>
        <line num="109" count="30" type="stmt"/>
        <line num="110" count="65" type="stmt"/>
        <line num="112" count="65" type="cond" truecount="1" falsecount="0"/>
        <line num="113" count="30" type="stmt"/>
        <line num="114" count="30" type="cond" truecount="1" falsecount="0"/>
        <line num="115" count="4" type="stmt"/>
        <line num="116" count="4" type="stmt"/>
        <line num="117" count="4" type="stmt"/>
        <line num="118" count="30" type="stmt"/>
        <line num="119" count="30" type="cond" truecount="1" falsecount="0"/>
        <line num="120" count="30" type="cond" truecount="1" falsecount="1"/>
        <line num="121" count="30" type="cond" truecount="1" falsecount="0"/>
        <line num="122" count="65" type="stmt"/>
        <line num="124" count="65" type="cond" truecount="1" falsecount="0"/>
        <line num="125" count="30" type="stmt"/>
        <line num="126" count="30" type="stmt"/>
        <line num="127" count="30" type="cond" truecount="1" falsecount="0"/>
        <line num="128" count="4" type="stmt"/>
        <line num="129" count="4" type="stmt"/>
        <line num="130" count="4" type="stmt"/>
        <line num="131" count="30" type="stmt"/>
        <line num="132" count="30" type="stmt"/>
        <line num="133" count="65" type="stmt"/>
        <line num="135" count="65" type="cond" truecount="1" falsecount="0"/>
        <line num="136" count="4" type="cond" truecount="0" falsecount="1"/>
        <line num="137" count="4" type="stmt"/>
        <line num="138" count="4" type="stmt"/>
        <line num="139" count="4" type="stmt"/>
        <line num="140" count="4" type="stmt"/>
        <line num="141" count="4" type="stmt"/>
        <line num="142" count="4" type="stmt"/>
        <line num="143" count="4" type="cond" truecount="1" falsecount="0"/>
        <line num="144" count="4" type="cond" truecount="0" falsecount="1"/>
        <line num="145" count="0" type="stmt"/>
        <line num="146" count="4" type="cond" truecount="0" falsecount="1"/>
        <line num="147" count="4" type="stmt"/>
        <line num="148" count="4" type="stmt"/>
        <line num="149" count="4" type="cond" truecount="0" falsecount="1"/>
        <line num="150" count="4" type="cond" truecount="0" falsecount="1"/>
        <line num="151" count="4" type="cond" truecount="0" falsecount="1"/>
        <line num="152" count="4" type="stmt"/>
        <line num="153" count="4" type="stmt"/>
        <line num="155" count="65" type="stmt"/>
        <line num="156" count="65" type="stmt"/>
        <line num="157" count="65" type="stmt"/>
        <line num="158" count="65" type="stmt"/>
        <line num="159" count="65" type="stmt"/>
        <line num="160" count="65" type="stmt"/>
        <line num="161" count="65" type="stmt"/>
        <line num="162" count="65" type="stmt"/>
        <line num="163" count="65" type="stmt"/>
        <line num="165" count="65" type="stmt"/>
        <line num="166" count="65" type="stmt"/>
        <line num="168" count="65" type="stmt"/>
        <line num="169" count="65" type="stmt"/>
        <line num="171" count="65" type="stmt"/>
        <line num="173" count="65" type="stmt"/>
        <line num="174" count="65" type="stmt"/>
        <line num="175" count="65" type="stmt"/>
        <line num="176" count="65" type="stmt"/>
        <line num="177" count="65" type="cond" truecount="0" falsecount="1"/>
        <line num="178" count="65" type="stmt"/>
        <line num="180" count="65" type="stmt"/>
        <line num="181" count="65" type="cond" truecount="1" falsecount="0"/>
        <line num="182" count="64" type="stmt"/>
        <line num="183" count="64" type="stmt"/>
        <line num="184" count="64" type="stmt"/>
        <line num="185" count="65" type="stmt"/>
        <line num="186" count="65" type="stmt"/>
        <line num="187" count="65" type="stmt"/>
        <line num="188" count="65" type="stmt"/>
        <line num="189" count="65" type="stmt"/>
        <line num="190" count="65" type="stmt"/>
        <line num="191" count="65" type="cond" truecount="1" falsecount="0"/>
        <line num="192" count="65" type="stmt"/>
        <line num="194" count="65" type="stmt"/>
        <line num="195" count="65" type="cond" truecount="1" falsecount="0"/>
        <line num="196" count="68" type="stmt"/>
        <line num="197" count="68" type="cond" truecount="1" falsecount="1"/>
        <line num="198" count="68" type="stmt"/>
        <line num="199" count="65" type="stmt"/>
        <line num="200" count="65" type="stmt"/>
        <line num="201" count="65" type="stmt"/>
        <line num="202" count="65" type="stmt"/>
        <line num="203" count="65" type="stmt"/>
        <line num="204" count="65" type="stmt"/>
        <line num="205" count="65" type="stmt"/>
        <line num="206" count="65" type="cond" truecount="1" falsecount="0"/>
        <line num="207" count="320" type="stmt"/>
        <line num="208" count="320" type="stmt"/>
        <line num="209" count="320" type="stmt"/>
        <line num="210" count="65" type="stmt"/>
        <line num="211" count="65" type="stmt"/>
        <line num="212" count="65" type="stmt"/>
        <line num="213" count="65" type="stmt"/>
        <line num="214" count="65" type="stmt"/>
        <line num="215" count="65" type="stmt"/>
        <line num="216" count="65" type="stmt"/>
        <line num="217" count="65" type="stmt"/>
        <line num="218" count="65" type="stmt"/>
        <line num="219" count="65" type="stmt"/>
        <line num="220" count="65" type="stmt"/>
        <line num="221" count="65" type="stmt"/>
        <line num="222" count="65" type="stmt"/>
        <line num="224" count="65" type="cond" truecount="0" falsecount="1"/>
        <line num="226" count="65" type="cond" truecount="1" falsecount="0"/>
        <line num="227" count="64" type="stmt"/>
        <line num="228" count="64" type="stmt"/>
        <line num="229" count="64" type="stmt"/>
        <line num="230" count="64" type="stmt"/>
        <line num="231" count="64" type="stmt"/>
        <line num="232" count="64" type="cond" truecount="1" falsecount="0"/>
        <line num="233" count="64" type="stmt"/>
        <line num="235" count="64" type="stmt"/>
        <line num="236" count="64" type="cond" truecount="1" falsecount="0"/>
        <line num="237" count="68" type="stmt"/>
        <line num="238" count="68" type="cond" truecount="1" falsecount="1"/>
        <line num="239" count="68" type="stmt"/>
        <line num="240" count="64" type="stmt"/>
        <line num="241" count="64" type="stmt"/>
        <line num="242" count="64" type="stmt"/>
        <line num="243" count="64" type="stmt"/>
        <line num="244" count="64" type="stmt"/>
        <line num="245" count="64" type="stmt"/>
        <line num="246" count="64" type="stmt"/>
        <line num="247" count="64" type="stmt"/>
        <line num="248" count="64" type="stmt"/>
        <line num="249" count="64" type="stmt"/>
        <line num="250" count="64" type="stmt"/>
        <line num="251" count="64" type="stmt"/>
        <line num="252" count="64" type="stmt"/>
        <line num="253" count="64" type="stmt"/>
        <line num="254" count="64" type="stmt"/>
        <line num="255" count="64" type="stmt"/>
        <line num="256" count="64" type="stmt"/>
        <line num="257" count="64" type="cond" truecount="1" falsecount="0"/>
        <line num="258" count="64" type="stmt"/>
        <line num="259" count="64" type="stmt"/>
        <line num="260" count="64" type="stmt"/>
        <line num="261" count="64" type="stmt"/>
        <line num="262" count="64" type="stmt"/>
        <line num="264" count="64" type="stmt"/>
        <line num="265" count="64" type="cond" truecount="1" falsecount="0"/>
        <line num="266" count="64" type="cond" truecount="0" falsecount="1"/>
        <line num="267" count="64" type="cond" truecount="0" falsecount="1"/>
        <line num="268" count="64" type="stmt"/>
        <line num="269" count="64" type="stmt"/>
        <line num="270" count="64" type="cond" truecount="1" falsecount="0"/>
        <line num="271" count="30" type="stmt"/>
        <line num="272" count="30" type="cond" truecount="2" falsecount="0"/>
        <line num="273" count="30" type="stmt"/>
        <line num="275" count="64" type="stmt"/>
        <line num="277" count="64" type="stmt"/>
        <line num="278" count="64" type="stmt"/>
        <line num="279" count="64" type="stmt"/>
        <line num="280" count="64" type="stmt"/>
        <line num="281" count="64" type="stmt"/>
        <line num="282" count="64" type="stmt"/>
        <line num="283" count="64" type="stmt"/>
        <line num="284" count="64" type="stmt"/>
        <line num="285" count="64" type="stmt"/>
        <line num="288" count="65" type="stmt"/>
        <line num="289" count="65" type="stmt"/>
        <line num="290" count="65" type="stmt"/>
        <line num="291" count="65" type="stmt"/>
        <line num="292" count="65" type="stmt"/>
        <line num="293" count="65" type="stmt"/>
        <line num="294" count="65" type="stmt"/>
        <line num="295" count="65" type="cond" truecount="1" falsecount="0"/>
        <line num="296" count="4" type="stmt"/>
        <line num="297" count="4" type="stmt"/>
        <line num="298" count="4" type="stmt"/>
        <line num="299" count="4" type="cond" truecount="1" falsecount="0"/>
        <line num="300" count="8" type="stmt"/>
        <line num="301" count="8" type="stmt"/>
        <line num="302" count="8" type="stmt"/>
        <line num="303" count="4" type="stmt"/>
        <line num="304" count="4" type="stmt"/>
        <line num="305" count="4" type="stmt"/>
        <line num="306" count="4" type="cond" truecount="1" falsecount="0"/>
        <line num="307" count="4" type="stmt"/>
        <line num="308" count="4" type="stmt"/>
        <line num="309" count="4" type="stmt"/>
        <line num="310" count="4" type="stmt"/>
        <line num="311" count="4" type="stmt"/>
        <line num="312" count="4" type="stmt"/>
        <line num="313" count="4" type="stmt"/>
        <line num="314" count="4" type="cond" truecount="0" falsecount="3"/>
        <line num="315" count="4" type="stmt"/>
        <line num="316" count="4" type="stmt"/>
        <line num="317" count="4" type="stmt"/>
        <line num="318" count="4" type="cond" truecount="0" falsecount="1"/>
        <line num="319" count="4" type="stmt"/>
        <line num="320" count="4" type="stmt"/>
        <line num="321" count="4" type="stmt"/>
        <line num="322" count="4" type="cond" truecount="0" falsecount="1"/>
        <line num="323" count="4" type="stmt"/>
        <line num="324" count="4" type="stmt"/>
        <line num="325" count="4" type="stmt"/>
        <line num="327" count="4" type="stmt"/>
        <line num="328" count="4" type="stmt"/>
        <line num="329" count="4" type="stmt"/>
        <line num="330" count="65" type="stmt"/>
        <line num="331" count="65" type="cond" truecount="1" falsecount="0"/>
        <line num="332" count="65" type="stmt"/>
        <line num="333" count="65" type="stmt"/>
        <line num="334" count="65" type="stmt"/>
        <line num="336" count="65" type="stmt"/>
      </file>
      <file name="index.ts" path="/home/vika/study/EnergoBoard/frontend/src/pages/index.ts">
        <metrics statements="1" coveredstatements="0" conditionals="1" coveredconditionals="0" methods="1" coveredmethods="0"/>
        <line num="1" count="0" type="cond" truecount="0" falsecount="1"/>
      </file>
    </package>
  </project>
</coverage>
