{"/home/vika/study/EnergoBoard/frontend/src/App.tsx": {"path":"/home/vika/study/EnergoBoard/frontend/src/App.tsx","all":true,"statementMap":{"0":{"start":{"line":1,"column":0},"end":{"line":1,"column":53}},"24":{"start":{"line":25,"column":0},"end":{"line":25,"column":21}},"25":{"start":{"line":26,"column":0},"end":{"line":26,"column":33}},"26":{"start":{"line":27,"column":0},"end":{"line":27,"column":33}},"27":{"start":{"line":28,"column":0},"end":{"line":28,"column":86}},"28":{"start":{"line":29,"column":0},"end":{"line":29,"column":47}},"29":{"start":{"line":30,"column":0},"end":{"line":30,"column":48}},"30":{"start":{"line":31,"column":0},"end":{"line":31,"column":46}},"31":{"start":{"line":32,"column":0},"end":{"line":32,"column":5}},"32":{"start":{"line":33,"column":0},"end":{"line":33,"column":63}},"33":{"start":{"line":34,"column":0},"end":{"line":34,"column":81}},"34":{"start":{"line":35,"column":0},"end":{"line":35,"column":58}},"35":{"start":{"line":36,"column":0},"end":{"line":36,"column":42}},"36":{"start":{"line":37,"column":0},"end":{"line":37,"column":5}},"37":{"start":{"line":38,"column":0},"end":{"line":38,"column":54}},"38":{"start":{"line":39,"column":0},"end":{"line":39,"column":69}},"39":{"start":{"line":40,"column":0},"end":{"line":40,"column":4}},"41":{"start":{"line":42,"column":0},"end":{"line":42,"column":19}},"42":{"start":{"line":43,"column":0},"end":{"line":43,"column":17}},"43":{"start":{"line":44,"column":0},"end":{"line":44,"column":49}},"44":{"start":{"line":45,"column":0},"end":{"line":45,"column":28}},"45":{"start":{"line":46,"column":0},"end":{"line":46,"column":51}},"46":{"start":{"line":47,"column":0},"end":{"line":47,"column":42}},"47":{"start":{"line":48,"column":0},"end":{"line":48,"column":69}},"48":{"start":{"line":49,"column":0},"end":{"line":49,"column":9}},"49":{"start":{"line":50,"column":0},"end":{"line":50,"column":9}},"50":{"start":{"line":51,"column":0},"end":{"line":51,"column":5}},"51":{"start":{"line":52,"column":0},"end":{"line":52,"column":15}},"53":{"start":{"line":54,"column":0},"end":{"line":54,"column":39}},"54":{"start":{"line":55,"column":0},"end":{"line":55,"column":29}},"55":{"start":{"line":56,"column":0},"end":{"line":56,"column":31}},"56":{"start":{"line":57,"column":0},"end":{"line":57,"column":50}},"57":{"start":{"line":58,"column":0},"end":{"line":58,"column":72}},"58":{"start":{"line":59,"column":0},"end":{"line":59,"column":79}},"59":{"start":{"line":60,"column":0},"end":{"line":60,"column":18}},"60":{"start":{"line":61,"column":0},"end":{"line":61,"column":4}},"62":{"start":{"line":63,"column":0},"end":{"line":63,"column":24}},"63":{"start":{"line":64,"column":0},"end":{"line":64,"column":20}},"64":{"start":{"line":65,"column":0},"end":{"line":65,"column":18}},"65":{"start":{"line":66,"column":0},"end":{"line":66,"column":25}},"66":{"start":{"line":67,"column":0},"end":{"line":67,"column":22}},"67":{"start":{"line":68,"column":0},"end":{"line":68,"column":4}},"69":{"start":{"line":70,"column":0},"end":{"line":70,"column":51}},"71":{"start":{"line":72,"column":0},"end":{"line":72,"column":19}},"72":{"start":{"line":73,"column":0},"end":{"line":73,"column":32}},"73":{"start":{"line":74,"column":0},"end":{"line":74,"column":50}},"74":{"start":{"line":75,"column":0},"end":{"line":75,"column":58}},"75":{"start":{"line":76,"column":0},"end":{"line":76,"column":6}},"76":{"start":{"line":77,"column":0},"end":{"line":77,"column":19}},"77":{"start":{"line":78,"column":0},"end":{"line":78,"column":52}},"78":{"start":{"line":79,"column":0},"end":{"line":79,"column":68}},"79":{"start":{"line":80,"column":0},"end":{"line":80,"column":9}},"81":{"start":{"line":82,"column":0},"end":{"line":82,"column":19}},"82":{"start":{"line":83,"column":0},"end":{"line":83,"column":68}},"83":{"start":{"line":84,"column":0},"end":{"line":84,"column":28}},"84":{"start":{"line":85,"column":0},"end":{"line":85,"column":5}},"85":{"start":{"line":86,"column":0},"end":{"line":86,"column":26}},"87":{"start":{"line":88,"column":0},"end":{"line":88,"column":23}},"88":{"start":{"line":89,"column":0},"end":{"line":89,"column":5}},"89":{"start":{"line":90,"column":0},"end":{"line":90,"column":29}},"90":{"start":{"line":91,"column":0},"end":{"line":91,"column":14}},"91":{"start":{"line":92,"column":0},"end":{"line":92,"column":38}},"92":{"start":{"line":93,"column":0},"end":{"line":93,"column":53}},"93":{"start":{"line":94,"column":0},"end":{"line":94,"column":8}},"94":{"start":{"line":95,"column":0},"end":{"line":95,"column":6}},"95":{"start":{"line":96,"column":0},"end":{"line":96,"column":5}},"96":{"start":{"line":97,"column":0},"end":{"line":97,"column":22}},"97":{"start":{"line":98,"column":0},"end":{"line":98,"column":14}},"98":{"start":{"line":99,"column":0},"end":{"line":99,"column":48}},"99":{"start":{"line":100,"column":0},"end":{"line":100,"column":44}},"100":{"start":{"line":101,"column":0},"end":{"line":101,"column":8}},"101":{"start":{"line":102,"column":0},"end":{"line":102,"column":6}},"102":{"start":{"line":103,"column":0},"end":{"line":103,"column":5}},"103":{"start":{"line":104,"column":0},"end":{"line":104,"column":29}},"104":{"start":{"line":105,"column":0},"end":{"line":105,"column":14}},"105":{"start":{"line":106,"column":0},"end":{"line":106,"column":54}},"106":{"start":{"line":107,"column":0},"end":{"line":107,"column":8}},"107":{"start":{"line":108,"column":0},"end":{"line":108,"column":6}},"108":{"start":{"line":109,"column":0},"end":{"line":109,"column":4}},"110":{"start":{"line":111,"column":0},"end":{"line":111,"column":60}},"111":{"start":{"line":112,"column":0},"end":{"line":112,"column":67}},"113":{"start":{"line":114,"column":0},"end":{"line":114,"column":10}},"114":{"start":{"line":115,"column":0},"end":{"line":115,"column":32}},"115":{"start":{"line":116,"column":0},"end":{"line":116,"column":34}},"116":{"start":{"line":117,"column":0},"end":{"line":117,"column":10}},"117":{"start":{"line":118,"column":0},"end":{"line":118,"column":113}},"118":{"start":{"line":119,"column":0},"end":{"line":119,"column":41}},"119":{"start":{"line":120,"column":0},"end":{"line":120,"column":54}},"120":{"start":{"line":121,"column":0},"end":{"line":121,"column":65}},"121":{"start":{"line":122,"column":0},"end":{"line":122,"column":20}},"122":{"start":{"line":123,"column":0},"end":{"line":123,"column":19}},"123":{"start":{"line":124,"column":0},"end":{"line":124,"column":61}},"124":{"start":{"line":125,"column":0},"end":{"line":125,"column":74}},"125":{"start":{"line":126,"column":0},"end":{"line":126,"column":20}},"126":{"start":{"line":127,"column":0},"end":{"line":127,"column":18}},"128":{"start":{"line":129,"column":0},"end":{"line":129,"column":45}},"129":{"start":{"line":130,"column":0},"end":{"line":130,"column":54}},"130":{"start":{"line":131,"column":0},"end":{"line":131,"column":46}},"131":{"start":{"line":132,"column":0},"end":{"line":132,"column":21}},"132":{"start":{"line":133,"column":0},"end":{"line":133,"column":67}},"133":{"start":{"line":134,"column":0},"end":{"line":134,"column":51}},"134":{"start":{"line":135,"column":0},"end":{"line":135,"column":22}},"135":{"start":{"line":136,"column":0},"end":{"line":136,"column":59}},"137":{"start":{"line":138,"column":0},"end":{"line":138,"column":25}},"138":{"start":{"line":139,"column":0},"end":{"line":139,"column":20}},"139":{"start":{"line":140,"column":0},"end":{"line":140,"column":18}},"141":{"start":{"line":142,"column":0},"end":{"line":142,"column":43}},"142":{"start":{"line":143,"column":0},"end":{"line":143,"column":67}},"143":{"start":{"line":144,"column":0},"end":{"line":144,"column":64}},"144":{"start":{"line":145,"column":0},"end":{"line":145,"column":43}},"145":{"start":{"line":146,"column":0},"end":{"line":146,"column":48}},"146":{"start":{"line":147,"column":0},"end":{"line":147,"column":28}},"147":{"start":{"line":148,"column":0},"end":{"line":148,"column":35}},"148":{"start":{"line":149,"column":0},"end":{"line":149,"column":34}},"149":{"start":{"line":150,"column":0},"end":{"line":150,"column":78}},"150":{"start":{"line":151,"column":0},"end":{"line":151,"column":59}},"152":{"start":{"line":153,"column":0},"end":{"line":153,"column":34}},"153":{"start":{"line":154,"column":0},"end":{"line":154,"column":30}},"154":{"start":{"line":155,"column":0},"end":{"line":155,"column":21}},"155":{"start":{"line":156,"column":0},"end":{"line":156,"column":22}},"156":{"start":{"line":157,"column":0},"end":{"line":157,"column":20}},"157":{"start":{"line":158,"column":0},"end":{"line":158,"column":15}},"158":{"start":{"line":159,"column":0},"end":{"line":159,"column":42}},"160":{"start":{"line":161,"column":0},"end":{"line":161,"column":18}},"161":{"start":{"line":162,"column":0},"end":{"line":162,"column":18}},"162":{"start":{"line":163,"column":0},"end":{"line":163,"column":101}},"163":{"start":{"line":164,"column":0},"end":{"line":164,"column":11}},"165":{"start":{"line":166,"column":0},"end":{"line":166,"column":33}},"166":{"start":{"line":167,"column":0},"end":{"line":167,"column":26}},"167":{"start":{"line":168,"column":0},"end":{"line":168,"column":41}},"168":{"start":{"line":169,"column":0},"end":{"line":169,"column":41}},"169":{"start":{"line":170,"column":0},"end":{"line":170,"column":26}},"170":{"start":{"line":171,"column":0},"end":{"line":171,"column":23}},"171":{"start":{"line":172,"column":0},"end":{"line":172,"column":41}},"172":{"start":{"line":173,"column":0},"end":{"line":173,"column":31}},"173":{"start":{"line":174,"column":0},"end":{"line":174,"column":59}},"174":{"start":{"line":175,"column":0},"end":{"line":175,"column":52}},"175":{"start":{"line":176,"column":0},"end":{"line":176,"column":45}},"176":{"start":{"line":177,"column":0},"end":{"line":177,"column":41}},"178":{"start":{"line":179,"column":0},"end":{"line":179,"column":26}},"179":{"start":{"line":180,"column":0},"end":{"line":180,"column":26}},"180":{"start":{"line":181,"column":0},"end":{"line":181,"column":25}},"182":{"start":{"line":183,"column":0},"end":{"line":183,"column":53}},"183":{"start":{"line":184,"column":0},"end":{"line":184,"column":55}},"184":{"start":{"line":185,"column":0},"end":{"line":185,"column":67}},"185":{"start":{"line":186,"column":0},"end":{"line":186,"column":22}},"186":{"start":{"line":187,"column":0},"end":{"line":187,"column":21}},"187":{"start":{"line":188,"column":0},"end":{"line":188,"column":63}},"188":{"start":{"line":189,"column":0},"end":{"line":189,"column":72}},"189":{"start":{"line":190,"column":0},"end":{"line":190,"column":22}},"190":{"start":{"line":191,"column":0},"end":{"line":191,"column":20}},"191":{"start":{"line":192,"column":0},"end":{"line":192,"column":62}},"192":{"start":{"line":193,"column":0},"end":{"line":193,"column":53}},"193":{"start":{"line":194,"column":0},"end":{"line":194,"column":20}},"194":{"start":{"line":195,"column":0},"end":{"line":195,"column":18}},"195":{"start":{"line":196,"column":0},"end":{"line":196,"column":65}},"196":{"start":{"line":197,"column":0},"end":{"line":197,"column":19}},"198":{"start":{"line":199,"column":0},"end":{"line":199,"column":73}},"199":{"start":{"line":200,"column":0},"end":{"line":200,"column":73}},"200":{"start":{"line":201,"column":0},"end":{"line":201,"column":20}},"201":{"start":{"line":202,"column":0},"end":{"line":202,"column":20}},"202":{"start":{"line":203,"column":0},"end":{"line":203,"column":28}},"203":{"start":{"line":204,"column":0},"end":{"line":204,"column":121}},"204":{"start":{"line":205,"column":0},"end":{"line":205,"column":16}},"205":{"start":{"line":206,"column":0},"end":{"line":206,"column":20}},"206":{"start":{"line":207,"column":0},"end":{"line":207,"column":24}},"207":{"start":{"line":208,"column":0},"end":{"line":208,"column":25}},"208":{"start":{"line":209,"column":0},"end":{"line":209,"column":28}},"209":{"start":{"line":210,"column":0},"end":{"line":210,"column":30}},"210":{"start":{"line":211,"column":0},"end":{"line":211,"column":57}},"211":{"start":{"line":212,"column":0},"end":{"line":212,"column":49}},"212":{"start":{"line":213,"column":0},"end":{"line":213,"column":48}},"213":{"start":{"line":214,"column":0},"end":{"line":214,"column":75}},"214":{"start":{"line":215,"column":0},"end":{"line":215,"column":24}},"215":{"start":{"line":216,"column":0},"end":{"line":216,"column":45}},"216":{"start":{"line":217,"column":0},"end":{"line":217,"column":22}},"218":{"start":{"line":219,"column":0},"end":{"line":219,"column":43}},"221":{"start":{"line":222,"column":0},"end":{"line":222,"column":16}},"222":{"start":{"line":223,"column":0},"end":{"line":223,"column":20}},"223":{"start":{"line":224,"column":0},"end":{"line":224,"column":34}},"224":{"start":{"line":225,"column":0},"end":{"line":225,"column":25}},"225":{"start":{"line":226,"column":0},"end":{"line":226,"column":28}},"226":{"start":{"line":227,"column":0},"end":{"line":227,"column":35}},"227":{"start":{"line":228,"column":0},"end":{"line":228,"column":45}},"228":{"start":{"line":229,"column":0},"end":{"line":229,"column":47}},"229":{"start":{"line":230,"column":0},"end":{"line":230,"column":57}},"230":{"start":{"line":231,"column":0},"end":{"line":231,"column":41}},"231":{"start":{"line":232,"column":0},"end":{"line":232,"column":48}},"232":{"start":{"line":233,"column":0},"end":{"line":233,"column":75}},"233":{"start":{"line":234,"column":0},"end":{"line":234,"column":24}},"234":{"start":{"line":235,"column":0},"end":{"line":235,"column":22}},"236":{"start":{"line":237,"column":0},"end":{"line":237,"column":43}},"239":{"start":{"line":240,"column":0},"end":{"line":240,"column":16}},"240":{"start":{"line":241,"column":0},"end":{"line":241,"column":20}},"241":{"start":{"line":242,"column":0},"end":{"line":242,"column":30}},"242":{"start":{"line":243,"column":0},"end":{"line":243,"column":25}},"243":{"start":{"line":244,"column":0},"end":{"line":244,"column":28}},"244":{"start":{"line":245,"column":0},"end":{"line":245,"column":31}},"245":{"start":{"line":246,"column":0},"end":{"line":246,"column":57}},"246":{"start":{"line":247,"column":0},"end":{"line":247,"column":45}},"247":{"start":{"line":248,"column":0},"end":{"line":248,"column":49}},"248":{"start":{"line":249,"column":0},"end":{"line":249,"column":48}},"249":{"start":{"line":250,"column":0},"end":{"line":250,"column":75}},"250":{"start":{"line":251,"column":0},"end":{"line":251,"column":24}},"251":{"start":{"line":252,"column":0},"end":{"line":252,"column":22}},"253":{"start":{"line":254,"column":0},"end":{"line":254,"column":43}},"256":{"start":{"line":257,"column":0},"end":{"line":257,"column":16}},"257":{"start":{"line":258,"column":0},"end":{"line":258,"column":20}},"258":{"start":{"line":259,"column":0},"end":{"line":259,"column":32}},"259":{"start":{"line":260,"column":0},"end":{"line":260,"column":25}},"260":{"start":{"line":261,"column":0},"end":{"line":261,"column":28}},"261":{"start":{"line":262,"column":0},"end":{"line":262,"column":33}},"262":{"start":{"line":263,"column":0},"end":{"line":263,"column":57}},"263":{"start":{"line":264,"column":0},"end":{"line":264,"column":45}},"264":{"start":{"line":265,"column":0},"end":{"line":265,"column":49}},"265":{"start":{"line":266,"column":0},"end":{"line":266,"column":48}},"266":{"start":{"line":267,"column":0},"end":{"line":267,"column":75}},"267":{"start":{"line":268,"column":0},"end":{"line":268,"column":24}},"268":{"start":{"line":269,"column":0},"end":{"line":269,"column":22}},"270":{"start":{"line":271,"column":0},"end":{"line":271,"column":43}},"273":{"start":{"line":274,"column":0},"end":{"line":274,"column":16}},"274":{"start":{"line":275,"column":0},"end":{"line":275,"column":20}},"275":{"start":{"line":276,"column":0},"end":{"line":276,"column":33}},"276":{"start":{"line":277,"column":0},"end":{"line":277,"column":25}},"277":{"start":{"line":278,"column":0},"end":{"line":278,"column":28}},"278":{"start":{"line":279,"column":0},"end":{"line":279,"column":97}},"280":{"start":{"line":281,"column":0},"end":{"line":281,"column":43}},"283":{"start":{"line":284,"column":0},"end":{"line":284,"column":16}},"284":{"start":{"line":285,"column":0},"end":{"line":285,"column":91}},"285":{"start":{"line":286,"column":0},"end":{"line":286,"column":21}},"286":{"start":{"line":287,"column":0},"end":{"line":287,"column":16}},"287":{"start":{"line":288,"column":0},"end":{"line":288,"column":15}},"288":{"start":{"line":289,"column":0},"end":{"line":289,"column":12}},"289":{"start":{"line":290,"column":0},"end":{"line":290,"column":10}},"291":{"start":{"line":292,"column":0},"end":{"line":292,"column":1}},"293":{"start":{"line":294,"column":0},"end":{"line":294,"column":31}},"294":{"start":{"line":295,"column":0},"end":{"line":295,"column":10}},"295":{"start":{"line":296,"column":0},"end":{"line":296,"column":19}},"296":{"start":{"line":297,"column":0},"end":{"line":297,"column":18}},"297":{"start":{"line":298,"column":0},"end":{"line":298,"column":20}},"299":{"start":{"line":300,"column":0},"end":{"line":300,"column":1}}},"s":{"0":0,"24":0,"25":0,"26":0,"27":0,"28":0,"29":0,"30":0,"31":0,"32":0,"33":0,"34":0,"35":0,"36":0,"37":0,"38":0,"39":0,"41":0,"42":0,"43":0,"44":0,"45":0,"46":0,"47":0,"48":0,"49":0,"50":0,"51":0,"53":0,"54":0,"55":0,"56":0,"57":0,"58":0,"59":0,"60":0,"62":0,"63":0,"64":0,"65":0,"66":0,"67":0,"69":0,"71":0,"72":0,"73":0,"74":0,"75":0,"76":0,"77":0,"78":0,"79":0,"81":0,"82":0,"83":0,"84":0,"85":0,"87":0,"88":0,"89":0,"90":0,"91":0,"92":0,"93":0,"94":0,"95":0,"96":0,"97":0,"98":0,"99":0,"100":0,"101":0,"102":0,"103":0,"104":0,"105":0,"106":0,"107":0,"108":0,"110":0,"111":0,"113":0,"114":0,"115":0,"116":0,"117":0,"118":0,"119":0,"120":0,"121":0,"122":0,"123":0,"124":0,"125":0,"126":0,"128":0,"129":0,"130":0,"131":0,"132":0,"133":0,"134":0,"135":0,"137":0,"138":0,"139":0,"141":0,"142":0,"143":0,"144":0,"145":0,"146":0,"147":0,"148":0,"149":0,"150":0,"152":0,"153":0,"154":0,"155":0,"156":0,"157":0,"158":0,"160":0,"161":0,"162":0,"163":0,"165":0,"166":0,"167":0,"168":0,"169":0,"170":0,"171":0,"172":0,"173":0,"174":0,"175":0,"176":0,"178":0,"179":0,"180":0,"182":0,"183":0,"184":0,"185":0,"186":0,"187":0,"188":0,"189":0,"190":0,"191":0,"192":0,"193":0,"194":0,"195":0,"196":0,"198":0,"199":0,"200":0,"201":0,"202":0,"203":0,"204":0,"205":0,"206":0,"207":0,"208":0,"209":0,"210":0,"211":0,"212":0,"213":0,"214":0,"215":0,"216":0,"218":0,"221":0,"222":0,"223":0,"224":0,"225":0,"226":0,"227":0,"228":0,"229":0,"230":0,"231":0,"232":0,"233":0,"234":0,"236":0,"239":0,"240":0,"241":0,"242":0,"243":0,"244":0,"245":0,"246":0,"247":0,"248":0,"249":0,"250":0,"251":0,"253":0,"256":0,"257":0,"258":0,"259":0,"260":0,"261":0,"262":0,"263":0,"264":0,"265":0,"266":0,"267":0,"268":0,"270":0,"273":0,"274":0,"275":0,"276":0,"277":0,"278":0,"280":0,"283":0,"284":0,"285":0,"286":0,"287":0,"288":0,"289":0,"291":0,"293":0,"294":0,"295":0,"296":0,"297":0,"299":0},"branchMap":{"0":{"type":"branch","line":1,"loc":{"start":{"line":1,"column":0},"end":{"line":300,"column":-4717}},"locations":[{"start":{"line":1,"column":0},"end":{"line":300,"column":-4717}}]}},"b":{"0":[0]},"fnMap":{"0":{"name":"(empty-report)","decl":{"start":{"line":1,"column":0},"end":{"line":300,"column":-4717}},"loc":{"start":{"line":1,"column":0},"end":{"line":300,"column":-4717}},"line":1}},"f":{"0":0}}
,"/home/vika/study/EnergoBoard/frontend/src/api.ts": {"path":"/home/vika/study/EnergoBoard/frontend/src/api.ts","all":true,"statementMap":{"0":{"start":{"line":1,"column":0},"end":{"line":1,"column":26}},"2":{"start":{"line":3,"column":0},"end":{"line":3,"column":26}},"3":{"start":{"line":4,"column":0},"end":{"line":4,"column":72}},"4":{"start":{"line":5,"column":0},"end":{"line":5,"column":3}},"6":{"start":{"line":7,"column":0},"end":{"line":7,"column":42}},"7":{"start":{"line":8,"column":0},"end":{"line":8,"column":47}},"8":{"start":{"line":9,"column":0},"end":{"line":9,"column":14}},"9":{"start":{"line":10,"column":0},"end":{"line":10,"column":42}},"10":{"start":{"line":11,"column":0},"end":{"line":11,"column":53}},"11":{"start":{"line":12,"column":0},"end":{"line":12,"column":3}},"12":{"start":{"line":13,"column":0},"end":{"line":13,"column":16}},"13":{"start":{"line":14,"column":0},"end":{"line":14,"column":3}},"15":{"start":{"line":16,"column":0},"end":{"line":16,"column":24}},"16":{"start":{"line":17,"column":0},"end":{"line":17,"column":51}},"17":{"start":{"line":18,"column":0},"end":{"line":18,"column":75}},"18":{"start":{"line":19,"column":0},"end":{"line":19,"column":16}},"19":{"start":{"line":20,"column":0},"end":{"line":20,"column":4}},"20":{"start":{"line":21,"column":0},"end":{"line":21,"column":70}},"21":{"start":{"line":22,"column":0},"end":{"line":22,"column":85}},"22":{"start":{"line":23,"column":0},"end":{"line":23,"column":16}},"23":{"start":{"line":24,"column":0},"end":{"line":24,"column":4}},"24":{"start":{"line":25,"column":0},"end":{"line":25,"column":2}},"26":{"start":{"line":27,"column":0},"end":{"line":27,"column":19}}},"s":{"0":0,"2":0,"3":0,"4":0,"6":0,"7":0,"8":0,"9":0,"10":0,"11":0,"12":0,"13":0,"15":0,"16":0,"17":0,"18":0,"19":0,"20":0,"21":0,"22":0,"23":0,"24":0,"26":0},"branchMap":{"0":{"type":"branch","line":1,"loc":{"start":{"line":1,"column":0},"end":{"line":27,"column":-36}},"locations":[{"start":{"line":1,"column":0},"end":{"line":27,"column":-36}}]}},"b":{"0":[0]},"fnMap":{"0":{"name":"(empty-report)","decl":{"start":{"line":1,"column":0},"end":{"line":27,"column":-36}},"loc":{"start":{"line":1,"column":0},"end":{"line":27,"column":-36}},"line":1}},"f":{"0":0}}
,"/home/vika/study/EnergoBoard/frontend/src/main.tsx": {"path":"/home/vika/study/EnergoBoard/frontend/src/main.tsx","all":true,"statementMap":{"0":{"start":{"line":1,"column":0},"end":{"line":1,"column":25}},"1":{"start":{"line":2,"column":0},"end":{"line":2,"column":39}},"2":{"start":{"line":3,"column":0},"end":{"line":3,"column":27}},"3":{"start":{"line":4,"column":0},"end":{"line":4,"column":20}},"5":{"start":{"line":6,"column":0},"end":{"line":6,"column":61}},"6":{"start":{"line":7,"column":0},"end":{"line":7,"column":20}},"7":{"start":{"line":8,"column":0},"end":{"line":8,"column":11}},"8":{"start":{"line":9,"column":0},"end":{"line":9,"column":22}},"9":{"start":{"line":10,"column":0},"end":{"line":10,"column":1}}},"s":{"0":0,"1":0,"2":0,"3":0,"5":0,"6":0,"7":0,"8":0,"9":0},"branchMap":{"0":{"type":"branch","line":1,"loc":{"start":{"line":1,"column":235},"end":{"line":10,"column":1}},"locations":[{"start":{"line":1,"column":235},"end":{"line":10,"column":1}}]}},"b":{"0":[0]},"fnMap":{"0":{"name":"(empty-report)","decl":{"start":{"line":1,"column":235},"end":{"line":10,"column":1}},"loc":{"start":{"line":1,"column":235},"end":{"line":10,"column":1}},"line":1}},"f":{"0":0}}
,"/home/vika/study/EnergoBoard/frontend/src/components/ui/PageHeader.tsx": {"path":"/home/vika/study/EnergoBoard/frontend/src/components/ui/PageHeader.tsx","all":false,"statementMap":{"0":{"start":{"line":1,"column":0},"end":{"line":1,"column":34}},"14":{"start":{"line":15,"column":0},"end":{"line":15,"column":28}},"15":{"start":{"line":16,"column":0},"end":{"line":16,"column":10}},"16":{"start":{"line":17,"column":0},"end":{"line":17,"column":8}},"17":{"start":{"line":18,"column":0},"end":{"line":18,"column":14}},"18":{"start":{"line":19,"column":0},"end":{"line":19,"column":10}},"19":{"start":{"line":20,"column":0},"end":{"line":20,"column":11}},"20":{"start":{"line":21,"column":0},"end":{"line":21,"column":18}},"21":{"start":{"line":22,"column":0},"end":{"line":22,"column":19}},"22":{"start":{"line":23,"column":0},"end":{"line":23,"column":21}},"23":{"start":{"line":24,"column":0},"end":{"line":24,"column":75}},"24":{"start":{"line":25,"column":0},"end":{"line":25,"column":10}},"25":{"start":{"line":26,"column":0},"end":{"line":26,"column":109}},"26":{"start":{"line":27,"column":0},"end":{"line":27,"column":11}},"27":{"start":{"line":28,"column":0},"end":{"line":28,"column":58}},"28":{"start":{"line":29,"column":0},"end":{"line":29,"column":17}},"29":{"start":{"line":30,"column":0},"end":{"line":30,"column":66}},"30":{"start":{"line":31,"column":0},"end":{"line":31,"column":18}},"31":{"start":{"line":32,"column":0},"end":{"line":32,"column":12}},"32":{"start":{"line":33,"column":0},"end":{"line":33,"column":71}},"33":{"start":{"line":34,"column":0},"end":{"line":34,"column":10}},"35":{"start":{"line":36,"column":0},"end":{"line":36,"column":1}}},"s":{"0":1,"14":1,"15":964,"16":964,"17":964,"18":964,"19":964,"20":964,"21":964,"22":964,"23":964,"24":964,"25":964,"26":964,"27":964,"28":964,"29":964,"30":964,"31":964,"32":964,"33":964,"35":964},"branchMap":{"0":{"type":"branch","line":15,"loc":{"start":{"line":15,"column":7},"end":{"line":36,"column":1}},"locations":[{"start":{"line":15,"column":7},"end":{"line":36,"column":1}}]},"1":{"type":"branch","line":24,"loc":{"start":{"line":24,"column":30},"end":{"line":24,"column":58}},"locations":[{"start":{"line":24,"column":30},"end":{"line":24,"column":58}}]},"2":{"type":"branch","line":24,"loc":{"start":{"line":24,"column":50},"end":{"line":24,"column":75}},"locations":[{"start":{"line":24,"column":50},"end":{"line":24,"column":75}}]},"3":{"type":"branch","line":26,"loc":{"start":{"line":26,"column":47},"end":{"line":26,"column":84}},"locations":[{"start":{"line":26,"column":47},"end":{"line":26,"column":84}}]},"4":{"type":"branch","line":26,"loc":{"start":{"line":26,"column":59},"end":{"line":26,"column":86}},"locations":[{"start":{"line":26,"column":59},"end":{"line":26,"column":86}}]},"5":{"type":"branch","line":28,"loc":{"start":{"line":28,"column":9},"end":{"line":28,"column":58}},"locations":[{"start":{"line":28,"column":9},"end":{"line":28,"column":58}}]},"6":{"type":"branch","line":33,"loc":{"start":{"line":33,"column":7},"end":{"line":33,"column":71}},"locations":[{"start":{"line":33,"column":7},"end":{"line":33,"column":71}}]}},"b":{"0":[964],"1":[286],"2":[678],"3":[678],"4":[286],"5":[286],"6":[357]},"fnMap":{"0":{"name":"PageHeader","decl":{"start":{"line":15,"column":7},"end":{"line":36,"column":1}},"loc":{"start":{"line":15,"column":7},"end":{"line":36,"column":1}},"line":15}},"f":{"0":964}}
,"/home/vika/study/EnergoBoard/frontend/src/components/ui/Surface.tsx": {"path":"/home/vika/study/EnergoBoard/frontend/src/components/ui/Surface.tsx","all":false,"statementMap":{"0":{"start":{"line":1,"column":0},"end":{"line":1,"column":62}},"15":{"start":{"line":16,"column":0},"end":{"line":16,"column":56}},"16":{"start":{"line":17,"column":0},"end":{"line":17,"column":5}},"17":{"start":{"line":18,"column":0},"end":{"line":18,"column":19}},"18":{"start":{"line":19,"column":0},"end":{"line":19,"column":22}},"19":{"start":{"line":20,"column":0},"end":{"line":20,"column":21}},"20":{"start":{"line":21,"column":0},"end":{"line":21,"column":12}},"21":{"start":{"line":22,"column":0},"end":{"line":22,"column":9}},"22":{"start":{"line":23,"column":0},"end":{"line":23,"column":25}},"23":{"start":{"line":24,"column":0},"end":{"line":24,"column":32}},"24":{"start":{"line":25,"column":0},"end":{"line":25,"column":19}},"25":{"start":{"line":26,"column":0},"end":{"line":26,"column":14}},"26":{"start":{"line":27,"column":0},"end":{"line":27,"column":48}},"27":{"start":{"line":28,"column":0},"end":{"line":28,"column":54}},"28":{"start":{"line":29,"column":0},"end":{"line":29,"column":41}},"29":{"start":{"line":30,"column":0},"end":{"line":30,"column":20}},"30":{"start":{"line":31,"column":0},"end":{"line":31,"column":3}},"31":{"start":{"line":32,"column":0},"end":{"line":32,"column":20}},"32":{"start":{"line":33,"column":0},"end":{"line":33,"column":15}},"34":{"start":{"line":35,"column":0},"end":{"line":35,"column":86}},"35":{"start":{"line":36,"column":0},"end":{"line":36,"column":1}}},"s":{"0":1,"15":1,"16":952,"17":952,"18":952,"19":952,"20":952,"21":952,"22":952,"23":952,"24":952,"25":952,"26":952,"27":952,"28":952,"29":952,"30":952,"31":952,"32":952,"34":952,"35":952},"branchMap":{"0":{"type":"branch","line":16,"loc":{"start":{"line":16,"column":7},"end":{"line":36,"column":1}},"locations":[{"start":{"line":16,"column":7},"end":{"line":36,"column":1}}]},"1":{"type":"branch","line":24,"loc":{"start":{"line":24,"column":20},"end":{"line":24,"column":32}},"locations":[{"start":{"line":24,"column":20},"end":{"line":24,"column":32}}]},"2":{"type":"branch","line":27,"loc":{"start":{"line":27,"column":13},"end":{"line":27,"column":45}},"locations":[{"start":{"line":27,"column":13},"end":{"line":27,"column":45}}]},"3":{"type":"branch","line":27,"loc":{"start":{"line":27,"column":40},"end":{"line":27,"column":48}},"locations":[{"start":{"line":27,"column":40},"end":{"line":27,"column":48}}]},"4":{"type":"branch","line":28,"loc":{"start":{"line":28,"column":16},"end":{"line":28,"column":51}},"locations":[{"start":{"line":28,"column":16},"end":{"line":28,"column":51}}]},"5":{"type":"branch","line":28,"loc":{"start":{"line":28,"column":46},"end":{"line":28,"column":54}},"locations":[{"start":{"line":28,"column":46},"end":{"line":28,"column":54}}]},"6":{"type":"branch","line":29,"loc":{"start":{"line":29,"column":5},"end":{"line":29,"column":38}},"locations":[{"start":{"line":29,"column":5},"end":{"line":29,"column":38}}]},"7":{"type":"branch","line":29,"loc":{"start":{"line":29,"column":19},"end":{"line":29,"column":41}},"locations":[{"start":{"line":29,"column":19},"end":{"line":29,"column":41}}]},"8":{"type":"branch","line":30,"loc":{"start":{"line":30,"column":4},"end":{"line":30,"column":20}},"locations":[{"start":{"line":30,"column":4},"end":{"line":30,"column":20}}]}},"b":{"0":[952],"1":[858],"2":[0],"3":[951],"4":[0],"5":[951],"6":[0],"7":[951],"8":[912]},"fnMap":{"0":{"name":"Surface","decl":{"start":{"line":16,"column":7},"end":{"line":36,"column":1}},"loc":{"start":{"line":16,"column":7},"end":{"line":36,"column":1}},"line":16}},"f":{"0":952}}
,"/home/vika/study/EnergoBoard/frontend/src/components/ui/index.ts": {"path":"/home/vika/study/EnergoBoard/frontend/src/components/ui/index.ts","all":false,"statementMap":{"0":{"start":{"line":1,"column":0},"end":{"line":1,"column":42}}},"s":{"0":1},"branchMap":{},"b":{},"fnMap":{},"f":{}}
,"/home/vika/study/EnergoBoard/frontend/src/hooks/useMediaQuery.ts": {"path":"/home/vika/study/EnergoBoard/frontend/src/hooks/useMediaQuery.ts","all":false,"statementMap":{"0":{"start":{"line":1,"column":0},"end":{"line":1,"column":44}},"2":{"start":{"line":3,"column":0},"end":{"line":3,"column":46}},"3":{"start":{"line":4,"column":0},"end":{"line":4,"column":48}},"4":{"start":{"line":5,"column":0},"end":{"line":5,"column":52}},"5":{"start":{"line":6,"column":0},"end":{"line":6,"column":44}},"6":{"start":{"line":7,"column":0},"end":{"line":7,"column":5}},"8":{"start":{"line":9,"column":0},"end":{"line":9,"column":19}},"9":{"start":{"line":10,"column":0},"end":{"line":10,"column":62}},"10":{"start":{"line":11,"column":0},"end":{"line":11,"column":43}},"11":{"start":{"line":12,"column":0},"end":{"line":12,"column":79}},"12":{"start":{"line":13,"column":0},"end":{"line":13,"column":47}},"13":{"start":{"line":14,"column":0},"end":{"line":14,"column":30}},"14":{"start":{"line":15,"column":0},"end":{"line":15,"column":63}},"15":{"start":{"line":16,"column":0},"end":{"line":16,"column":14}},"17":{"start":{"line":18,"column":0},"end":{"line":18,"column":17}},"18":{"start":{"line":19,"column":0},"end":{"line":19,"column":1}}},"s":{"0":1,"2":1,"3":63,"4":20,"5":20,"6":63,"8":63,"9":20,"10":20,"11":20,"12":20,"13":20,"14":20,"15":63,"17":63,"18":63},"branchMap":{"0":{"type":"branch","line":3,"loc":{"start":{"line":3,"column":7},"end":{"line":19,"column":1}},"locations":[{"start":{"line":3,"column":7},"end":{"line":19,"column":1}}]},"1":{"type":"branch","line":4,"loc":{"start":{"line":4,"column":41},"end":{"line":7,"column":3}},"locations":[{"start":{"line":4,"column":41},"end":{"line":7,"column":3}}]},"2":{"type":"branch","line":5,"loc":{"start":{"line":5,"column":39},"end":{"line":5,"column":52}},"locations":[{"start":{"line":5,"column":39},"end":{"line":5,"column":52}}]},"3":{"type":"branch","line":9,"loc":{"start":{"line":9,"column":12},"end":{"line":16,"column":5}},"locations":[{"start":{"line":9,"column":12},"end":{"line":16,"column":5}}]},"4":{"type":"branch","line":10,"loc":{"start":{"line":10,"column":39},"end":{"line":10,"column":62}},"locations":[{"start":{"line":10,"column":39},"end":{"line":10,"column":62}}]},"5":{"type":"branch","line":15,"loc":{"start":{"line":15,"column":11},"end":{"line":15,"column":63}},"locations":[{"start":{"line":15,"column":11},"end":{"line":15,"column":63}}]}},"b":{"0":[63],"1":[20],"2":[0],"3":[20],"4":[0],"5":[20]},"fnMap":{"0":{"name":"useMediaQuery","decl":{"start":{"line":3,"column":7},"end":{"line":19,"column":1}},"loc":{"start":{"line":3,"column":7},"end":{"line":19,"column":1}},"line":3},"1":{"name":"listener","decl":{"start":{"line":12,"column":21},"end":{"line":12,"column":79}},"loc":{"start":{"line":12,"column":21},"end":{"line":12,"column":79}},"line":12}},"f":{"0":63,"1":0}}
,"/home/vika/study/EnergoBoard/frontend/src/pages/AnalyticsPage.tsx": {"path":"/home/vika/study/EnergoBoard/frontend/src/pages/AnalyticsPage.tsx","all":false,"statementMap":{"0":{"start":{"line":1,"column":0},"end":{"line":1,"column":53}},"58":{"start":{"line":59,"column":0},"end":{"line":59,"column":43}},"60":{"start":{"line":61,"column":0},"end":{"line":61,"column":49}},"61":{"start":{"line":62,"column":0},"end":{"line":62,"column":31}},"62":{"start":{"line":63,"column":0},"end":{"line":63,"column":30}},"63":{"start":{"line":64,"column":0},"end":{"line":64,"column":28}},"64":{"start":{"line":65,"column":0},"end":{"line":65,"column":13}},"65":{"start":{"line":66,"column":0},"end":{"line":66,"column":23}},"66":{"start":{"line":67,"column":0},"end":{"line":67,"column":2}},"68":{"start":{"line":69,"column":0},"end":{"line":69,"column":23}},"69":{"start":{"line":70,"column":0},"end":{"line":70,"column":44}},"70":{"start":{"line":71,"column":0},"end":{"line":71,"column":42}},"71":{"start":{"line":72,"column":0},"end":{"line":72,"column":37}},"72":{"start":{"line":73,"column":0},"end":{"line":73,"column":39}},"73":{"start":{"line":74,"column":0},"end":{"line":74,"column":11}},"75":{"start":{"line":76,"column":0},"end":{"line":76,"column":64}},"76":{"start":{"line":77,"column":0},"end":{"line":77,"column":38}},"77":{"start":{"line":78,"column":0},"end":{"line":78,"column":2}},"79":{"start":{"line":80,"column":0},"end":{"line":80,"column":71}},"80":{"start":{"line":81,"column":0},"end":{"line":81,"column":46}},"81":{"start":{"line":82,"column":0},"end":{"line":82,"column":27}},"82":{"start":{"line":83,"column":0},"end":{"line":83,"column":82}},"83":{"start":{"line":84,"column":0},"end":{"line":84,"column":10}},"84":{"start":{"line":85,"column":0},"end":{"line":85,"column":36}},"85":{"start":{"line":86,"column":0},"end":{"line":86,"column":38}},"86":{"start":{"line":87,"column":0},"end":{"line":87,"column":34}},"87":{"start":{"line":88,"column":0},"end":{"line":88,"column":36}},"88":{"start":{"line":89,"column":0},"end":{"line":89,"column":4}},"89":{"start":{"line":90,"column":0},"end":{"line":90,"column":2}},"91":{"start":{"line":92,"column":0},"end":{"line":92,"column":72}},"92":{"start":{"line":93,"column":0},"end":{"line":93,"column":85}},"93":{"start":{"line":94,"column":0},"end":{"line":94,"column":63}},"94":{"start":{"line":95,"column":0},"end":{"line":95,"column":63}},"95":{"start":{"line":96,"column":0},"end":{"line":96,"column":67}},"96":{"start":{"line":97,"column":0},"end":{"line":97,"column":48}},"97":{"start":{"line":98,"column":0},"end":{"line":98,"column":58}},"98":{"start":{"line":99,"column":0},"end":{"line":99,"column":82}},"99":{"start":{"line":100,"column":0},"end":{"line":100,"column":55}},"100":{"start":{"line":101,"column":0},"end":{"line":101,"column":97}},"101":{"start":{"line":102,"column":0},"end":{"line":102,"column":57}},"102":{"start":{"line":103,"column":0},"end":{"line":103,"column":67}},"103":{"start":{"line":104,"column":0},"end":{"line":104,"column":62}},"104":{"start":{"line":105,"column":0},"end":{"line":105,"column":56}},"106":{"start":{"line":107,"column":0},"end":{"line":107,"column":19}},"107":{"start":{"line":108,"column":0},"end":{"line":108,"column":50}},"108":{"start":{"line":109,"column":0},"end":{"line":109,"column":41}},"109":{"start":{"line":110,"column":0},"end":{"line":110,"column":5}},"110":{"start":{"line":111,"column":0},"end":{"line":111,"column":25}},"112":{"start":{"line":113,"column":0},"end":{"line":113,"column":19}},"113":{"start":{"line":114,"column":0},"end":{"line":114,"column":55}},"114":{"start":{"line":115,"column":0},"end":{"line":115,"column":17}},"115":{"start":{"line":116,"column":0},"end":{"line":116,"column":11}},"116":{"start":{"line":117,"column":0},"end":{"line":117,"column":46}},"117":{"start":{"line":118,"column":0},"end":{"line":118,"column":19}},"118":{"start":{"line":119,"column":0},"end":{"line":119,"column":54}},"119":{"start":{"line":120,"column":0},"end":{"line":120,"column":7}},"120":{"start":{"line":121,"column":0},"end":{"line":121,"column":5}},"121":{"start":{"line":122,"column":0},"end":{"line":122,"column":9}},"123":{"start":{"line":124,"column":0},"end":{"line":124,"column":38}},"124":{"start":{"line":125,"column":0},"end":{"line":125,"column":46}},"125":{"start":{"line":126,"column":0},"end":{"line":126,"column":20}},"127":{"start":{"line":128,"column":0},"end":{"line":128,"column":19}},"128":{"start":{"line":129,"column":0},"end":{"line":129,"column":36}},"129":{"start":{"line":130,"column":0},"end":{"line":130,"column":21}},"130":{"start":{"line":131,"column":0},"end":{"line":131,"column":19}},"131":{"start":{"line":132,"column":0},"end":{"line":132,"column":7}},"132":{"start":{"line":133,"column":0},"end":{"line":133,"column":45}},"133":{"start":{"line":134,"column":0},"end":{"line":134,"column":17}},"134":{"start":{"line":135,"column":0},"end":{"line":135,"column":44}},"135":{"start":{"line":136,"column":0},"end":{"line":136,"column":51}},"136":{"start":{"line":137,"column":0},"end":{"line":137,"column":26}},"137":{"start":{"line":138,"column":0},"end":{"line":138,"column":10}},"138":{"start":{"line":139,"column":0},"end":{"line":139,"column":8}},"139":{"start":{"line":140,"column":0},"end":{"line":140,"column":40}},"140":{"start":{"line":141,"column":0},"end":{"line":141,"column":62}},"141":{"start":{"line":142,"column":0},"end":{"line":142,"column":40}},"142":{"start":{"line":143,"column":0},"end":{"line":143,"column":48}},"144":{"start":{"line":145,"column":0},"end":{"line":145,"column":19}},"145":{"start":{"line":146,"column":0},"end":{"line":146,"column":42}},"146":{"start":{"line":147,"column":0},"end":{"line":147,"column":9}},"147":{"start":{"line":148,"column":0},"end":{"line":148,"column":47}},"148":{"start":{"line":149,"column":0},"end":{"line":149,"column":19}},"149":{"start":{"line":150,"column":0},"end":{"line":150,"column":54}},"150":{"start":{"line":151,"column":0},"end":{"line":151,"column":62}},"151":{"start":{"line":152,"column":0},"end":{"line":152,"column":59}},"152":{"start":{"line":153,"column":0},"end":{"line":153,"column":12}},"153":{"start":{"line":154,"column":0},"end":{"line":154,"column":10}},"154":{"start":{"line":155,"column":0},"end":{"line":155,"column":27}},"155":{"start":{"line":156,"column":0},"end":{"line":156,"column":38}},"156":{"start":{"line":157,"column":0},"end":{"line":157,"column":20}},"157":{"start":{"line":158,"column":0},"end":{"line":158,"column":32}},"158":{"start":{"line":159,"column":0},"end":{"line":159,"column":14}},"159":{"start":{"line":160,"column":0},"end":{"line":160,"column":9}},"160":{"start":{"line":161,"column":0},"end":{"line":161,"column":32}},"161":{"start":{"line":162,"column":0},"end":{"line":162,"column":7}},"162":{"start":{"line":163,"column":0},"end":{"line":163,"column":23}},"164":{"start":{"line":165,"column":0},"end":{"line":165,"column":19}},"165":{"start":{"line":166,"column":0},"end":{"line":166,"column":27}},"166":{"start":{"line":167,"column":0},"end":{"line":167,"column":52}},"168":{"start":{"line":169,"column":0},"end":{"line":169,"column":42}},"169":{"start":{"line":170,"column":0},"end":{"line":170,"column":97}},"170":{"start":{"line":171,"column":0},"end":{"line":171,"column":4}},"172":{"start":{"line":173,"column":0},"end":{"line":173,"column":62}},"173":{"start":{"line":174,"column":0},"end":{"line":174,"column":29}},"174":{"start":{"line":175,"column":0},"end":{"line":175,"column":63}},"175":{"start":{"line":176,"column":0},"end":{"line":176,"column":4}},"177":{"start":{"line":178,"column":0},"end":{"line":178,"column":29}},"178":{"start":{"line":179,"column":0},"end":{"line":179,"column":36}},"179":{"start":{"line":180,"column":0},"end":{"line":180,"column":31}},"180":{"start":{"line":181,"column":0},"end":{"line":181,"column":71}},"181":{"start":{"line":182,"column":0},"end":{"line":182,"column":39}},"182":{"start":{"line":183,"column":0},"end":{"line":183,"column":9}},"183":{"start":{"line":184,"column":0},"end":{"line":184,"column":11}},"184":{"start":{"line":185,"column":0},"end":{"line":185,"column":30}},"185":{"start":{"line":186,"column":0},"end":{"line":186,"column":19}},"186":{"start":{"line":187,"column":0},"end":{"line":187,"column":18}},"187":{"start":{"line":188,"column":0},"end":{"line":188,"column":13}},"188":{"start":{"line":189,"column":0},"end":{"line":189,"column":15}},"189":{"start":{"line":190,"column":0},"end":{"line":190,"column":6}},"190":{"start":{"line":191,"column":0},"end":{"line":191,"column":48}},"191":{"start":{"line":192,"column":0},"end":{"line":192,"column":24}},"192":{"start":{"line":193,"column":0},"end":{"line":193,"column":4}},"194":{"start":{"line":195,"column":0},"end":{"line":195,"column":42}},"195":{"start":{"line":196,"column":0},"end":{"line":196,"column":64}},"196":{"start":{"line":197,"column":0},"end":{"line":197,"column":4}},"198":{"start":{"line":199,"column":0},"end":{"line":199,"column":94}},"200":{"start":{"line":201,"column":0},"end":{"line":201,"column":56}},"201":{"start":{"line":202,"column":0},"end":{"line":202,"column":33}},"202":{"start":{"line":203,"column":0},"end":{"line":203,"column":9}},"203":{"start":{"line":204,"column":0},"end":{"line":204,"column":78}},"204":{"start":{"line":205,"column":0},"end":{"line":205,"column":11}},"205":{"start":{"line":206,"column":0},"end":{"line":206,"column":4}},"207":{"start":{"line":208,"column":0},"end":{"line":208,"column":47}},"208":{"start":{"line":209,"column":0},"end":{"line":209,"column":29}},"209":{"start":{"line":210,"column":0},"end":{"line":210,"column":34}},"210":{"start":{"line":211,"column":0},"end":{"line":211,"column":38}},"211":{"start":{"line":212,"column":0},"end":{"line":212,"column":82}},"212":{"start":{"line":213,"column":0},"end":{"line":213,"column":51}},"213":{"start":{"line":214,"column":0},"end":{"line":214,"column":14}},"214":{"start":{"line":215,"column":0},"end":{"line":215,"column":13}},"215":{"start":{"line":216,"column":0},"end":{"line":216,"column":44}},"216":{"start":{"line":217,"column":0},"end":{"line":217,"column":54}},"217":{"start":{"line":218,"column":0},"end":{"line":218,"column":8}},"218":{"start":{"line":219,"column":0},"end":{"line":219,"column":7}},"219":{"start":{"line":220,"column":0},"end":{"line":220,"column":23}},"221":{"start":{"line":222,"column":0},"end":{"line":222,"column":38}},"222":{"start":{"line":223,"column":0},"end":{"line":223,"column":61}},"223":{"start":{"line":224,"column":0},"end":{"line":224,"column":89}},"224":{"start":{"line":225,"column":0},"end":{"line":225,"column":79}},"225":{"start":{"line":226,"column":0},"end":{"line":226,"column":30}},"226":{"start":{"line":227,"column":0},"end":{"line":227,"column":8}},"227":{"start":{"line":228,"column":0},"end":{"line":228,"column":92}},"228":{"start":{"line":229,"column":0},"end":{"line":229,"column":6}},"230":{"start":{"line":231,"column":0},"end":{"line":231,"column":12}},"231":{"start":{"line":232,"column":0},"end":{"line":232,"column":88}},"232":{"start":{"line":233,"column":0},"end":{"line":233,"column":61}},"233":{"start":{"line":234,"column":0},"end":{"line":234,"column":21}},"234":{"start":{"line":235,"column":0},"end":{"line":235,"column":6}},"235":{"start":{"line":236,"column":0},"end":{"line":236,"column":13}},"237":{"start":{"line":238,"column":0},"end":{"line":238,"column":97}},"238":{"start":{"line":239,"column":0},"end":{"line":239,"column":61}},"240":{"start":{"line":241,"column":0},"end":{"line":241,"column":43}},"241":{"start":{"line":242,"column":0},"end":{"line":242,"column":114}},"242":{"start":{"line":243,"column":0},"end":{"line":243,"column":57}},"243":{"start":{"line":244,"column":0},"end":{"line":244,"column":73}},"244":{"start":{"line":245,"column":0},"end":{"line":245,"column":40}},"245":{"start":{"line":246,"column":0},"end":{"line":246,"column":26}},"246":{"start":{"line":247,"column":0},"end":{"line":247,"column":38}},"247":{"start":{"line":248,"column":0},"end":{"line":248,"column":28}},"248":{"start":{"line":249,"column":0},"end":{"line":249,"column":9}},"249":{"start":{"line":250,"column":0},"end":{"line":250,"column":7}},"250":{"start":{"line":251,"column":0},"end":{"line":251,"column":96}},"251":{"start":{"line":252,"column":0},"end":{"line":252,"column":19}},"252":{"start":{"line":253,"column":0},"end":{"line":253,"column":13}},"254":{"start":{"line":255,"column":0},"end":{"line":255,"column":40}},"255":{"start":{"line":256,"column":0},"end":{"line":256,"column":34}},"256":{"start":{"line":257,"column":0},"end":{"line":257,"column":75}},"257":{"start":{"line":258,"column":0},"end":{"line":258,"column":90}},"258":{"start":{"line":259,"column":0},"end":{"line":259,"column":62}},"259":{"start":{"line":260,"column":0},"end":{"line":260,"column":36}},"260":{"start":{"line":261,"column":0},"end":{"line":261,"column":37}},"261":{"start":{"line":262,"column":0},"end":{"line":262,"column":70}},"262":{"start":{"line":263,"column":0},"end":{"line":263,"column":62}},"263":{"start":{"line":264,"column":0},"end":{"line":264,"column":94}},"264":{"start":{"line":265,"column":0},"end":{"line":265,"column":82}},"265":{"start":{"line":266,"column":0},"end":{"line":266,"column":75}},"266":{"start":{"line":267,"column":0},"end":{"line":267,"column":11}},"267":{"start":{"line":268,"column":0},"end":{"line":268,"column":21}},"268":{"start":{"line":269,"column":0},"end":{"line":269,"column":9}},"269":{"start":{"line":270,"column":0},"end":{"line":270,"column":5}},"270":{"start":{"line":271,"column":0},"end":{"line":271,"column":46}},"271":{"start":{"line":272,"column":0},"end":{"line":272,"column":21}},"272":{"start":{"line":273,"column":0},"end":{"line":273,"column":25}},"273":{"start":{"line":274,"column":0},"end":{"line":274,"column":29}},"274":{"start":{"line":275,"column":0},"end":{"line":275,"column":31}},"275":{"start":{"line":276,"column":0},"end":{"line":276,"column":36}},"276":{"start":{"line":277,"column":0},"end":{"line":277,"column":29}},"277":{"start":{"line":278,"column":0},"end":{"line":278,"column":26}},"278":{"start":{"line":279,"column":0},"end":{"line":279,"column":32}},"279":{"start":{"line":280,"column":0},"end":{"line":280,"column":8}},"280":{"start":{"line":281,"column":0},"end":{"line":281,"column":87}},"282":{"start":{"line":283,"column":0},"end":{"line":283,"column":35}},"283":{"start":{"line":284,"column":0},"end":{"line":284,"column":81}},"284":{"start":{"line":285,"column":0},"end":{"line":285,"column":82}},"285":{"start":{"line":286,"column":0},"end":{"line":286,"column":59}},"286":{"start":{"line":287,"column":0},"end":{"line":287,"column":32}},"287":{"start":{"line":288,"column":0},"end":{"line":288,"column":28}},"288":{"start":{"line":289,"column":0},"end":{"line":289,"column":35}},"289":{"start":{"line":290,"column":0},"end":{"line":290,"column":126}},"290":{"start":{"line":291,"column":0},"end":{"line":291,"column":85}},"291":{"start":{"line":292,"column":0},"end":{"line":292,"column":58}},"292":{"start":{"line":293,"column":0},"end":{"line":293,"column":7}},"293":{"start":{"line":294,"column":0},"end":{"line":294,"column":86}},"294":{"start":{"line":295,"column":0},"end":{"line":295,"column":21}},"296":{"start":{"line":297,"column":0},"end":{"line":297,"column":24}},"297":{"start":{"line":298,"column":0},"end":{"line":298,"column":35}},"298":{"start":{"line":299,"column":0},"end":{"line":299,"column":114}},"300":{"start":{"line":301,"column":0},"end":{"line":301,"column":15}},"301":{"start":{"line":302,"column":0},"end":{"line":302,"column":120}},"303":{"start":{"line":304,"column":0},"end":{"line":304,"column":15}},"304":{"start":{"line":305,"column":0},"end":{"line":305,"column":10}},"307":{"start":{"line":308,"column":0},"end":{"line":308,"column":26}},"308":{"start":{"line":309,"column":0},"end":{"line":309,"column":6}},"309":{"start":{"line":310,"column":0},"end":{"line":310,"column":11}},"310":{"start":{"line":311,"column":0},"end":{"line":311,"column":43}},"311":{"start":{"line":312,"column":0},"end":{"line":312,"column":39}},"312":{"start":{"line":313,"column":0},"end":{"line":313,"column":34}},"313":{"start":{"line":314,"column":0},"end":{"line":314,"column":54}},"314":{"start":{"line":315,"column":0},"end":{"line":315,"column":20}},"315":{"start":{"line":316,"column":0},"end":{"line":316,"column":21}},"316":{"start":{"line":317,"column":0},"end":{"line":317,"column":26}},"317":{"start":{"line":318,"column":0},"end":{"line":318,"column":29}},"318":{"start":{"line":319,"column":0},"end":{"line":319,"column":74}},"319":{"start":{"line":320,"column":0},"end":{"line":320,"column":52}},"321":{"start":{"line":322,"column":0},"end":{"line":322,"column":63}},"322":{"start":{"line":323,"column":0},"end":{"line":323,"column":23}},"324":{"start":{"line":325,"column":0},"end":{"line":325,"column":13}},"325":{"start":{"line":326,"column":0},"end":{"line":326,"column":14}},"326":{"start":{"line":327,"column":0},"end":{"line":327,"column":12}},"328":{"start":{"line":329,"column":0},"end":{"line":329,"column":11}},"329":{"start":{"line":330,"column":0},"end":{"line":330,"column":44}},"330":{"start":{"line":331,"column":0},"end":{"line":331,"column":32}},"331":{"start":{"line":332,"column":0},"end":{"line":332,"column":56}},"332":{"start":{"line":333,"column":0},"end":{"line":333,"column":19}},"333":{"start":{"line":334,"column":0},"end":{"line":334,"column":23}},"334":{"start":{"line":335,"column":0},"end":{"line":335,"column":27}},"335":{"start":{"line":336,"column":0},"end":{"line":336,"column":71}},"336":{"start":{"line":337,"column":0},"end":{"line":337,"column":79}},"338":{"start":{"line":339,"column":0},"end":{"line":339,"column":28}},"339":{"start":{"line":340,"column":0},"end":{"line":340,"column":21}},"340":{"start":{"line":341,"column":0},"end":{"line":341,"column":13}},"341":{"start":{"line":342,"column":0},"end":{"line":342,"column":14}},"342":{"start":{"line":343,"column":0},"end":{"line":343,"column":12}},"344":{"start":{"line":345,"column":0},"end":{"line":345,"column":11}},"345":{"start":{"line":346,"column":0},"end":{"line":346,"column":42}},"346":{"start":{"line":347,"column":0},"end":{"line":347,"column":87}},"347":{"start":{"line":348,"column":0},"end":{"line":348,"column":39}},"348":{"start":{"line":349,"column":0},"end":{"line":349,"column":60}},"349":{"start":{"line":350,"column":0},"end":{"line":350,"column":59}},"350":{"start":{"line":351,"column":0},"end":{"line":351,"column":57}},"351":{"start":{"line":352,"column":0},"end":{"line":352,"column":42}},"352":{"start":{"line":353,"column":0},"end":{"line":353,"column":52}},"353":{"start":{"line":354,"column":0},"end":{"line":354,"column":17}},"354":{"start":{"line":355,"column":0},"end":{"line":355,"column":12}},"356":{"start":{"line":357,"column":0},"end":{"line":357,"column":11}},"357":{"start":{"line":358,"column":0},"end":{"line":358,"column":43}},"358":{"start":{"line":359,"column":0},"end":{"line":359,"column":39}},"359":{"start":{"line":360,"column":0},"end":{"line":360,"column":116}},"361":{"start":{"line":362,"column":0},"end":{"line":362,"column":19}},"362":{"start":{"line":363,"column":0},"end":{"line":363,"column":17}},"363":{"start":{"line":364,"column":0},"end":{"line":364,"column":64}},"364":{"start":{"line":365,"column":0},"end":{"line":365,"column":52}},"365":{"start":{"line":366,"column":0},"end":{"line":366,"column":25}},"366":{"start":{"line":367,"column":0},"end":{"line":367,"column":11}},"368":{"start":{"line":369,"column":0},"end":{"line":369,"column":19}},"369":{"start":{"line":370,"column":0},"end":{"line":370,"column":14}},"370":{"start":{"line":371,"column":0},"end":{"line":371,"column":12}},"372":{"start":{"line":373,"column":0},"end":{"line":373,"column":11}},"373":{"start":{"line":374,"column":0},"end":{"line":374,"column":58}},"374":{"start":{"line":375,"column":0},"end":{"line":375,"column":119}},"375":{"start":{"line":376,"column":0},"end":{"line":376,"column":83}},"377":{"start":{"line":378,"column":0},"end":{"line":378,"column":17}},"378":{"start":{"line":379,"column":0},"end":{"line":379,"column":92}},"379":{"start":{"line":380,"column":0},"end":{"line":380,"column":12}},"380":{"start":{"line":381,"column":0},"end":{"line":381,"column":7}},"383":{"start":{"line":384,"column":0},"end":{"line":384,"column":10}},"384":{"start":{"line":385,"column":0},"end":{"line":385,"column":26}},"385":{"start":{"line":386,"column":0},"end":{"line":386,"column":17}},"386":{"start":{"line":387,"column":0},"end":{"line":387,"column":43}},"387":{"start":{"line":388,"column":0},"end":{"line":388,"column":41}},"388":{"start":{"line":389,"column":0},"end":{"line":389,"column":101}},"389":{"start":{"line":390,"column":0},"end":{"line":390,"column":30}},"390":{"start":{"line":391,"column":0},"end":{"line":391,"column":8}},"392":{"start":{"line":393,"column":0},"end":{"line":393,"column":90}},"393":{"start":{"line":394,"column":0},"end":{"line":394,"column":85}},"395":{"start":{"line":396,"column":0},"end":{"line":396,"column":46}},"396":{"start":{"line":397,"column":0},"end":{"line":397,"column":25}},"397":{"start":{"line":398,"column":0},"end":{"line":398,"column":89}},"398":{"start":{"line":399,"column":0},"end":{"line":399,"column":66}},"399":{"start":{"line":400,"column":0},"end":{"line":400,"column":61}},"400":{"start":{"line":401,"column":0},"end":{"line":401,"column":57}},"401":{"start":{"line":402,"column":0},"end":{"line":402,"column":23}},"402":{"start":{"line":403,"column":0},"end":{"line":403,"column":30}},"403":{"start":{"line":404,"column":0},"end":{"line":404,"column":22}},"405":{"start":{"line":406,"column":0},"end":{"line":406,"column":65}},"406":{"start":{"line":407,"column":0},"end":{"line":407,"column":53}},"408":{"start":{"line":409,"column":0},"end":{"line":409,"column":20}},"409":{"start":{"line":410,"column":0},"end":{"line":410,"column":14}},"410":{"start":{"line":411,"column":0},"end":{"line":411,"column":41}},"411":{"start":{"line":412,"column":0},"end":{"line":412,"column":47}},"412":{"start":{"line":413,"column":0},"end":{"line":413,"column":61}},"413":{"start":{"line":414,"column":0},"end":{"line":414,"column":82}},"414":{"start":{"line":415,"column":0},"end":{"line":415,"column":79}},"415":{"start":{"line":416,"column":0},"end":{"line":416,"column":26}},"416":{"start":{"line":417,"column":0},"end":{"line":417,"column":47}},"417":{"start":{"line":418,"column":0},"end":{"line":418,"column":60}},"418":{"start":{"line":419,"column":0},"end":{"line":419,"column":22}},"419":{"start":{"line":420,"column":0},"end":{"line":420,"column":84}},"420":{"start":{"line":421,"column":0},"end":{"line":421,"column":23}},"421":{"start":{"line":422,"column":0},"end":{"line":422,"column":92}},"422":{"start":{"line":423,"column":0},"end":{"line":423,"column":26}},"423":{"start":{"line":424,"column":0},"end":{"line":424,"column":47}},"424":{"start":{"line":425,"column":0},"end":{"line":425,"column":56}},"425":{"start":{"line":426,"column":0},"end":{"line":426,"column":75}},"426":{"start":{"line":427,"column":0},"end":{"line":427,"column":82}},"427":{"start":{"line":428,"column":0},"end":{"line":428,"column":26}},"428":{"start":{"line":429,"column":0},"end":{"line":429,"column":20}},"430":{"start":{"line":431,"column":0},"end":{"line":431,"column":23}},"431":{"start":{"line":432,"column":0},"end":{"line":432,"column":46}},"432":{"start":{"line":433,"column":0},"end":{"line":433,"column":23}},"433":{"start":{"line":434,"column":0},"end":{"line":434,"column":35}},"434":{"start":{"line":435,"column":0},"end":{"line":435,"column":85}},"435":{"start":{"line":436,"column":0},"end":{"line":436,"column":24}},"436":{"start":{"line":437,"column":0},"end":{"line":437,"column":49}},"437":{"start":{"line":438,"column":0},"end":{"line":438,"column":55}},"438":{"start":{"line":439,"column":0},"end":{"line":439,"column":28}},"439":{"start":{"line":440,"column":0},"end":{"line":440,"column":39}},"440":{"start":{"line":441,"column":0},"end":{"line":441,"column":46}},"441":{"start":{"line":442,"column":0},"end":{"line":442,"column":75}},"442":{"start":{"line":443,"column":0},"end":{"line":443,"column":24}},"443":{"start":{"line":444,"column":0},"end":{"line":444,"column":47}},"444":{"start":{"line":445,"column":0},"end":{"line":445,"column":28}},"445":{"start":{"line":446,"column":0},"end":{"line":446,"column":96}},"446":{"start":{"line":447,"column":0},"end":{"line":447,"column":24}},"447":{"start":{"line":448,"column":0},"end":{"line":448,"column":22}},"448":{"start":{"line":449,"column":0},"end":{"line":449,"column":63}},"449":{"start":{"line":450,"column":0},"end":{"line":450,"column":87}},"450":{"start":{"line":451,"column":0},"end":{"line":451,"column":71}},"451":{"start":{"line":452,"column":0},"end":{"line":452,"column":61}},"452":{"start":{"line":453,"column":0},"end":{"line":453,"column":47}},"453":{"start":{"line":454,"column":0},"end":{"line":454,"column":31}},"454":{"start":{"line":455,"column":0},"end":{"line":455,"column":33}},"455":{"start":{"line":456,"column":0},"end":{"line":456,"column":32}},"456":{"start":{"line":457,"column":0},"end":{"line":457,"column":68}},"457":{"start":{"line":458,"column":0},"end":{"line":458,"column":28}},"458":{"start":{"line":459,"column":0},"end":{"line":459,"column":35}},"459":{"start":{"line":460,"column":0},"end":{"line":460,"column":39}},"460":{"start":{"line":461,"column":0},"end":{"line":461,"column":60}},"461":{"start":{"line":462,"column":0},"end":{"line":462,"column":37}},"462":{"start":{"line":463,"column":0},"end":{"line":463,"column":40}},"463":{"start":{"line":464,"column":0},"end":{"line":464,"column":26}},"464":{"start":{"line":465,"column":0},"end":{"line":465,"column":25}},"465":{"start":{"line":466,"column":0},"end":{"line":466,"column":31}},"467":{"start":{"line":468,"column":0},"end":{"line":468,"column":53}},"468":{"start":{"line":469,"column":0},"end":{"line":469,"column":61}},"469":{"start":{"line":470,"column":0},"end":{"line":470,"column":47}},"470":{"start":{"line":471,"column":0},"end":{"line":471,"column":31}},"471":{"start":{"line":472,"column":0},"end":{"line":472,"column":33}},"472":{"start":{"line":473,"column":0},"end":{"line":473,"column":32}},"473":{"start":{"line":474,"column":0},"end":{"line":474,"column":137}},"474":{"start":{"line":475,"column":0},"end":{"line":475,"column":32}},"476":{"start":{"line":477,"column":0},"end":{"line":477,"column":38}},"477":{"start":{"line":478,"column":0},"end":{"line":478,"column":24}},"479":{"start":{"line":480,"column":0},"end":{"line":480,"column":23}},"480":{"start":{"line":481,"column":0},"end":{"line":481,"column":46}},"481":{"start":{"line":482,"column":0},"end":{"line":482,"column":23}},"482":{"start":{"line":483,"column":0},"end":{"line":483,"column":46}},"483":{"start":{"line":484,"column":0},"end":{"line":484,"column":93}},"484":{"start":{"line":485,"column":0},"end":{"line":485,"column":24}},"485":{"start":{"line":486,"column":0},"end":{"line":486,"column":22}},"486":{"start":{"line":487,"column":0},"end":{"line":487,"column":47}},"487":{"start":{"line":488,"column":0},"end":{"line":488,"column":49}},"488":{"start":{"line":489,"column":0},"end":{"line":489,"column":75}},"489":{"start":{"line":490,"column":0},"end":{"line":490,"column":107}},"490":{"start":{"line":491,"column":0},"end":{"line":491,"column":51}},"491":{"start":{"line":492,"column":0},"end":{"line":492,"column":159}},"492":{"start":{"line":493,"column":0},"end":{"line":493,"column":27}},"493":{"start":{"line":494,"column":0},"end":{"line":494,"column":101}},"494":{"start":{"line":495,"column":0},"end":{"line":495,"column":26}},"495":{"start":{"line":496,"column":0},"end":{"line":496,"column":21}},"496":{"start":{"line":497,"column":0},"end":{"line":497,"column":106}},"497":{"start":{"line":498,"column":0},"end":{"line":498,"column":22}},"498":{"start":{"line":499,"column":0},"end":{"line":499,"column":24}},"500":{"start":{"line":501,"column":0},"end":{"line":501,"column":41}},"501":{"start":{"line":502,"column":0},"end":{"line":502,"column":25}},"502":{"start":{"line":503,"column":0},"end":{"line":503,"column":48}},"503":{"start":{"line":504,"column":0},"end":{"line":504,"column":46}},"504":{"start":{"line":505,"column":0},"end":{"line":505,"column":76}},"505":{"start":{"line":506,"column":0},"end":{"line":506,"column":24}},"506":{"start":{"line":507,"column":0},"end":{"line":507,"column":65}},"507":{"start":{"line":508,"column":0},"end":{"line":508,"column":60}},"508":{"start":{"line":509,"column":0},"end":{"line":509,"column":61}},"509":{"start":{"line":510,"column":0},"end":{"line":510,"column":47}},"510":{"start":{"line":511,"column":0},"end":{"line":511,"column":31}},"511":{"start":{"line":512,"column":0},"end":{"line":512,"column":33}},"512":{"start":{"line":513,"column":0},"end":{"line":513,"column":32}},"513":{"start":{"line":514,"column":0},"end":{"line":514,"column":27}},"514":{"start":{"line":515,"column":0},"end":{"line":515,"column":39}},"515":{"start":{"line":516,"column":0},"end":{"line":516,"column":33}},"516":{"start":{"line":517,"column":0},"end":{"line":517,"column":94}},"518":{"start":{"line":519,"column":0},"end":{"line":519,"column":72}},"519":{"start":{"line":520,"column":0},"end":{"line":520,"column":40}},"520":{"start":{"line":521,"column":0},"end":{"line":521,"column":24}},"521":{"start":{"line":522,"column":0},"end":{"line":522,"column":32}},"522":{"start":{"line":523,"column":0},"end":{"line":523,"column":40}},"523":{"start":{"line":524,"column":0},"end":{"line":524,"column":26}},"525":{"start":{"line":526,"column":0},"end":{"line":526,"column":25}},"526":{"start":{"line":527,"column":0},"end":{"line":527,"column":48}},"527":{"start":{"line":528,"column":0},"end":{"line":528,"column":51}},"528":{"start":{"line":529,"column":0},"end":{"line":529,"column":80}},"529":{"start":{"line":530,"column":0},"end":{"line":530,"column":24}},"530":{"start":{"line":531,"column":0},"end":{"line":531,"column":48}},"531":{"start":{"line":532,"column":0},"end":{"line":532,"column":27}},"532":{"start":{"line":533,"column":0},"end":{"line":533,"column":29}},"533":{"start":{"line":534,"column":0},"end":{"line":534,"column":28}},"534":{"start":{"line":535,"column":0},"end":{"line":535,"column":40}},"535":{"start":{"line":536,"column":0},"end":{"line":536,"column":38}},"536":{"start":{"line":537,"column":0},"end":{"line":537,"column":29}},"537":{"start":{"line":538,"column":0},"end":{"line":538,"column":30}},"538":{"start":{"line":539,"column":0},"end":{"line":539,"column":29}},"539":{"start":{"line":540,"column":0},"end":{"line":540,"column":47}},"540":{"start":{"line":541,"column":0},"end":{"line":541,"column":44}},"541":{"start":{"line":542,"column":0},"end":{"line":542,"column":46}},"542":{"start":{"line":543,"column":0},"end":{"line":543,"column":59}},"543":{"start":{"line":544,"column":0},"end":{"line":544,"column":31}},"544":{"start":{"line":545,"column":0},"end":{"line":545,"column":27}},"545":{"start":{"line":546,"column":0},"end":{"line":546,"column":30}},"546":{"start":{"line":547,"column":0},"end":{"line":547,"column":28}},"547":{"start":{"line":548,"column":0},"end":{"line":548,"column":24}},"548":{"start":{"line":549,"column":0},"end":{"line":549,"column":26}},"549":{"start":{"line":550,"column":0},"end":{"line":550,"column":20}},"551":{"start":{"line":552,"column":0},"end":{"line":552,"column":23}},"552":{"start":{"line":553,"column":0},"end":{"line":553,"column":46}},"553":{"start":{"line":554,"column":0},"end":{"line":554,"column":45}},"554":{"start":{"line":555,"column":0},"end":{"line":555,"column":84}},"555":{"start":{"line":556,"column":0},"end":{"line":556,"column":22}},"556":{"start":{"line":557,"column":0},"end":{"line":557,"column":46}},"557":{"start":{"line":558,"column":0},"end":{"line":558,"column":25}},"558":{"start":{"line":559,"column":0},"end":{"line":559,"column":27}},"559":{"start":{"line":560,"column":0},"end":{"line":560,"column":26}},"560":{"start":{"line":561,"column":0},"end":{"line":561,"column":39}},"561":{"start":{"line":562,"column":0},"end":{"line":562,"column":44}},"562":{"start":{"line":563,"column":0},"end":{"line":563,"column":38}},"563":{"start":{"line":564,"column":0},"end":{"line":564,"column":27}},"564":{"start":{"line":565,"column":0},"end":{"line":565,"column":28}},"565":{"start":{"line":566,"column":0},"end":{"line":566,"column":27}},"566":{"start":{"line":567,"column":0},"end":{"line":567,"column":53}},"567":{"start":{"line":568,"column":0},"end":{"line":568,"column":51}},"568":{"start":{"line":569,"column":0},"end":{"line":569,"column":55}},"569":{"start":{"line":570,"column":0},"end":{"line":570,"column":30}},"570":{"start":{"line":571,"column":0},"end":{"line":571,"column":53}},"571":{"start":{"line":572,"column":0},"end":{"line":572,"column":84}},"572":{"start":{"line":573,"column":0},"end":{"line":573,"column":36}},"573":{"start":{"line":574,"column":0},"end":{"line":574,"column":31}},"574":{"start":{"line":575,"column":0},"end":{"line":575,"column":81}},"575":{"start":{"line":576,"column":0},"end":{"line":576,"column":29}},"576":{"start":{"line":577,"column":0},"end":{"line":577,"column":25}},"577":{"start":{"line":578,"column":0},"end":{"line":578,"column":28}},"578":{"start":{"line":579,"column":0},"end":{"line":579,"column":26}},"579":{"start":{"line":580,"column":0},"end":{"line":580,"column":22}},"580":{"start":{"line":581,"column":0},"end":{"line":581,"column":24}},"582":{"start":{"line":583,"column":0},"end":{"line":583,"column":45}},"583":{"start":{"line":584,"column":0},"end":{"line":584,"column":25}},"584":{"start":{"line":585,"column":0},"end":{"line":585,"column":48}},"585":{"start":{"line":586,"column":0},"end":{"line":586,"column":48}},"586":{"start":{"line":587,"column":0},"end":{"line":587,"column":84}},"587":{"start":{"line":588,"column":0},"end":{"line":588,"column":24}},"588":{"start":{"line":589,"column":0},"end":{"line":589,"column":49}},"589":{"start":{"line":590,"column":0},"end":{"line":590,"column":50}},"590":{"start":{"line":591,"column":0},"end":{"line":591,"column":61}},"591":{"start":{"line":592,"column":0},"end":{"line":592,"column":30}},"592":{"start":{"line":593,"column":0},"end":{"line":593,"column":69}},"593":{"start":{"line":594,"column":0},"end":{"line":594,"column":65}},"594":{"start":{"line":595,"column":0},"end":{"line":595,"column":33}},"595":{"start":{"line":596,"column":0},"end":{"line":596,"column":57}},"596":{"start":{"line":597,"column":0},"end":{"line":597,"column":54}},"597":{"start":{"line":598,"column":0},"end":{"line":598,"column":165}},"598":{"start":{"line":599,"column":0},"end":{"line":599,"column":34}},"599":{"start":{"line":600,"column":0},"end":{"line":600,"column":54}},"600":{"start":{"line":601,"column":0},"end":{"line":601,"column":140}},"601":{"start":{"line":602,"column":0},"end":{"line":602,"column":34}},"602":{"start":{"line":603,"column":0},"end":{"line":603,"column":34}},"603":{"start":{"line":604,"column":0},"end":{"line":604,"column":106}},"605":{"start":{"line":606,"column":0},"end":{"line":606,"column":37}},"606":{"start":{"line":607,"column":0},"end":{"line":607,"column":32}},"607":{"start":{"line":608,"column":0},"end":{"line":608,"column":40}},"608":{"start":{"line":609,"column":0},"end":{"line":609,"column":75}},"609":{"start":{"line":610,"column":0},"end":{"line":610,"column":95}},"610":{"start":{"line":611,"column":0},"end":{"line":611,"column":41}},"611":{"start":{"line":612,"column":0},"end":{"line":612,"column":123}},"612":{"start":{"line":613,"column":0},"end":{"line":613,"column":65}},"613":{"start":{"line":614,"column":0},"end":{"line":614,"column":73}},"614":{"start":{"line":615,"column":0},"end":{"line":615,"column":71}},"615":{"start":{"line":616,"column":0},"end":{"line":616,"column":59}},"616":{"start":{"line":617,"column":0},"end":{"line":617,"column":128}},"617":{"start":{"line":618,"column":0},"end":{"line":618,"column":41}},"618":{"start":{"line":619,"column":0},"end":{"line":619,"column":49}},"619":{"start":{"line":620,"column":0},"end":{"line":620,"column":37}},"620":{"start":{"line":621,"column":0},"end":{"line":621,"column":52}},"622":{"start":{"line":623,"column":0},"end":{"line":623,"column":73}},"623":{"start":{"line":624,"column":0},"end":{"line":624,"column":59}},"624":{"start":{"line":625,"column":0},"end":{"line":625,"column":43}},"625":{"start":{"line":626,"column":0},"end":{"line":626,"column":45}},"626":{"start":{"line":627,"column":0},"end":{"line":627,"column":44}},"627":{"start":{"line":628,"column":0},"end":{"line":628,"column":72}},"628":{"start":{"line":629,"column":0},"end":{"line":629,"column":142}},"629":{"start":{"line":630,"column":0},"end":{"line":630,"column":51}},"630":{"start":{"line":631,"column":0},"end":{"line":631,"column":131}},"631":{"start":{"line":632,"column":0},"end":{"line":632,"column":39}},"632":{"start":{"line":633,"column":0},"end":{"line":633,"column":43}},"634":{"start":{"line":635,"column":0},"end":{"line":635,"column":68}},"635":{"start":{"line":636,"column":0},"end":{"line":636,"column":73}},"636":{"start":{"line":637,"column":0},"end":{"line":637,"column":59}},"637":{"start":{"line":638,"column":0},"end":{"line":638,"column":43}},"638":{"start":{"line":639,"column":0},"end":{"line":639,"column":45}},"639":{"start":{"line":640,"column":0},"end":{"line":640,"column":44}},"640":{"start":{"line":641,"column":0},"end":{"line":641,"column":164}},"641":{"start":{"line":642,"column":0},"end":{"line":642,"column":44}},"643":{"start":{"line":644,"column":0},"end":{"line":644,"column":50}},"645":{"start":{"line":646,"column":0},"end":{"line":646,"column":67}},"647":{"start":{"line":648,"column":0},"end":{"line":648,"column":30}},"649":{"start":{"line":650,"column":0},"end":{"line":650,"column":23}},"650":{"start":{"line":651,"column":0},"end":{"line":651,"column":24}},"651":{"start":{"line":652,"column":0},"end":{"line":652,"column":26}},"653":{"start":{"line":654,"column":0},"end":{"line":654,"column":15}},"655":{"start":{"line":656,"column":0},"end":{"line":656,"column":18}},"656":{"start":{"line":657,"column":0},"end":{"line":657,"column":12}},"657":{"start":{"line":658,"column":0},"end":{"line":658,"column":10}},"659":{"start":{"line":660,"column":0},"end":{"line":660,"column":1}}},"s":{"0":1,"58":1,"60":1,"61":1,"62":1,"63":1,"64":1,"65":1,"66":1,"68":1,"69":1,"70":1,"71":1,"72":1,"73":1,"75":1,"76":1,"77":1,"79":1,"80":20,"81":20,"82":20,"83":20,"84":20,"85":20,"86":20,"87":20,"88":20,"89":20,"91":1,"92":64,"93":64,"94":64,"95":64,"96":64,"97":64,"98":64,"99":64,"100":64,"101":64,"102":64,"103":64,"104":64,"106":64,"107":20,"108":15,"109":15,"110":64,"112":64,"113":20,"114":20,"115":0,"116":0,"117":0,"118":0,"119":0,"120":0,"121":64,"123":64,"124":20,"125":64,"127":64,"128":35,"129":15,"130":15,"131":15,"132":15,"133":15,"134":15,"135":15,"136":35,"137":35,"138":35,"139":35,"140":35,"141":35,"142":64,"144":64,"145":20,"146":0,"147":0,"148":0,"149":0,"150":0,"151":0,"152":0,"153":0,"154":0,"155":0,"156":0,"157":0,"158":0,"159":0,"160":0,"161":20,"162":64,"164":64,"165":20,"166":64,"168":64,"169":0,"170":0,"172":64,"173":0,"174":0,"175":0,"177":64,"178":0,"179":0,"180":0,"181":0,"182":0,"183":0,"184":0,"185":0,"186":0,"187":0,"188":0,"189":0,"190":0,"191":0,"192":0,"194":64,"195":0,"196":0,"198":64,"200":64,"201":64,"202":64,"203":26,"204":64,"205":64,"207":64,"208":26,"209":26,"210":26,"211":46,"212":46,"213":46,"214":46,"215":46,"216":46,"217":46,"218":26,"219":64,"221":64,"222":26,"223":13,"224":13,"225":13,"226":13,"227":13,"228":13,"230":13,"231":13,"232":26,"233":26,"234":26,"235":64,"237":64,"238":64,"240":64,"241":26,"242":26,"243":30,"244":30,"245":30,"246":30,"247":30,"248":30,"249":26,"250":26,"251":26,"252":64,"254":64,"255":26,"256":26,"257":0,"258":0,"259":0,"260":0,"261":0,"262":0,"263":0,"264":0,"265":0,"266":0,"267":0,"268":0,"269":0,"270":13,"271":46,"272":46,"273":0,"274":0,"275":0,"276":46,"277":46,"278":0,"279":13,"280":64,"282":64,"283":26,"284":7,"285":7,"286":7,"287":46,"288":39,"289":46,"290":46,"291":46,"292":7,"293":7,"294":64,"296":64,"297":64,"298":64,"300":64,"301":64,"303":64,"304":64,"307":64,"308":64,"309":64,"310":64,"311":64,"312":64,"313":108,"314":108,"315":108,"316":108,"317":108,"318":108,"319":108,"321":108,"322":108,"324":64,"325":64,"326":64,"328":64,"329":64,"330":64,"331":64,"332":208,"333":208,"334":208,"335":208,"336":208,"338":208,"339":208,"340":64,"341":64,"342":64,"344":64,"345":64,"346":64,"347":64,"348":64,"349":64,"350":64,"351":64,"352":64,"353":64,"354":64,"356":64,"357":64,"358":64,"359":64,"361":64,"362":64,"363":64,"364":64,"365":64,"366":64,"368":64,"369":64,"370":64,"372":64,"373":64,"374":64,"375":64,"377":64,"378":64,"379":64,"380":64,"383":64,"384":64,"385":64,"386":64,"387":64,"388":64,"389":64,"390":64,"392":64,"393":64,"395":64,"396":64,"397":0,"398":0,"399":0,"400":0,"401":0,"402":0,"403":0,"405":64,"406":64,"408":64,"409":13,"410":13,"411":13,"412":13,"413":13,"414":13,"415":13,"416":13,"417":13,"418":13,"419":13,"420":13,"421":13,"422":13,"423":13,"424":13,"425":13,"426":13,"427":13,"428":13,"430":13,"431":13,"432":13,"433":13,"434":13,"435":13,"436":13,"437":13,"438":13,"439":13,"440":13,"441":13,"442":13,"443":13,"444":13,"445":13,"446":13,"447":13,"448":13,"449":13,"450":0,"451":0,"452":0,"453":0,"454":0,"455":0,"456":0,"457":0,"458":0,"459":0,"460":0,"461":0,"462":0,"463":0,"464":0,"465":0,"467":13,"468":13,"469":13,"470":13,"471":13,"472":13,"473":13,"474":13,"476":13,"477":13,"479":13,"480":13,"481":13,"482":13,"483":13,"484":13,"485":13,"486":13,"487":13,"488":0,"489":0,"490":0,"491":0,"492":0,"493":0,"494":0,"495":13,"496":13,"497":13,"498":13,"500":13,"501":13,"502":13,"503":13,"504":13,"505":13,"506":13,"507":13,"508":13,"509":13,"510":13,"511":13,"512":13,"513":13,"514":13,"515":13,"516":13,"518":13,"519":13,"520":13,"521":13,"522":13,"523":13,"525":13,"526":13,"527":13,"528":13,"529":13,"530":13,"531":13,"532":13,"533":13,"534":13,"535":13,"536":13,"537":13,"538":13,"539":13,"540":24,"541":24,"542":24,"543":24,"544":13,"545":13,"546":13,"547":13,"548":13,"549":13,"551":13,"552":13,"553":13,"554":13,"555":13,"556":13,"557":13,"558":13,"559":13,"560":13,"561":13,"562":13,"563":13,"564":13,"565":13,"566":13,"567":38,"568":38,"569":38,"570":38,"571":0,"572":38,"573":38,"574":38,"575":38,"576":13,"577":13,"578":13,"579":13,"580":13,"582":13,"583":0,"584":0,"585":0,"586":0,"587":0,"588":0,"589":0,"590":0,"591":0,"592":0,"593":0,"594":0,"595":0,"596":0,"597":0,"598":0,"599":0,"600":0,"601":0,"602":0,"603":0,"605":0,"606":0,"607":0,"608":0,"609":0,"610":0,"611":0,"612":0,"613":0,"614":0,"615":0,"616":0,"617":0,"618":0,"619":0,"620":0,"622":0,"623":0,"624":0,"625":0,"626":0,"627":0,"628":0,"629":0,"630":0,"631":0,"632":0,"634":0,"635":0,"636":0,"637":0,"638":0,"639":0,"640":0,"641":0,"643":0,"645":0,"647":0,"649":0,"650":0,"651":0,"653":13,"655":64,"656":64,"657":64,"659":64},"branchMap":{"0":{"type":"branch","line":77,"loc":{"start":{"line":77,"column":2},"end":{"line":77,"column":38}},"locations":[{"start":{"line":77,"column":2},"end":{"line":77,"column":38}}]},"1":{"type":"branch","line":80,"loc":{"start":{"line":80,"column":30},"end":{"line":90,"column":2}},"locations":[{"start":{"line":80,"column":30},"end":{"line":90,"column":2}}]},"2":{"type":"branch","line":92,"loc":{"start":{"line":92,"column":7},"end":{"line":660,"column":1}},"locations":[{"start":{"line":92,"column":7},"end":{"line":660,"column":1}}]},"3":{"type":"branch","line":199,"loc":{"start":{"line":199,"column":26},"end":{"line":199,"column":94}},"locations":[{"start":{"line":199,"column":26},"end":{"line":199,"column":94}}]},"4":{"type":"branch","line":199,"loc":{"start":{"line":199,"column":83},"end":{"line":201,"column":32}},"locations":[{"start":{"line":199,"column":83},"end":{"line":201,"column":32}}]},"5":{"type":"branch","line":201,"loc":{"start":{"line":201,"column":26},"end":{"line":201,"column":40}},"locations":[{"start":{"line":201,"column":26},"end":{"line":201,"column":40}}]},"6":{"type":"branch","line":201,"loc":{"start":{"line":201,"column":40},"end":{"line":201,"column":56}},"locations":[{"start":{"line":201,"column":40},"end":{"line":201,"column":56}}]},"7":{"type":"branch","line":238,"loc":{"start":{"line":238,"column":39},"end":{"line":238,"column":72}},"locations":[{"start":{"line":238,"column":39},"end":{"line":238,"column":72}}]},"8":{"type":"branch","line":238,"loc":{"start":{"line":238,"column":63},"end":{"line":238,"column":97}},"locations":[{"start":{"line":238,"column":63},"end":{"line":238,"column":97}}]},"9":{"type":"branch","line":239,"loc":{"start":{"line":239,"column":38},"end":{"line":239,"column":55}},"locations":[{"start":{"line":239,"column":38},"end":{"line":239,"column":55}}]},"10":{"type":"branch","line":239,"loc":{"start":{"line":239,"column":49},"end":{"line":239,"column":61}},"locations":[{"start":{"line":239,"column":49},"end":{"line":239,"column":61}}]},"11":{"type":"branch","line":299,"loc":{"start":{"line":299,"column":38},"end":{"line":299,"column":59}},"locations":[{"start":{"line":299,"column":38},"end":{"line":299,"column":59}}]},"12":{"type":"branch","line":299,"loc":{"start":{"line":299,"column":48},"end":{"line":299,"column":63}},"locations":[{"start":{"line":299,"column":48},"end":{"line":299,"column":63}}]},"13":{"type":"branch","line":302,"loc":{"start":{"line":302,"column":38},"end":{"line":302,"column":62}},"locations":[{"start":{"line":302,"column":38},"end":{"line":302,"column":62}}]},"14":{"type":"branch","line":302,"loc":{"start":{"line":302,"column":51},"end":{"line":302,"column":66}},"locations":[{"start":{"line":302,"column":51},"end":{"line":302,"column":66}}]},"15":{"type":"branch","line":360,"loc":{"start":{"line":360,"column":40},"end":{"line":360,"column":62}},"locations":[{"start":{"line":360,"column":40},"end":{"line":360,"column":62}}]},"16":{"type":"branch","line":360,"loc":{"start":{"line":360,"column":51},"end":{"line":360,"column":66}},"locations":[{"start":{"line":360,"column":51},"end":{"line":360,"column":66}}]},"17":{"type":"branch","line":364,"loc":{"start":{"line":364,"column":34},"end":{"line":364,"column":61}},"locations":[{"start":{"line":364,"column":34},"end":{"line":364,"column":61}}]},"18":{"type":"branch","line":364,"loc":{"start":{"line":364,"column":50},"end":{"line":364,"column":64}},"locations":[{"start":{"line":364,"column":50},"end":{"line":364,"column":64}}]},"19":{"type":"branch","line":393,"loc":{"start":{"line":393,"column":42},"end":{"line":393,"column":84}},"locations":[{"start":{"line":393,"column":42},"end":{"line":393,"column":84}}]},"20":{"type":"branch","line":393,"loc":{"start":{"line":393,"column":54},"end":{"line":393,"column":86}},"locations":[{"start":{"line":393,"column":54},"end":{"line":393,"column":86}}]},"21":{"type":"branch","line":394,"loc":{"start":{"line":394,"column":10},"end":{"line":394,"column":85}},"locations":[{"start":{
[...]
65,"58":15,"59":15,"60":15,"61":15,"62":15,"63":15,"64":65,"66":65,"67":30,"68":15,"69":15,"70":65,"72":65,"73":0,"74":0,"75":0,"76":0,"77":0,"78":0,"79":0,"81":0,"82":0,"83":0,"84":0,"85":0,"87":0,"88":0,"89":0,"90":0,"91":0,"92":0,"93":0,"94":0,"95":0,"96":0,"97":0,"98":0,"99":0,"101":65,"102":30,"103":21,"104":21,"105":21,"106":21,"107":4,"108":30,"109":65,"111":65,"112":30,"113":30,"114":4,"115":4,"116":4,"117":30,"118":30,"119":30,"120":30,"121":65,"123":65,"124":30,"125":30,"126":30,"127":4,"128":4,"129":4,"130":30,"131":30,"132":65,"134":65,"135":4,"136":4,"137":4,"138":4,"139":4,"140":4,"141":4,"142":4,"143":4,"144":0,"145":4,"146":4,"147":4,"148":4,"149":4,"150":4,"151":4,"152":4,"154":65,"155":65,"156":65,"157":65,"158":65,"159":65,"160":65,"161":65,"162":65,"164":65,"165":65,"167":65,"168":65,"170":65,"172":65,"173":65,"174":65,"175":65,"176":65,"177":65,"179":65,"180":65,"181":64,"182":64,"183":64,"184":65,"185":65,"186":65,"187":65,"188":65,"189":65,"190":65,"191":65,"193":65,"194":65,"195":68,"196":68,"197":68,"198":65,"199":65,"200":65,"201":65,"202":65,"203":65,"204":65,"205":65,"206":320,"207":320,"208":320,"209":65,"210":65,"211":65,"212":65,"213":65,"214":65,"215":65,"216":65,"217":65,"218":65,"219":65,"220":65,"221":65,"223":65,"225":65,"226":64,"227":64,"228":64,"229":64,"230":64,"231":64,"232":64,"234":64,"235":64,"236":68,"237":68,"238":68,"239":64,"240":64,"241":64,"242":64,"243":64,"244":64,"245":64,"246":64,"247":64,"248":64,"249":64,"250":64,"251":64,"252":64,"253":64,"254":64,"255":64,"256":64,"257":64,"258":64,"259":64,"260":64,"261":64,"263":64,"264":64,"265":64,"266":64,"267":64,"268":64,"269":64,"270":30,"271":30,"272":30,"274":64,"276":64,"277":64,"278":64,"279":64,"280":64,"281":64,"282":64,"283":64,"284":64,"287":65,"288":65,"289":65,"290":65,"291":65,"292":65,"293":65,"294":65,"295":4,"296":4,"297":4,"298":4,"299":8,"300":8,"301":8,"302":4,"303":4,"304":4,"305":4,"306":4,"307":4,"308":4,"309":4,"310":4,"311":4,"312":4,"313":4,"314":4,"315":4,"316":4,"317":4,"318":4,"319":4,"320":4,"321":4,"322":4,"323":4,"324":4,"326":4,"327":4,"328":4,"329":65,"330":65,"331":65,"332":65,"333":65,"335":65},"branchMap":{"0":{"type":"branch","line":14,"loc":{"start":{"line":14,"column":20},"end":{"line":17,"column":2}},"locations":[{"start":{"line":14,"column":20},"end":{"line":17,"column":2}}]},"1":{"type":"branch","line":16,"loc":{"start":{"line":16,"column":28},"end":{"line":16,"column":38}},"locations":[{"start":{"line":16,"column":28},"end":{"line":16,"column":38}}]},"2":{"type":"branch","line":19,"loc":{"start":{"line":19,"column":25},"end":{"line":24,"column":2}},"locations":[{"start":{"line":19,"column":25},"end":{"line":24,"column":2}}]},"3":{"type":"branch","line":22,"loc":{"start":{"line":22,"column":36},"end":{"line":24,"column":2}},"locations":[{"start":{"line":22,"column":36},"end":{"line":24,"column":2}}]},"4":{"type":"branch","line":32,"loc":{"start":{"line":32,"column":7},"end":{"line":336,"column":1}},"locations":[{"start":{"line":32,"column":7},"end":{"line":336,"column":1}}]},"5":{"type":"branch","line":177,"loc":{"start":{"line":177,"column":27},"end":{"line":177,"column":51}},"locations":[{"start":{"line":177,"column":27},"end":{"line":177,"column":51}}]},"6":{"type":"branch","line":191,"loc":{"start":{"line":191,"column":29},"end":{"line":191,"column":50}},"locations":[{"start":{"line":191,"column":29},"end":{"line":191,"column":50}}]},"7":{"type":"branch","line":224,"loc":{"start":{"line":224,"column":8},"end":{"line":224,"column":85}},"locations":[{"start":{"line":224,"column":8},"end":{"line":224,"column":85}}]},"8":{"type":"branch","line":226,"loc":{"start":{"line":226,"column":7},"end":{"line":285,"column":14}},"locations":[{"start":{"line":226,"column":7},"end":{"line":285,"column":14}}]},"9":{"type":"branch","line":232,"loc":{"start":{"line":232,"column":29},"end":{"line":232,"column":50}},"locations":[{"start":{"line":232,"column":29},"end":{"line":232,"column":50}}]},"10":{"type":"branch","line":265,"loc":{"start":{"line":265,"column":25},"end":{"line":265,"column":103}},"locations":[{"start":{"line":265,"column":25},"end":{"line":265,"column":103}}]},"11":{"type":"branch","line":266,"loc":{"start":{"line":266,"column":17},"end":{"line":266,"column":63}},"locations":[{"start":{"line":266,"column":17},"end":{"line":266,"column":63}}]},"12":{"type":"branch","line":267,"loc":{"start":{"line":267,"column":17},"end":{"line":267,"column":59}},"locations":[{"start":{"line":267,"column":17},"end":{"line":267,"column":59}}]},"13":{"type":"branch","line":270,"loc":{"start":{"line":270,"column":13},"end":{"line":273,"column":18}},"locations":[{"start":{"line":270,"column":13},"end":{"line":273,"column":18}}]},"14":{"type":"branch","line":272,"loc":{"start":{"line":272,"column":80},"end":{"line":272,"column":111}},"locations":[{"start":{"line":272,"column":80},"end":{"line":272,"column":111}}]},"15":{"type":"branch","line":331,"loc":{"start":{"line":331,"column":31},"end":{"line":331,"column":99}},"locations":[{"start":{"line":331,"column":31},"end":{"line":331,"column":99}}]},"16":{"type":"branch","line":44,"loc":{"start":{"line":44,"column":12},"end":{"line":56,"column":5}},"locations":[{"start":{"line":44,"column":12},"end":{"line":56,"column":5}}]},"17":{"type":"branch","line":51,"loc":{"start":{"line":51,"column":4},"end":{"line":55,"column":5}},"locations":[{"start":{"line":51,"column":4},"end":{"line":55,"column":5}}]},"18":{"type":"branch","line":46,"loc":{"start":{"line":46,"column":74},"end":{"line":50,"column":7}},"locations":[{"start":{"line":46,"column":74},"end":{"line":50,"column":7}}]},"19":{"type":"branch","line":48,"loc":{"start":{"line":48,"column":29},"end":{"line":48,"column":58}},"locations":[{"start":{"line":48,"column":29},"end":{"line":48,"column":58}}]},"20":{"type":"branch","line":48,"loc":{"start":{"line":48,"column":56},"end":{"line":49,"column":36}},"locations":[{"start":{"line":48,"column":56},"end":{"line":49,"column":36}}]},"21":{"type":"branch","line":58,"loc":{"start":{"line":58,"column":12},"end":{"line":65,"column":5}},"locations":[{"start":{"line":58,"column":12},"end":{"line":65,"column":5}}]},"22":{"type":"branch","line":59,"loc":{"start":{"line":59,"column":27},"end":{"line":59,"column":34}},"locations":[{"start":{"line":59,"column":27},"end":{"line":59,"column":34}}]},"23":{"type":"branch","line":63,"loc":{"start":{"line":63,"column":12},"end":{"line":63,"column":40}},"locations":[{"start":{"line":63,"column":12},"end":{"line":63,"column":40}}]},"24":{"type":"branch","line":67,"loc":{"start":{"line":67,"column":12},"end":{"line":71,"column":5}},"locations":[{"start":{"line":67,"column":12},"end":{"line":71,"column":5}}]},"25":{"type":"branch","line":68,"loc":{"start":{"line":68,"column":22},"end":{"line":70,"column":5}},"locations":[{"start":{"line":68,"column":22},"end":{"line":70,"column":5}}]},"26":{"type":"branch","line":102,"loc":{"start":{"line":102,"column":32},"end":{"line":110,"column":5}},"locations":[{"start":{"line":102,"column":32},"end":{"line":110,"column":5}}]},"27":{"type":"branch","line":103,"loc":{"start":{"line":103,"column":24},"end":{"line":109,"column":5}},"locations":[{"start":{"line":103,"column":24},"end":{"line":109,"column":5}}]},"28":{"type":"branch","line":104,"loc":{"start":{"line":104,"column":10},"end":{"line":104,"column":56}},"locations":[{"start":{"line":104,"column":10},"end":{"line":104,"column":56}}]},"29":{"type":"branch","line":104,"loc":{"start":{"line":104,"column":39},"end":{"line":104,"column":94}},"locations":[{"start":{"line":104,"column":39},"end":{"line":104,"column":94}}]},"30":{"type":"branch","line":104,"loc":{"start":{"line":104,"column":94},"end":{"line":104,"column":107}},"locations":[{"start":{"line":104,"column":94},"end":{"line":104,"column":107}}]},"31":{"type":"branch","line":104,"loc":{"start":{"line":104,"column":101},"end":{"line":105,"column":28}},"locations":[{"start":{"line":104,"column":101},"end":{"line":105,"column":28}}]},"32":{"type":"branch","line":105,"loc":{"start":{"line":105,"column":10},"end":{"line":105,"column":78}},"locations":[{"start":{"line":105,"column":10},"end":{"line":105,"column":78}}]},"33":{"type":"branch","line":105,"loc":{"start":{"line":105,"column":78},"end":{"line":105,"column":91}},"locations":[{"start":{"line":105,"column":78},"end":{"line":105,"column":91}}]},"34":{"type":"branch","line":105,"loc":{"start":{"line":105,"column":85},"end":{"line":106,"column":19}},"locations":[{"start":{"line":105,"column":85},"end":{"line":106,"column":19}}]},"35":{"type":"branch","line":106,"loc":{"start":{"line":106,"column":10},"end":{"line":106,"column":43}},"locations":[{"start":{"line":106,"column":10},"end":{"line":106,"column":43}}]},"36":{"type":"branch","line":106,"loc":{"start":{"line":106,"column":43},"end":{"line":106,"column":56}},"locations":[{"start":{"line":106,"column":43},"end":{"line":106,"column":56}}]},"37":{"type":"branch","line":106,"loc":{"start":{"line":106,"column":50},"end":{"line":107,"column":17}},"locations":[{"start":{"line":106,"column":50},"end":{"line":107,"column":17}}]},"38":{"type":"branch","line":107,"loc":{"start":{"line":107,"column":10},"end":{"line":107,"column":39}},"locations":[{"start":{"line":107,"column":10},"end":{"line":107,"column":39}}]},"39":{"type":"branch","line":107,"loc":{"start":{"line":107,"column":39},"end":{"line":107,"column":52}},"locations":[{"start":{"line":107,"column":39},"end":{"line":107,"column":52}}]},"40":{"type":"branch","line":107,"loc":{"start":{"line":107,"column":46},"end":{"line":108,"column":18}},"locations":[{"start":{"line":107,"column":46},"end":{"line":108,"column":18}}]},"41":{"type":"branch","line":112,"loc":{"start":{"line":112,"column":27},"end":{"line":122,"column":5}},"locations":[{"start":{"line":112,"column":27},"end":{"line":122,"column":5}}]},"42":{"type":"branch","line":114,"loc":{"start":{"line":114,"column":26},"end":{"line":118,"column":5}},"locations":[{"start":{"line":114,"column":26},"end":{"line":118,"column":5}}]},"43":{"type":"branch","line":119,"loc":{"start":{"line":119,"column":34},"end":{"line":119,"column":107}},"locations":[{"start":{"line":119,"column":34},"end":{"line":119,"column":107}}]},"44":{"type":"branch","line":120,"loc":{"start":{"line":120,"column":50},"end":{"line":120,"column":76}},"locations":[{"start":{"line":120,"column":50},"end":{"line":120,"column":76}}]},"45":{"type":"branch","line":120,"loc":{"start":{"line":120,"column":65},"end":{"line":120,"column":74}},"locations":[{"start":{"line":120,"column":65},"end":{"line":120,"column":74}}]},"46":{"type":"branch","line":121,"loc":{"start":{"line":121,"column":28},"end":{"line":121,"column":106}},"locations":[{"start":{"line":121,"column":28},"end":{"line":121,"column":106}}]},"47":{"type":"branch","line":124,"loc":{"start":{"line":124,"column":26},"end":{"line":133,"column":5}},"locations":[{"start":{"line":124,"column":26},"end":{"line":133,"column":5}}]},"48":{"type":"branch","line":127,"loc":{"start":{"line":127,"column":26},"end":{"line":131,"column":5}},"locations":[{"start":{"line":127,"column":26},"end":{"line":131,"column":5}}]},"49":{"type":"branch","line":135,"loc":{"start":{"line":135,"column":24},"end":{"line":153,"column":4}},"locations":[{"start":{"line":135,"column":24},"end":{"line":153,"column":4}}]},"50":{"type":"branch","line":136,"loc":{"start":{"line":136,"column":25},"end":{"line":136,"column":47}},"locations":[{"start":{"line":136,"column":25},"end":{"line":136,"column":47}}]},"51":{"type":"branch","line":149,"loc":{"start":{"line":149,"column":81},"end":{"line":149,"column":91}},"locations":[{"start":{"line":149,"column":81},"end":{"line":149,"column":91}}]},"52":{"type":"branch","line":150,"loc":{"start":{"line":150,"column":42},"end":{"line":150,"column":50}},"locations":[{"start":{"line":150,"column":42},"end":{"line":150,"column":50}}]},"53":{"type":"branch","line":151,"loc":{"start":{"line":151,"column":6},"end":{"line":151,"column":57}},"locations":[{"start":{"line":151,"column":6},"end":{"line":151,"column":57}}]},"54":{"type":"branch","line":143,"loc":{"start":{"line":143,"column":32},"end":{"line":147,"column":7}},"locations":[{"start":{"line":143,"column":32},"end":{"line":147,"column":7}}]},"55":{"type":"branch","line":144,"loc":{"start":{"line":144,"column":28},"end":{"line":146,"column":33}},"locations":[{"start":{"line":144,"column":28},"end":{"line":146,"column":33}}]},"56":{"type":"branch","line":146,"loc":{"start":{"line":146,"column":26},"end":{"line":146,"column":37}},"locations":[{"start":{"line":146,"column":26},"end":{"line":146,"column":37}}]},"57":{"type":"branch","line":181,"loc":{"start":{"line":181,"column":30},"end":{"line":184,"column":25}},"locations":[{"start":{"line":181,"column":30},"end":{"line":184,"column":25}}]},"58":{"type":"branch","line":195,"loc":{"start":{"line":195,"column":28},"end":{"line":198,"column":27}},"locations":[{"start":{"line":195,"column":28},"end":{"line":198,"column":27}}]},"59":{"type":"branch","line":197,"loc":{"start":{"line":197,"column":52},"end":{"line":197,"column":73}},"locations":[{"start":{"line":197,"column":52},"end":{"line":197,"column":73}}]},"60":{"type":"branch","line":197,"loc":{"start":{"line":197,"column":79},"end":{"line":197,"column":101}},"locations":[{"start":{"line":197,"column":79},"end":{"line":197,"column":101}}]},"61":{"type":"branch","line":206,"loc":{"start":{"line":206,"column":53},"end":{"line":209,"column":27}},"locations":[{"start":{"line":206,"column":53},"end":{"line":209,"column":27}}]},"62":{"type":"branch","line":236,"loc":{"start":{"line":236,"column":28},"end":{"line":239,"column":27}},"locations":[{"start":{"line":236,"column":28},"end":{"line":239,"column":27}}]},"63":{"type":"branch","line":238,"loc":{"start":{"line":238,"column":52},"end":{"line":238,"column":73}},"locations":[{"start":{"line":238,"column":52},"end":{"line":238,"column":73}}]},"64":{"type":"branch","line":238,"loc":{"start":{"line":238,"column":79},"end":{"line":238,"column":101}},"locations":[{"start":{"line":238,"column":79},"end":{"line":238,"column":101}}]},"65":{"type":"branch","line":257,"loc":{"start":{"line":257,"column":26},"end":{"line":257,"column":58}},"locations":[{"start":{"line":257,"column":26},"end":{"line":257,"column":58}}]},"66":{"type":"branch","line":272,"loc":{"start":{"line":272,"column":48},"end":{"line":272,"column":77}},"locations":[{"start":{"line":272,"column":48},"end":{"line":272,"column":77}}]},"67":{"type":"branch","line":295,"loc":{"start":{"line":295,"column":24},"end":{"line":329,"column":18}},"locations":[{"start":{"line":295,"column":24},"end":{"line":329,"column":18}}]},"68":{"type":"branch","line":299,"loc":{"start":{"line":299,"column":52},"end":{"line":302,"column":25}},"locations":[{"start":{"line":299,"column":52},"end":{"line":302,"column":25}}]},"69":{"type":"branch","line":306,"loc":{"start":{"line":306,"column":37},"end":{"line":327,"column":17}},"locations":[{"start":{"line":306,"column":37},"end":{"line":327,"column":17}}]},"70":{"type":"branch","line":314,"loc":{"start":{"line":314,"column":81},"end":{"line":314,"column":100}},"locations":[{"start":{"line":314,"column":81},"end":{"line":314,"column":100}}]},"71":{"type":"branch","line":314,"loc":{"start":{"line":314,"column":100},"end":{"line":314,"column":138}},"locations":[{"start":{"line":314,"column":100},"end":{"line":314,"column":138}}]},"72":{"type":"branch","line":314,"loc":{"start":{"line":314,"column":121},"end":{"line":314,"column":148}},"locations":[{"start":{"line":314,"column":121},"end":{"line":314,"column":148}}]},"73":{"type":"branch","line":318,"loc":{"start":{"line":318,"column":63},"end":{"line":318,"column":73}},"locations":[{"start":{"line":318,"column":63},"end":{"line":318,"column":73}}]},"74":{"type":"branch","line":322,"loc":{"start":{"line":322,"column":83},"end":{"line":322,"column":117}},"locations":[{"start":{"line":322,"column":83},"end":{"line":322,"column":117}}]}},"b":{"0":[16],"1":[0],"2":[4],"3":[0],"4":[65],"5":[0],"6":[34],"7":[0],"8":[64],"9":[34],"10":[34],"11":[0],"12":[0],"13":[30],"14":[1],"15":[62],"16":[15],"17":[0],"18":[15],"19":[11],"20":[4],"21":[15],"22":[0],"23":[15],"24":[30],"25":[15],"26":[30],"27":[21],"28":[18],"29":[17],"30":[17],"31":[4],"32":[0],"33":[0],"34":[4],"35":[0],"36":[0],"37":[4],"38":[0],"39":[0],"40":[4],"41":[30],"42":[4],"43":[4],"44":[2],"45":[0],"46":[4],"47":[30],"48":[4],"49":[4],"50":[0],"51":[0],"52":[0],"53":[0],"54":[4],"55":[0],"56":[0],"57":[64],"58":[68],"59":[0],"60":[5],"61":[320],"62":[68],"63":[0],"64":[5],"65":[19],"66":[30],"67":[4],"68":[8],"69":[4],"70":[0],"71":[0],"72":[0],"73":[0],"74":[0]},"fnMap":{"0":{"name":"parseNumber","decl":{"start":{"line":14,"column":20},"end":{"line":17,"column":2}},"loc":{"start":{"line":14,"column":20},"end":{"line":17,"column":2}},"line":14},"1":{"name":"formatMonthLabel","decl":{"start":{"line":19,"column":25},"end":{"line":24,"column":2}},"loc":{"start":{"line":19,"column":25},"end":{"line":24,"column":2}},"line":19},"2":{"name":"ReadingsPage","decl":{"start":{"line":32,"column":7},"end":{"line":336,"column":1}},"loc":{"start":{"line":32,"column":7},"end":{"line":336,"column":1}},"line":32},"3":{"name":"addReading","decl":{"start":{"line":73,"column":21},"end":{"line":100,"column":4}},"loc":{"start":{"line":73,"column":21},"end":{"line":100,"column":4}},"line":73},"4":{"name":"monthInsights","decl":{"start":{"line":135,"column":24},"end":{"line":153,"column":4}},"loc":{"start":{"line":135,"column":24},"end":{"line":153,"column":4}},"line":135},"5":{"name":"onClick","decl":{"start":{"line":166,"column":43},"end":{"line":166,"column":105}},"loc":{"start":{"line":166,"column":43},"end":{"line":166,"column":105}},"line":166},"6":{"name":"onChange","decl":{"start":{"line":177,"column":61},"end":{"line":177,"column":110}},"loc":{"start":{"line":177,"column":61},"end":{"line":177,"column":110}},"line":177},"7":{"name":"onChange","decl":{"start":{"line":191,"column":60},"end":{"line":191,"column":109}},"loc":{"start":{"line":191,"column":60},"end":{"line":191,"column":109}},"line":191},"8":{"name":"onChange","decl":{"start":{"line":204,"column":55},"end":{"line":204,"column":97}},"loc":{"start":{"line":204,"column":55},"end":{"line":204,"column":97}},"line":204},"9":{"name":"onChange","decl":{"start":{"line":216,"column":59},"end":{"line":216,"column":92}},"loc":{"start":{"line":216,"column":59},"end":{"line":216,"column":92}},"line":216},"10":{"name":"onChange","decl":{"start":{"line":217,"column":57},"end":{"line":217,"column":88}},"loc":{"start":{"line":217,"column":57},"end":{"line":217,"column":88}},"line":217},"11":{"name":"onChange","decl":{"start":{"line":232,"column":60},"end":{"line":232,"column":109}},"loc":{"start":{"line":232,"column":60},"end":{"line":232,"column":109}},"line":232},"12":{"name":"onChange","decl":{"start":{"line":247,"column":26},"end":{"line":247,"column":64}},"loc":{"start":{"line":247,"column":26},"end":{"line":247,"column":64}},"line":247},"13":{"name":"onChange","decl":{"start":{"line":257,"column":26},"end":{"line":257,"column":58}},"loc":{"start":{"line":257,"column":26},"end":{"line":257,"column":58}},"line":257}},"f":{"0":16,"1":4,"2":65,"3":0,"4":4,"5":0,"6":0,"7":0,"8":0,"9":0,"10":0,"11":0,"12":0,"13":19}}
,"/home/vika/study/EnergoBoard/frontend/src/pages/index.ts": {"path":"/home/vika/study/EnergoBoard/frontend/src/pages/index.ts","all":true,"statementMap":{"0":{"start":{"line":1,"column":0},"end":{"line":1,"column":38}}},"s":{"0":0},"branchMap":{"0":{"type":"branch","line":1,"loc":{"start":{"line":1,"column":269},"end":{"line":6,"column":48}},"locations":[{"start":{"line":1,"column":269},"end":{"line":6,"column":48}}]}},"b":{"0":[0]},"fnMap":{"0":{"name":"(empty-report)","decl":{"start":{"line":1,"column":269},"end":{"line":6,"column":48}},"loc":{"start":{"line":1,"column":269},"end":{"line":6,"column":48}},"line":1}},"f":{"0":0}}
}
